2026-01-05 22:33:53,250 [INFO   ] --- [Quick Strike Scanner v5.1 Started for SW] ---
2026-01-05 22:33:54,501 [INFO   ] Data loaded from fixed start date: 2020-01-01
2026-01-05 22:34:26,874 [INFO   ] [32m!!! BUY SIGNAL on 2025-12-31 at $38.67 !!!
2026-01-05 22:34:26,875 [INFO   ] [32m!!! SELL: Retracement Stop (Max Up: 2.86%) | Profit: 1.43% !!!
2026-01-05 22:34:26,932 [INFO   ] [32m!!! BUY SIGNAL on 2026-01-05 at $40.07 !!!
2026-01-05 22:34:26,932 [INFO   ] 
============================================================
2026-01-05 22:34:26,932 [INFO   ] Total Trades: 1 | Win Rate: 100.00% | Avg P/L: 1.43%
2026-01-05 22:34:26,932 [INFO   ] [36mSimulated Account ($10k start): $10,142.88 (Total Return: 1.43%)
2026-01-05 22:34:26,945 [INFO   ] 
| entry_date          | exit_date           | match_name      | exit_reason                      |   profit_pct |
|:--------------------|:--------------------|:----------------|:---------------------------------|-------------:|
| 2025-12-31 00:00:00 | 2026-01-02 00:00:00 | L_CSCO_m90_ramp | Retracement Stop (Max Up: 2.86%) |      1.42876 |
2026-01-05 22:34:26,945 [INFO   ] 
============================================================
2026-01-05 22:34:26,945 [INFO   ] [32m[1m--- [STRATEGY VERDICT: PROFITABLE] ---
2026-01-05 22:34:26,945 [INFO   ] ============================================================
2026-01-05 22:34:26,945 [INFO   ] [1m[32m
--- [LIVE STATUS] ---
2026-01-05 22:34:26,945 [INFO   ] The simulation finished while IN A TRADE.
2026-01-05 22:34:26,945 [INFO   ] Entry Date: 2026-01-05
2026-01-05 22:34:26,945 [INFO   ] Entry Price: $40.07
2026-01-05 22:34:26,945 [INFO   ] This is a potential LIVE BUY SIGNAL.
2026-01-05 22:34:26,945 [INFO   ] Renaming log file to indicate active trade...
