2026-01-05 05:47:54,702 [INFO   ] --- [Quick Strike Scanner v5.1 Started for CAKE] ---
2026-01-05 05:47:55,365 [INFO   ] Data loaded from fixed start date: 2020-01-01
2026-01-05 05:48:29,328 [INFO   ] [32m!!! BUY SIGNAL on 2025-12-30 at $50.01 !!!
2026-01-05 05:48:29,328 [INFO   ] [32m!!! SELL: Break Even Stop | Profit: 0.00% !!!
2026-01-05 05:48:29,444 [INFO   ] [32m!!! BUY SIGNAL on 2026-01-02 at $52.81 !!!
2026-01-05 05:48:29,444 [INFO   ] 
============================================================
2026-01-05 05:48:29,444 [INFO   ] Total Trades: 1 | Win Rate: 0.00% | Avg P/L: 0.00%
2026-01-05 05:48:29,444 [INFO   ] [36mSimulated Account ($10k start): $10,000.00 (Total Return: 0.00%)
2026-01-05 05:48:29,450 [INFO   ] 
| entry_date          | exit_date           | match_name      | exit_reason     |   profit_pct |
|:--------------------|:--------------------|:----------------|:----------------|-------------:|
| 2025-12-30 00:00:00 | 2025-12-31 00:00:00 | L_CSCO_m90_ramp | Break Even Stop |            0 |
2026-01-05 05:48:29,450 [INFO   ] 
============================================================
2026-01-05 05:48:29,450 [INFO   ] [31m[1m--- [STRATEGY VERDICT: BLACK SHEEP] ---
2026-01-05 05:48:29,450 [INFO   ] ============================================================
2026-01-05 05:48:29,450 [INFO   ] [1m[32m
--- [LIVE STATUS] ---
2026-01-05 05:48:29,450 [INFO   ] The simulation finished while IN A TRADE.
2026-01-05 05:48:29,450 [INFO   ] Entry Date: 2026-01-02
2026-01-05 05:48:29,451 [INFO   ] Entry Price: $52.81
2026-01-05 05:48:29,451 [INFO   ] This is a potential LIVE BUY SIGNAL.
2026-01-05 05:48:29,451 [INFO   ] Renaming log file to indicate active trade...
