2026-01-05 11:44:03,317 [INFO   ] --- [Quick Strike Scanner v5.1 Started for GSM] ---
2026-01-05 11:44:03,855 [INFO   ] Data loaded from fixed start date: 2020-01-01
2026-01-05 11:44:35,437 [INFO   ] [32m!!! BUY SIGNAL on 2023-06-27 at $4.81 !!!
2026-01-05 11:44:35,437 [INFO   ] [31m!!! SELL: Stop Loss (-5.0%) | Profit: -5.00% !!!
2026-01-05 11:44:35,537 [INFO   ] [32m!!! BUY SIGNAL on 2025-05-23 at $3.79 !!!
2026-01-05 11:44:35,538 [INFO   ] [32m!!! SELL: Retracement Stop (Max Up: 3.39%) | Profit: 1.70% !!!
2026-01-05 11:44:35,619 [INFO   ] [32m!!! BUY SIGNAL on 2025-07-22 at $4.71 !!!
2026-01-05 11:44:35,619 [INFO   ] [31m!!! SELL: Stop Loss (-5.0%) | Profit: -5.00% !!!
2026-01-05 11:44:35,699 [INFO   ] [32m!!! BUY SIGNAL on 2025-12-30 at $4.62 !!!
2026-01-05 11:44:35,699 [INFO   ] [32m!!! SELL: Break Even Stop | Profit: 0.00% !!!
2026-01-05 11:44:35,781 [INFO   ] [32m!!! BUY SIGNAL on 2026-01-02 at $4.59 !!!
2026-01-05 11:44:35,781 [INFO   ] 
============================================================
2026-01-05 11:44:35,781 [INFO   ] Total Trades: 4 | Win Rate: 25.00% | Avg P/L: -2.08%
2026-01-05 11:44:35,781 [INFO   ] [36mSimulated Account ($10k start): $9,178.17 (Total Return: -8.22%)
2026-01-05 11:44:35,788 [INFO   ] 
| entry_date          | exit_date           | match_name          | exit_reason                      |   profit_pct |
|:--------------------|:--------------------|:--------------------|:---------------------------------|-------------:|
| 2023-06-27 00:00:00 | 2023-07-06 00:00:00 | C_SOL_20210204_m60  | Stop Loss (-5.0%)                |     -5       |
| 2025-05-23 00:00:00 | 2025-05-27 00:00:00 | C_SOL_20210204_m60  | Retracement Stop (Max Up: 3.39%) |      1.69713 |
| 2025-07-22 00:00:00 | 2025-07-25 00:00:00 | C_PTON_20200529_m15 | Stop Loss (-5.0%)                |     -5       |
| 2025-12-30 00:00:00 | 2025-12-31 00:00:00 | L_DOGE-USD_m30_ramp | Break Even Stop                  |      0       |
2026-01-05 11:44:35,788 [INFO   ] 
============================================================
2026-01-05 11:44:35,788 [INFO   ] [31m[1m--- [STRATEGY VERDICT: BLACK SHEEP] ---
2026-01-05 11:44:35,788 [INFO   ] ============================================================
2026-01-05 11:44:35,788 [INFO   ] [1m[32m
--- [LIVE STATUS] ---
2026-01-05 11:44:35,788 [INFO   ] The simulation finished while IN A TRADE.
2026-01-05 11:44:35,788 [INFO   ] Entry Date: 2026-01-02
2026-01-05 11:44:35,788 [INFO   ] Entry Price: $4.59
2026-01-05 11:44:35,788 [INFO   ] This is a potential LIVE BUY SIGNAL.
2026-01-05 11:44:35,788 [INFO   ] Renaming log file to indicate active trade...
