2026-01-05 16:33:56,639 [INFO   ] --- [Quick Strike Scanner v5.1 Started for NBY] ---
2026-01-05 16:33:57,931 [INFO   ] Data loaded from fixed start date: 2020-01-01
2026-01-05 16:34:31,188 [INFO   ] [32m!!! BUY SIGNAL on 2025-12-31 at $5.64 !!!
2026-01-05 16:34:31,188 [INFO   ] [32m!!! SELL: Retracement Stop (Max Up: 11.70%) | Profit: 5.85% !!!
2026-01-05 16:34:31,238 [INFO   ] [32m!!! BUY SIGNAL on 2026-01-05 at $5.70 !!!
2026-01-05 16:34:31,238 [INFO   ] 
============================================================
2026-01-05 16:34:31,238 [INFO   ] Total Trades: 1 | Win Rate: 100.00% | Avg P/L: 5.85%
2026-01-05 16:34:31,238 [INFO   ] [36mSimulated Account ($10k start): $10,585.11 (Total Return: 5.85%)
2026-01-05 16:34:31,245 [INFO   ] 
| entry_date          | exit_date           | match_name      | exit_reason                       |   profit_pct |
|:--------------------|:--------------------|:----------------|:----------------------------------|-------------:|
| 2025-12-31 00:00:00 | 2026-01-02 00:00:00 | L_IYR_m120_ramp | Retracement Stop (Max Up: 11.70%) |      5.85107 |
2026-01-05 16:34:31,245 [INFO   ] 
============================================================
2026-01-05 16:34:31,245 [INFO   ] [32m[1m--- [STRATEGY VERDICT: PROFITABLE] ---
2026-01-05 16:34:31,245 [INFO   ] ============================================================
2026-01-05 16:34:31,245 [INFO   ] [1m[32m
--- [LIVE STATUS] ---
2026-01-05 16:34:31,245 [INFO   ] The simulation finished while IN A TRADE.
2026-01-05 16:34:31,245 [INFO   ] Entry Date: 2026-01-05
2026-01-05 16:34:31,245 [INFO   ] Entry Price: $5.70
2026-01-05 16:34:31,245 [INFO   ] This is a potential LIVE BUY SIGNAL.
2026-01-05 16:34:31,245 [INFO   ] Renaming log file to indicate active trade...
