2026-01-06 01:03:12,618 [INFO   ] --- [Quick Strike Scanner v5.1 Started for VTRS] ---
2026-01-06 01:03:13,683 [INFO   ] Data loaded from fixed start date: 2020-01-01
2026-01-06 01:03:47,429 [INFO   ] [32m!!! BUY SIGNAL on 2020-12-23 at $14.62 !!!
2026-01-06 01:03:47,430 [INFO   ] [32m!!! SELL: Break Even Stop | Profit: 0.00% !!!
2026-01-06 01:03:47,525 [INFO   ] [32m!!! BUY SIGNAL on 2025-12-31 at $12.45 !!!
2026-01-06 01:03:47,525 [INFO   ] 
============================================================
2026-01-06 01:03:47,525 [INFO   ] Total Trades: 1 | Win Rate: 0.00% | Avg P/L: 0.00%
2026-01-06 01:03:47,525 [INFO   ] [36mSimulated Account ($10k start): $10,000.00 (Total Return: 0.00%)
2026-01-06 01:03:47,538 [INFO   ] 
| entry_date          | exit_date           | match_name         | exit_reason     |   profit_pct |
|:--------------------|:--------------------|:-------------------|:----------------|-------------:|
| 2020-12-23 00:00:00 | 2020-12-30 00:00:00 | C_SOL_20210204_m60 | Break Even Stop |            0 |
2026-01-06 01:03:47,538 [INFO   ] 
============================================================
2026-01-06 01:03:47,538 [INFO   ] [31m[1m--- [STRATEGY VERDICT: BLACK SHEEP] ---
2026-01-06 01:03:47,538 [INFO   ] ============================================================
2026-01-06 01:03:47,538 [INFO   ] [1m[32m
--- [LIVE STATUS] ---
2026-01-06 01:03:47,538 [INFO   ] The simulation finished while IN A TRADE.
2026-01-06 01:03:47,538 [INFO   ] Entry Date: 2025-12-31
2026-01-06 01:03:47,538 [INFO   ] Entry Price: $12.45
2026-01-06 01:03:47,538 [INFO   ] This is a potential LIVE BUY SIGNAL.
2026-01-06 01:03:47,538 [INFO   ] Renaming log file to indicate active trade...
