2026-01-06 02:11:17,650 [INFO   ] --- [Quick Strike Scanner v5.1 Started for ZIM] ---
2026-01-06 02:11:18,169 [INFO   ] Data loaded from fixed start date: 2020-01-01
2026-01-06 02:11:51,279 [INFO   ] [32m!!! BUY SIGNAL on 2025-12-31 at $21.23 !!!
2026-01-06 02:11:51,280 [INFO   ] [32m!!! SELL: Retracement Stop (Max Up: 4.57%) | Profit: 2.28% !!!
2026-01-06 02:11:51,330 [INFO   ] [32m!!! BUY SIGNAL on 2026-01-05 at $20.92 !!!
2026-01-06 02:11:51,330 [INFO   ] 
============================================================
2026-01-06 02:11:51,330 [INFO   ] Total Trades: 1 | Win Rate: 100.00% | Avg P/L: 2.28%
2026-01-06 02:11:51,330 [INFO   ] [36mSimulated Account ($10k start): $10,228.45 (Total Return: 2.28%)
2026-01-06 02:11:51,336 [INFO   ] 
| entry_date          | exit_date           | match_name      | exit_reason                      |   profit_pct |
|:--------------------|:--------------------|:----------------|:---------------------------------|-------------:|
| 2025-12-31 00:00:00 | 2026-01-02 00:00:00 | L_CSCO_m90_ramp | Retracement Stop (Max Up: 4.57%) |      2.28451 |
2026-01-06 02:11:51,336 [INFO   ] 
============================================================
2026-01-06 02:11:51,336 [INFO   ] [32m[1m--- [STRATEGY VERDICT: PROFITABLE] ---
2026-01-06 02:11:51,336 [INFO   ] ============================================================
2026-01-06 02:11:51,336 [INFO   ] [1m[32m
--- [LIVE STATUS] ---
2026-01-06 02:11:51,336 [INFO   ] The simulation finished while IN A TRADE.
2026-01-06 02:11:51,336 [INFO   ] Entry Date: 2026-01-05
2026-01-06 02:11:51,337 [INFO   ] Entry Price: $20.92
2026-01-06 02:11:51,337 [INFO   ] This is a potential LIVE BUY SIGNAL.
2026-01-06 02:11:51,337 [INFO   ] Renaming log file to indicate active trade...
