2026-01-05 20:15:04,661 [INFO   ] --- [Quick Strike Scanner v5.1 Started for RGNX] ---
2026-01-05 20:15:05,891 [INFO   ] Data loaded from fixed start date: 2020-01-01
2026-01-05 20:15:40,113 [INFO   ] [32m!!! BUY SIGNAL on 2025-12-31 at $14.40 !!!
2026-01-05 20:15:40,114 [INFO   ] [32m!!! SELL: Break Even Stop | Profit: 0.00% !!!
2026-01-05 20:15:40,164 [INFO   ] [32m!!! BUY SIGNAL on 2026-01-05 at $13.44 !!!
2026-01-05 20:15:40,164 [INFO   ] 
============================================================
2026-01-05 20:15:40,164 [INFO   ] Total Trades: 1 | Win Rate: 0.00% | Avg P/L: 0.00%
2026-01-05 20:15:40,164 [INFO   ] [36mSimulated Account ($10k start): $10,000.00 (Total Return: 0.00%)
2026-01-05 20:15:40,170 [INFO   ] 
| entry_date          | exit_date           | match_name      | exit_reason     |   profit_pct |
|:--------------------|:--------------------|:----------------|:----------------|-------------:|
| 2025-12-31 00:00:00 | 2026-01-02 00:00:00 | L_CSCO_m90_ramp | Break Even Stop |            0 |
2026-01-05 20:15:40,170 [INFO   ] 
============================================================
2026-01-05 20:15:40,170 [INFO   ] [31m[1m--- [STRATEGY VERDICT: BLACK SHEEP] ---
2026-01-05 20:15:40,170 [INFO   ] ============================================================
2026-01-05 20:15:40,170 [INFO   ] [1m[32m
--- [LIVE STATUS] ---
2026-01-05 20:15:40,171 [INFO   ] The simulation finished while IN A TRADE.
2026-01-05 20:15:40,171 [INFO   ] Entry Date: 2026-01-05
2026-01-05 20:15:40,171 [INFO   ] Entry Price: $13.44
2026-01-05 20:15:40,171 [INFO   ] This is a potential LIVE BUY SIGNAL.
2026-01-05 20:15:40,171 [INFO   ] Renaming log file to indicate active trade...
