2026-01-05 16:14:48,485 [INFO   ] --- [Quick Strike Scanner v5.1 Started for MTA] ---
2026-01-05 16:14:48,999 [INFO   ] Data loaded from fixed start date: 2020-01-01
2026-01-05 16:15:21,304 [INFO   ] [32m!!! BUY SIGNAL on 2025-08-27 at $5.02 !!!
2026-01-05 16:15:21,304 [INFO   ] [32m!!! SELL: Retracement Stop (Max Up: 11.55%) | Profit: 5.78% !!!
2026-01-05 16:15:21,393 [INFO   ] [32m!!! BUY SIGNAL on 2025-12-31 at $7.78 !!!
2026-01-05 16:15:21,393 [INFO   ] [32m!!! SELL: Retracement Stop (Max Up: 2.83%) | Profit: 1.41% !!!
2026-01-05 16:15:21,472 [INFO   ] [32m!!! BUY SIGNAL on 2026-01-05 at $8.12 !!!
2026-01-05 16:15:21,472 [INFO   ] 
============================================================
2026-01-05 16:15:21,473 [INFO   ] Total Trades: 2 | Win Rate: 100.00% | Avg P/L: 3.60%
2026-01-05 16:15:21,473 [INFO   ] [36mSimulated Account ($10k start): $10,727.25 (Total Return: 7.27%)
2026-01-05 16:15:21,488 [INFO   ] 
| entry_date          | exit_date           | match_name         | exit_reason                       |   profit_pct |
|:--------------------|:--------------------|:-------------------|:----------------------------------|-------------:|
| 2025-08-27 00:00:00 | 2025-08-28 00:00:00 | C_ETH_20201209_m10 | Retracement Stop (Max Up: 11.55%) |      5.77689 |
| 2025-12-31 00:00:00 | 2026-01-02 00:00:00 | C_SOL_20210823_m10 | Retracement Stop (Max Up: 2.83%)  |      1.41388 |
2026-01-05 16:15:21,488 [INFO   ] 
============================================================
2026-01-05 16:15:21,488 [INFO   ] [32m[1m--- [STRATEGY VERDICT: PROFITABLE] ---
2026-01-05 16:15:21,488 [INFO   ] ============================================================
2026-01-05 16:15:21,488 [INFO   ] [1m[32m
--- [LIVE STATUS] ---
2026-01-05 16:15:21,488 [INFO   ] The simulation finished while IN A TRADE.
2026-01-05 16:15:21,488 [INFO   ] Entry Date: 2026-01-05
2026-01-05 16:15:21,488 [INFO   ] Entry Price: $8.12
2026-01-05 16:15:21,488 [INFO   ] This is a potential LIVE BUY SIGNAL.
2026-01-05 16:15:21,488 [INFO   ] Renaming log file to indicate active trade...
