2026-01-05 13:06:49,638 [INFO   ] --- [Quick Strike Scanner v5.1 Started for IMVT] ---
2026-01-05 13:06:50,741 [INFO   ] Data loaded from fixed start date: 2020-01-01
2026-01-05 13:07:24,026 [INFO   ] [32m!!! BUY SIGNAL on 2022-10-21 at $10.11 !!!
2026-01-05 13:07:24,026 [INFO   ] [32m!!! SELL: Retracement Stop (Max Up: 8.31%) | Profit: 4.15% !!!
2026-01-05 13:07:24,082 [INFO   ] [32m!!! BUY SIGNAL on 2026-01-02 at $25.91 !!!
2026-01-05 13:07:24,082 [INFO   ] 
============================================================
2026-01-05 13:07:24,082 [INFO   ] Total Trades: 1 | Win Rate: 100.00% | Avg P/L: 4.15%
2026-01-05 13:07:24,082 [INFO   ] [36mSimulated Account ($10k start): $10,415.43 (Total Return: 4.15%)
2026-01-05 13:07:24,088 [INFO   ] 
| entry_date          | exit_date           | match_name         | exit_reason                      |   profit_pct |
|:--------------------|:--------------------|:-------------------|:---------------------------------|-------------:|
| 2022-10-21 00:00:00 | 2022-10-24 00:00:00 | C_SOL_20210204_m60 | Retracement Stop (Max Up: 8.31%) |       4.1543 |
2026-01-05 13:07:24,088 [INFO   ] 
============================================================
2026-01-05 13:07:24,088 [INFO   ] [32m[1m--- [STRATEGY VERDICT: PROFITABLE] ---
2026-01-05 13:07:24,089 [INFO   ] ============================================================
2026-01-05 13:07:24,089 [INFO   ] [1m[32m
--- [LIVE STATUS] ---
2026-01-05 13:07:24,089 [INFO   ] The simulation finished while IN A TRADE.
2026-01-05 13:07:24,089 [INFO   ] Entry Date: 2026-01-02
2026-01-05 13:07:24,089 [INFO   ] Entry Price: $25.91
2026-01-05 13:07:24,089 [INFO   ] This is a potential LIVE BUY SIGNAL.
2026-01-05 13:07:24,089 [INFO   ] Renaming log file to indicate active trade...
