2026-01-05 20:20:44,264 [INFO   ] --- [Quick Strike Scanner v5.1 Started for RIVN] ---
2026-01-05 20:20:44,646 [INFO   ] Data loaded from fixed start date: 2020-01-01
2026-01-05 20:21:18,459 [INFO   ] [32m!!! BUY SIGNAL on 2025-12-31 at $19.71 !!!
2026-01-05 20:21:18,460 [INFO   ] [32m!!! SELL: Retracement Stop (Max Up: 5.07%) | Profit: 2.54% !!!
2026-01-05 20:21:18,522 [INFO   ] [32m!!! BUY SIGNAL on 2026-01-05 at $19.77 !!!
2026-01-05 20:21:18,522 [INFO   ] 
============================================================
2026-01-05 20:21:18,522 [INFO   ] Total Trades: 1 | Win Rate: 100.00% | Avg P/L: 2.54%
2026-01-05 20:21:18,522 [INFO   ] [36mSimulated Account ($10k start): $10,253.68 (Total Return: 2.54%)
2026-01-05 20:21:18,534 [INFO   ] 
| entry_date          | exit_date           | match_name      | exit_reason                      |   profit_pct |
|:--------------------|:--------------------|:----------------|:---------------------------------|-------------:|
| 2025-12-31 00:00:00 | 2026-01-02 00:00:00 | L_CSCO_m90_ramp | Retracement Stop (Max Up: 5.07%) |      2.53678 |
2026-01-05 20:21:18,534 [INFO   ] 
============================================================
2026-01-05 20:21:18,534 [INFO   ] [32m[1m--- [STRATEGY VERDICT: PROFITABLE] ---
2026-01-05 20:21:18,535 [INFO   ] ============================================================
2026-01-05 20:21:18,535 [INFO   ] [1m[32m
--- [LIVE STATUS] ---
2026-01-05 20:21:18,535 [INFO   ] The simulation finished while IN A TRADE.
2026-01-05 20:21:18,535 [INFO   ] Entry Date: 2026-01-05
2026-01-05 20:21:18,535 [INFO   ] Entry Price: $19.77
2026-01-05 20:21:18,535 [INFO   ] This is a potential LIVE BUY SIGNAL.
2026-01-05 20:21:18,535 [INFO   ] Renaming log file to indicate active trade...
