2026-01-05 15:06:25,507 [INFO   ] --- [Quick Strike Scanner v5.1 Started for LUNR] ---
2026-01-05 15:06:26,498 [INFO   ] Data loaded from fixed start date: 2020-01-01
2026-01-05 15:06:59,558 [INFO   ] [32m!!! BUY SIGNAL on 2025-12-31 at $16.23 !!!
2026-01-05 15:06:59,559 [INFO   ] [32m!!! SELL: Retracement Stop (Max Up: 11.65%) | Profit: 5.82% !!!
2026-01-05 15:06:59,616 [INFO   ] [32m!!! BUY SIGNAL on 2026-01-05 at $18.11 !!!
2026-01-05 15:06:59,616 [INFO   ] 
============================================================
2026-01-05 15:06:59,616 [INFO   ] Total Trades: 1 | Win Rate: 100.00% | Avg P/L: 5.82%
2026-01-05 15:06:59,616 [INFO   ] [36mSimulated Account ($10k start): $10,582.26 (Total Return: 5.82%)
2026-01-05 15:06:59,623 [INFO   ] 
| entry_date          | exit_date           | match_name      | exit_reason                       |   profit_pct |
|:--------------------|:--------------------|:----------------|:----------------------------------|-------------:|
| 2025-12-31 00:00:00 | 2026-01-02 00:00:00 | L_IYR_m120_ramp | Retracement Stop (Max Up: 11.65%) |      5.82255 |
2026-01-05 15:06:59,623 [INFO   ] 
============================================================
2026-01-05 15:06:59,623 [INFO   ] [32m[1m--- [STRATEGY VERDICT: PROFITABLE] ---
2026-01-05 15:06:59,623 [INFO   ] ============================================================
2026-01-05 15:06:59,623 [INFO   ] [1m[32m
--- [LIVE STATUS] ---
2026-01-05 15:06:59,623 [INFO   ] The simulation finished while IN A TRADE.
2026-01-05 15:06:59,623 [INFO   ] Entry Date: 2026-01-05
2026-01-05 15:06:59,624 [INFO   ] Entry Price: $18.11
2026-01-05 15:06:59,624 [INFO   ] This is a potential LIVE BUY SIGNAL.
2026-01-05 15:06:59,624 [INFO   ] Renaming log file to indicate active trade...
