2026-01-06 02:13:52,141 [INFO   ] --- [Quick Strike Scanner v5.1 Started for ZM] ---
2026-01-06 02:13:52,783 [INFO   ] Data loaded from fixed start date: 2020-01-01
2026-01-06 02:14:26,372 [INFO   ] [32m!!! BUY SIGNAL on 2021-06-25 at $372.47 !!!
2026-01-06 02:14:26,373 [INFO   ] [32m!!! SELL: Retracement Stop (Max Up: 5.60%) | Profit: 2.80% !!!
2026-01-06 02:14:26,469 [INFO   ] [32m!!! BUY SIGNAL on 2026-01-05 at $86.53 !!!
2026-01-06 02:14:26,469 [INFO   ] 
============================================================
2026-01-06 02:14:26,469 [INFO   ] Total Trades: 1 | Win Rate: 100.00% | Avg P/L: 2.80%
2026-01-06 02:14:26,469 [INFO   ] [36mSimulated Account ($10k start): $10,280.02 (Total Return: 2.80%)
2026-01-06 02:14:26,481 [INFO   ] 
| entry_date          | exit_date           | match_name          | exit_reason                      |   profit_pct |
|:--------------------|:--------------------|:--------------------|:---------------------------------|-------------:|
| 2021-06-25 00:00:00 | 2021-06-28 00:00:00 | C_PTON_20200529_m15 | Retracement Stop (Max Up: 5.60%) |      2.80022 |
2026-01-06 02:14:26,482 [INFO   ] 
============================================================
2026-01-06 02:14:26,482 [INFO   ] [32m[1m--- [STRATEGY VERDICT: PROFITABLE] ---
2026-01-06 02:14:26,482 [INFO   ] ============================================================
2026-01-06 02:14:26,482 [INFO   ] [1m[32m
--- [LIVE STATUS] ---
2026-01-06 02:14:26,482 [INFO   ] The simulation finished while IN A TRADE.
2026-01-06 02:14:26,482 [INFO   ] Entry Date: 2026-01-05
2026-01-06 02:14:26,482 [INFO   ] Entry Price: $86.53
2026-01-06 02:14:26,482 [INFO   ] This is a potential LIVE BUY SIGNAL.
2026-01-06 02:14:26,482 [INFO   ] Renaming log file to indicate active trade...
