2026-01-05 13:03:01,013 [INFO   ] --- [Quick Strike Scanner v5.1 Started for IMMP] ---
2026-01-05 13:03:01,640 [INFO   ] Data loaded from fixed start date: 2020-01-01
2026-01-05 13:03:34,839 [INFO   ] [32m!!! BUY SIGNAL on 2023-06-21 at $2.04 !!!
2026-01-05 13:03:34,839 [INFO   ] [31m!!! SELL: Stop Loss (-5.0%) | Profit: -5.00% !!!
2026-01-05 13:03:34,892 [INFO   ] [32m!!! BUY SIGNAL on 2025-12-30 at $2.93 !!!
2026-01-05 13:03:34,893 [INFO   ] [32m!!! SELL: Retracement Stop (Max Up: 2.39%) | Profit: 1.19% !!!
2026-01-05 13:03:34,943 [INFO   ] [32m!!! BUY SIGNAL on 2026-01-02 at $2.95 !!!
2026-01-05 13:03:34,943 [INFO   ] 
============================================================
2026-01-05 13:03:34,943 [INFO   ] Total Trades: 2 | Win Rate: 50.00% | Avg P/L: -1.90%
2026-01-05 13:03:34,943 [INFO   ] [36mSimulated Account ($10k start): $9,613.48 (Total Return: -3.87%)
2026-01-05 13:03:34,949 [INFO   ] 
| entry_date          | exit_date           | match_name      | exit_reason                      |   profit_pct |
|:--------------------|:--------------------|:----------------|:---------------------------------|-------------:|
| 2023-06-21 00:00:00 | 2023-06-22 00:00:00 | L_SSYS_m90_ramp | Stop Loss (-5.0%)                |     -5       |
| 2025-12-30 00:00:00 | 2025-12-31 00:00:00 | L_IYR_m120_ramp | Retracement Stop (Max Up: 2.39%) |      1.19454 |
2026-01-05 13:03:34,950 [INFO   ] 
============================================================
2026-01-05 13:03:34,950 [INFO   ] [31m[1m--- [STRATEGY VERDICT: BLACK SHEEP] ---
2026-01-05 13:03:34,950 [INFO   ] ============================================================
2026-01-05 13:03:34,950 [INFO   ] [1m[32m
--- [LIVE STATUS] ---
2026-01-05 13:03:34,950 [INFO   ] The simulation finished while IN A TRADE.
2026-01-05 13:03:34,950 [INFO   ] Entry Date: 2026-01-02
2026-01-05 13:03:34,950 [INFO   ] Entry Price: $2.95
2026-01-05 13:03:34,950 [INFO   ] This is a potential LIVE BUY SIGNAL.
2026-01-05 13:03:34,950 [INFO   ] Renaming log file to indicate active trade...
