2026-01-05 11:49:12,511 [INFO   ] --- [Quick Strike Scanner v5.1 Started for GUTS] ---
2026-01-05 11:49:12,915 [INFO   ] Data loaded from fixed start date: 2020-01-01
2026-01-05 11:49:47,273 [INFO   ] [32m!!! BUY SIGNAL on 2025-12-30 at $2.24 !!!
2026-01-05 11:49:47,273 [INFO   ] [32m!!! SELL: Break Even Stop | Profit: 0.00% !!!
2026-01-05 11:49:47,322 [INFO   ] [32m!!! BUY SIGNAL on 2026-01-02 at $2.25 !!!
2026-01-05 11:49:47,322 [INFO   ] 
============================================================
2026-01-05 11:49:47,322 [INFO   ] Total Trades: 1 | Win Rate: 0.00% | Avg P/L: 0.00%
2026-01-05 11:49:47,322 [INFO   ] [36mSimulated Account ($10k start): $10,000.00 (Total Return: 0.00%)
2026-01-05 11:49:47,328 [INFO   ] 
| entry_date          | exit_date           | match_name          | exit_reason     |   profit_pct |
|:--------------------|:--------------------|:--------------------|:----------------|-------------:|
| 2025-12-30 00:00:00 | 2025-12-31 00:00:00 | C_NVAX_20200427_m15 | Break Even Stop |            0 |
2026-01-05 11:49:47,328 [INFO   ] 
============================================================
2026-01-05 11:49:47,328 [INFO   ] [31m[1m--- [STRATEGY VERDICT: BLACK SHEEP] ---
2026-01-05 11:49:47,328 [INFO   ] ============================================================
2026-01-05 11:49:47,328 [INFO   ] [1m[32m
--- [LIVE STATUS] ---
2026-01-05 11:49:47,328 [INFO   ] The simulation finished while IN A TRADE.
2026-01-05 11:49:47,328 [INFO   ] Entry Date: 2026-01-02
2026-01-05 11:49:47,328 [INFO   ] Entry Price: $2.25
2026-01-05 11:49:47,328 [INFO   ] This is a potential LIVE BUY SIGNAL.
2026-01-05 11:49:47,328 [INFO   ] Renaming log file to indicate active trade...
