2026-01-05 17:29:21,231 [INFO   ] --- [Quick Strike Scanner v5.1 Started for NXDR] ---
2026-01-05 17:29:21,737 [INFO   ] Data loaded from fixed start date: 2020-01-01
2026-01-05 17:29:53,389 [INFO   ] [32m!!! BUY SIGNAL on 2025-12-31 at $2.10 !!!
2026-01-05 17:29:53,390 [INFO   ] [32m!!! SELL: Retracement Stop (Max Up: 2.38%) | Profit: 1.19% !!!
2026-01-05 17:29:53,440 [INFO   ] [32m!!! BUY SIGNAL on 2026-01-05 at $2.09 !!!
2026-01-05 17:29:53,440 [INFO   ] 
============================================================
2026-01-05 17:29:53,441 [INFO   ] Total Trades: 1 | Win Rate: 100.00% | Avg P/L: 1.19%
2026-01-05 17:29:53,441 [INFO   ] [36mSimulated Account ($10k start): $10,119.05 (Total Return: 1.19%)
2026-01-05 17:29:53,447 [INFO   ] 
| entry_date          | exit_date           | match_name         | exit_reason                      |   profit_pct |
|:--------------------|:--------------------|:-------------------|:---------------------------------|-------------:|
| 2025-12-31 00:00:00 | 2026-01-02 00:00:00 | C_GME_20201109_m90 | Retracement Stop (Max Up: 2.38%) |      1.19048 |
2026-01-05 17:29:53,447 [INFO   ] 
============================================================
2026-01-05 17:29:53,447 [INFO   ] [32m[1m--- [STRATEGY VERDICT: PROFITABLE] ---
2026-01-05 17:29:53,447 [INFO   ] ============================================================
2026-01-05 17:29:53,447 [INFO   ] [1m[32m
--- [LIVE STATUS] ---
2026-01-05 17:29:53,447 [INFO   ] The simulation finished while IN A TRADE.
2026-01-05 17:29:53,447 [INFO   ] Entry Date: 2026-01-05
2026-01-05 17:29:53,447 [INFO   ] Entry Price: $2.09
2026-01-05 17:29:53,447 [INFO   ] This is a potential LIVE BUY SIGNAL.
2026-01-05 17:29:53,447 [INFO   ] Renaming log file to indicate active trade...
