2026-01-05 14:52:14,190 [INFO   ] --- [Quick Strike Scanner v5.1 Started for LNTH] ---
2026-01-05 14:52:15,006 [INFO   ] Data loaded from fixed start date: 2020-01-01
2026-01-05 14:52:48,461 [INFO   ] [32m!!! BUY SIGNAL on 2025-12-31 at $66.55 !!!
2026-01-05 14:52:48,461 [INFO   ] [32m!!! SELL: Break Even Stop | Profit: 0.00% !!!
2026-01-05 14:52:48,586 [INFO   ] [32m!!! BUY SIGNAL on 2026-01-05 at $68.32 !!!
2026-01-05 14:52:48,587 [INFO   ] 
============================================================
2026-01-05 14:52:48,587 [INFO   ] Total Trades: 1 | Win Rate: 0.00% | Avg P/L: 0.00%
2026-01-05 14:52:48,587 [INFO   ] [36mSimulated Account ($10k start): $10,000.00 (Total Return: 0.00%)
2026-01-05 14:52:48,593 [INFO   ] 
| entry_date          | exit_date           | match_name      | exit_reason     |   profit_pct |
|:--------------------|:--------------------|:----------------|:----------------|-------------:|
| 2025-12-31 00:00:00 | 2026-01-02 00:00:00 | L_CSCO_m90_ramp | Break Even Stop |            0 |
2026-01-05 14:52:48,593 [INFO   ] 
============================================================
2026-01-05 14:52:48,593 [INFO   ] [31m[1m--- [STRATEGY VERDICT: BLACK SHEEP] ---
2026-01-05 14:52:48,593 [INFO   ] ============================================================
2026-01-05 14:52:48,593 [INFO   ] [1m[32m
--- [LIVE STATUS] ---
2026-01-05 14:52:48,593 [INFO   ] The simulation finished while IN A TRADE.
2026-01-05 14:52:48,593 [INFO   ] Entry Date: 2026-01-05
2026-01-05 14:52:48,593 [INFO   ] Entry Price: $68.32
2026-01-05 14:52:48,593 [INFO   ] This is a potential LIVE BUY SIGNAL.
2026-01-05 14:52:48,593 [INFO   ] Renaming log file to indicate active trade...
