2026-01-05 16:33:56,745 [INFO   ] --- [Quick Strike Scanner v5.1 Started for NBY] ---
2026-01-05 16:33:58,034 [INFO   ] Data loaded from fixed start date: 2020-01-01
2026-01-05 16:34:32,089 [INFO   ] [32m!!! BUY SIGNAL on 2022-07-11 at $218.63 !!!
2026-01-05 16:34:32,089 [INFO   ] [32m!!! SELL: Retracement Stop (Max Up: 3.70%) | Profit: 1.85% !!!
2026-01-05 16:34:32,146 [INFO   ] [32m!!! BUY SIGNAL on 2025-12-31 at $5.64 !!!
2026-01-05 16:34:32,146 [INFO   ] [32m!!! SELL: Retracement Stop (Max Up: 11.70%) | Profit: 5.85% !!!
2026-01-05 16:34:32,198 [INFO   ] [32m!!! BUY SIGNAL on 2026-01-05 at $5.70 !!!
2026-01-05 16:34:32,198 [INFO   ] 
============================================================
2026-01-05 16:34:32,198 [INFO   ] Total Trades: 2 | Win Rate: 100.00% | Avg P/L: 3.85%
2026-01-05 16:34:32,198 [INFO   ] [36mSimulated Account ($10k start): $10,781.13 (Total Return: 7.81%)
2026-01-05 16:34:32,204 [INFO   ] 
| entry_date          | exit_date           | match_name      | exit_reason                       |   profit_pct |
|:--------------------|:--------------------|:----------------|:----------------------------------|-------------:|
| 2022-07-11 00:00:00 | 2022-07-12 00:00:00 | L_IYR_m120_ramp | Retracement Stop (Max Up: 3.70%)  |      1.85185 |
| 2025-12-31 00:00:00 | 2026-01-02 00:00:00 | L_IYR_m120_ramp | Retracement Stop (Max Up: 11.70%) |      5.85107 |
2026-01-05 16:34:32,204 [INFO   ] 
============================================================
2026-01-05 16:34:32,204 [INFO   ] [32m[1m--- [STRATEGY VERDICT: PROFITABLE] ---
2026-01-05 16:34:32,204 [INFO   ] ============================================================
2026-01-05 16:34:32,204 [INFO   ] [1m[32m
--- [LIVE STATUS] ---
2026-01-05 16:34:32,204 [INFO   ] The simulation finished while IN A TRADE.
2026-01-05 16:34:32,204 [INFO   ] Entry Date: 2026-01-05
2026-01-05 16:34:32,204 [INFO   ] Entry Price: $5.70
2026-01-05 16:34:32,205 [INFO   ] This is a potential LIVE BUY SIGNAL.
2026-01-05 16:34:32,205 [INFO   ] Renaming log file to indicate active trade...
