2026-01-05 21:39:38,152 [INFO   ] --- [Quick Strike Scanner v5.1 Started for SLI] ---
2026-01-05 21:39:39,413 [INFO   ] Data loaded from fixed start date: 2020-01-01
2026-01-05 21:40:12,868 [INFO   ] [32m!!! BUY SIGNAL on 2025-12-31 at $4.47 !!!
2026-01-05 21:40:12,868 [INFO   ] [32m!!! SELL: Retracement Stop (Max Up: 6.94%) | Profit: 3.47% !!!
2026-01-05 21:40:12,928 [INFO   ] [32m!!! BUY SIGNAL on 2026-01-05 at $4.84 !!!
2026-01-05 21:40:12,928 [INFO   ] 
============================================================
2026-01-05 21:40:12,928 [INFO   ] Total Trades: 1 | Win Rate: 100.00% | Avg P/L: 3.47%
2026-01-05 21:40:12,928 [INFO   ] [36mSimulated Account ($10k start): $10,346.76 (Total Return: 3.47%)
2026-01-05 21:40:12,940 [INFO   ] 
| entry_date          | exit_date           | match_name      | exit_reason                      |   profit_pct |
|:--------------------|:--------------------|:----------------|:---------------------------------|-------------:|
| 2025-12-31 00:00:00 | 2026-01-02 00:00:00 | L_CSCO_m90_ramp | Retracement Stop (Max Up: 6.94%) |      3.46757 |
2026-01-05 21:40:12,941 [INFO   ] 
============================================================
2026-01-05 21:40:12,941 [INFO   ] [32m[1m--- [STRATEGY VERDICT: PROFITABLE] ---
2026-01-05 21:40:12,941 [INFO   ] ============================================================
2026-01-05 21:40:12,941 [INFO   ] [1m[32m
--- [LIVE STATUS] ---
2026-01-05 21:40:12,941 [INFO   ] The simulation finished while IN A TRADE.
2026-01-05 21:40:12,941 [INFO   ] Entry Date: 2026-01-05
2026-01-05 21:40:12,941 [INFO   ] Entry Price: $4.84
2026-01-05 21:40:12,941 [INFO   ] This is a potential LIVE BUY SIGNAL.
2026-01-05 21:40:12,941 [INFO   ] Renaming log file to indicate active trade...
