2026-01-05 17:12:15,264 [INFO   ] --- [Quick Strike Scanner v5.1 Started for NTRS] ---
2026-01-05 17:12:15,846 [INFO   ] Data loaded from fixed start date: 2020-01-01
2026-01-05 17:12:50,095 [INFO   ] [32m!!! BUY SIGNAL on 2025-12-31 at $136.59 !!!
2026-01-05 17:12:50,095 [INFO   ] [32m!!! SELL: Retracement Stop (Max Up: 2.02%) | Profit: 1.01% !!!
2026-01-05 17:12:50,178 [INFO   ] [32m!!! BUY SIGNAL on 2026-01-05 at $144.37 !!!
2026-01-05 17:12:50,179 [INFO   ] 
============================================================
2026-01-05 17:12:50,179 [INFO   ] Total Trades: 1 | Win Rate: 100.00% | Avg P/L: 1.01%
2026-01-05 17:12:50,179 [INFO   ] [36mSimulated Account ($10k start): $10,101.03 (Total Return: 1.01%)
2026-01-05 17:12:50,185 [INFO   ] 
| entry_date          | exit_date           | match_name          | exit_reason                      |   profit_pct |
|:--------------------|:--------------------|:--------------------|:---------------------------------|-------------:|
| 2025-12-31 00:00:00 | 2026-01-02 00:00:00 | C_NVAX_20200427_m15 | Retracement Stop (Max Up: 2.02%) |      1.01033 |
2026-01-05 17:12:50,185 [INFO   ] 
============================================================
2026-01-05 17:12:50,185 [INFO   ] [32m[1m--- [STRATEGY VERDICT: PROFITABLE] ---
2026-01-05 17:12:50,185 [INFO   ] ============================================================
2026-01-05 17:12:50,185 [INFO   ] [1m[32m
--- [LIVE STATUS] ---
2026-01-05 17:12:50,185 [INFO   ] The simulation finished while IN A TRADE.
2026-01-05 17:12:50,185 [INFO   ] Entry Date: 2026-01-05
2026-01-05 17:12:50,185 [INFO   ] Entry Price: $144.37
2026-01-05 17:12:50,185 [INFO   ] This is a potential LIVE BUY SIGNAL.
2026-01-05 17:12:50,185 [INFO   ] Renaming log file to indicate active trade...
