2026-01-06 01:45:10,229 [INFO   ] --- [Quick Strike Scanner v5.1 Started for WWW] ---
2026-01-06 01:45:11,241 [INFO   ] Data loaded from fixed start date: 2020-01-01
2026-01-06 01:45:45,016 [INFO   ] [32m!!! BUY SIGNAL on 2025-12-31 at $18.05 !!!
2026-01-06 01:45:45,016 [INFO   ] [32m!!! SELL: Break Even Stop | Profit: 0.00% !!!
2026-01-06 01:45:45,119 [INFO   ] [32m!!! BUY SIGNAL on 2026-01-05 at $18.51 !!!
2026-01-06 01:45:45,119 [INFO   ] 
============================================================
2026-01-06 01:45:45,119 [INFO   ] Total Trades: 1 | Win Rate: 0.00% | Avg P/L: 0.00%
2026-01-06 01:45:45,119 [INFO   ] [36mSimulated Account ($10k start): $10,000.00 (Total Return: 0.00%)
2026-01-06 01:45:45,125 [INFO   ] 
| entry_date          | exit_date           | match_name         | exit_reason     |   profit_pct |
|:--------------------|:--------------------|:-------------------|:----------------|-------------:|
| 2025-12-31 00:00:00 | 2026-01-02 00:00:00 | C_SOL_20210823_m10 | Break Even Stop |            0 |
2026-01-06 01:45:45,125 [INFO   ] 
============================================================
2026-01-06 01:45:45,125 [INFO   ] [31m[1m--- [STRATEGY VERDICT: BLACK SHEEP] ---
2026-01-06 01:45:45,125 [INFO   ] ============================================================
2026-01-06 01:45:45,125 [INFO   ] [1m[32m
--- [LIVE STATUS] ---
2026-01-06 01:45:45,125 [INFO   ] The simulation finished while IN A TRADE.
2026-01-06 01:45:45,125 [INFO   ] Entry Date: 2026-01-05
2026-01-06 01:45:45,125 [INFO   ] Entry Price: $18.51
2026-01-06 01:45:45,125 [INFO   ] This is a potential LIVE BUY SIGNAL.
2026-01-06 01:45:45,125 [INFO   ] Renaming log file to indicate active trade...
