2026-01-05 05:51:08,776 [INFO   ] --- [Quick Strike Scanner v5.1 Started for CARG] ---
2026-01-05 05:51:09,938 [INFO   ] Data loaded from fixed start date: 2020-01-01
2026-01-05 05:51:42,847 [INFO   ] [32m!!! BUY SIGNAL on 2020-08-07 at $29.99 !!!
2026-01-05 05:51:42,847 [INFO   ] [32m!!! SELL: Retracement Stop (Max Up: 2.42%) | Profit: 1.21% !!!
2026-01-05 05:51:42,958 [INFO   ] [32m!!! BUY SIGNAL on 2026-01-02 at $37.65 !!!
2026-01-05 05:51:42,958 [INFO   ] 
============================================================
2026-01-05 05:51:42,958 [INFO   ] Total Trades: 1 | Win Rate: 100.00% | Avg P/L: 1.21%
2026-01-05 05:51:42,958 [INFO   ] [36mSimulated Account ($10k start): $10,120.89 (Total Return: 1.21%)
2026-01-05 05:51:42,972 [INFO   ] 
| entry_date          | exit_date           | match_name         | exit_reason                      |   profit_pct |
|:--------------------|:--------------------|:-------------------|:---------------------------------|-------------:|
| 2020-08-07 00:00:00 | 2020-08-10 00:00:00 | C_ETH_20201209_m10 | Retracement Stop (Max Up: 2.42%) |      1.20894 |
2026-01-05 05:51:42,972 [INFO   ] 
============================================================
2026-01-05 05:51:42,972 [INFO   ] [32m[1m--- [STRATEGY VERDICT: PROFITABLE] ---
2026-01-05 05:51:42,972 [INFO   ] ============================================================
2026-01-05 05:51:42,972 [INFO   ] [1m[32m
--- [LIVE STATUS] ---
2026-01-05 05:51:42,972 [INFO   ] The simulation finished while IN A TRADE.
2026-01-05 05:51:42,972 [INFO   ] Entry Date: 2026-01-02
2026-01-05 05:51:42,972 [INFO   ] Entry Price: $37.65
2026-01-05 05:51:42,972 [INFO   ] This is a potential LIVE BUY SIGNAL.
2026-01-05 05:51:42,972 [INFO   ] Renaming log file to indicate active trade...
