2026-01-05 05:17:04,476 [INFO   ] --- [Quick Strike Scanner v5.1 Started for BORR] ---
2026-01-05 05:17:05,096 [INFO   ] Data loaded from fixed start date: 2020-01-01
2026-01-05 05:17:38,542 [INFO   ] [32m!!! BUY SIGNAL on 2023-02-21 at $6.07 !!!
2026-01-05 05:17:38,543 [INFO   ] [32m!!! SELL: Break Even Stop | Profit: 0.00% !!!
2026-01-05 05:17:38,599 [INFO   ] [32m!!! BUY SIGNAL on 2025-12-30 at $4.06 !!!
2026-01-05 05:17:38,599 [INFO   ] [32m!!! SELL: Break Even Stop | Profit: 0.00% !!!
2026-01-05 05:17:38,650 [INFO   ] [32m!!! BUY SIGNAL on 2026-01-02 at $3.99 !!!
2026-01-05 05:17:38,650 [INFO   ] 
============================================================
2026-01-05 05:17:38,650 [INFO   ] Total Trades: 2 | Win Rate: 0.00% | Avg P/L: 0.00%
2026-01-05 05:17:38,650 [INFO   ] [36mSimulated Account ($10k start): $10,000.00 (Total Return: 0.00%)
2026-01-05 05:17:38,656 [INFO   ] 
| entry_date          | exit_date           | match_name         | exit_reason     |   profit_pct |
|:--------------------|:--------------------|:-------------------|:----------------|-------------:|
| 2023-02-21 00:00:00 | 2023-02-22 00:00:00 | L_IYR_m120_ramp    | Break Even Stop |            0 |
| 2025-12-30 00:00:00 | 2025-12-31 00:00:00 | C_GME_20201109_m90 | Break Even Stop |            0 |
2026-01-05 05:17:38,656 [INFO   ] 
============================================================
2026-01-05 05:17:38,656 [INFO   ] [31m[1m--- [STRATEGY VERDICT: BLACK SHEEP] ---
2026-01-05 05:17:38,656 [INFO   ] ============================================================
2026-01-05 05:17:38,656 [INFO   ] [1m[32m
--- [LIVE STATUS] ---
2026-01-05 05:17:38,656 [INFO   ] The simulation finished while IN A TRADE.
2026-01-05 05:17:38,656 [INFO   ] Entry Date: 2026-01-02
2026-01-05 05:17:38,656 [INFO   ] Entry Price: $3.99
2026-01-05 05:17:38,656 [INFO   ] This is a potential LIVE BUY SIGNAL.
2026-01-05 05:17:38,656 [INFO   ] Renaming log file to indicate active trade...
