2026-01-05 09:32:23,019 [INFO   ] --- [Quick Strike Scanner v5.1 Started for ERAS] ---
2026-01-05 09:32:23,535 [INFO   ] Data loaded from fixed start date: 2020-01-01
2026-01-05 09:32:55,925 [INFO   ] [32m!!! BUY SIGNAL on 2025-12-30 at $3.54 !!!
2026-01-05 09:32:55,926 [INFO   ] [32m!!! SELL: Retracement Stop (Max Up: 6.50%) | Profit: 3.25% !!!
2026-01-05 09:32:55,975 [INFO   ] [32m!!! BUY SIGNAL on 2026-01-02 at $3.59 !!!
2026-01-05 09:32:55,975 [INFO   ] 
============================================================
2026-01-05 09:32:55,975 [INFO   ] Total Trades: 1 | Win Rate: 100.00% | Avg P/L: 3.25%
2026-01-05 09:32:55,975 [INFO   ] [36mSimulated Account ($10k start): $10,324.86 (Total Return: 3.25%)
2026-01-05 09:32:55,981 [INFO   ] 
| entry_date          | exit_date           | match_name      | exit_reason                      |   profit_pct |
|:--------------------|:--------------------|:----------------|:---------------------------------|-------------:|
| 2025-12-30 00:00:00 | 2025-12-31 00:00:00 | L_CSCO_m90_ramp | Retracement Stop (Max Up: 6.50%) |      3.24859 |
2026-01-05 09:32:55,982 [INFO   ] 
============================================================
2026-01-05 09:32:55,982 [INFO   ] [32m[1m--- [STRATEGY VERDICT: PROFITABLE] ---
2026-01-05 09:32:55,982 [INFO   ] ============================================================
2026-01-05 09:32:55,982 [INFO   ] [1m[32m
--- [LIVE STATUS] ---
2026-01-05 09:32:55,982 [INFO   ] The simulation finished while IN A TRADE.
2026-01-05 09:32:55,982 [INFO   ] Entry Date: 2026-01-02
2026-01-05 09:32:55,982 [INFO   ] Entry Price: $3.59
2026-01-05 09:32:55,982 [INFO   ] This is a potential LIVE BUY SIGNAL.
2026-01-05 09:32:55,982 [INFO   ] Renaming log file to indicate active trade...
