2026-01-05 02:34:23,639 [INFO   ] --- [Quick Strike Scanner v5.1 Started for AGCC] ---
2026-01-05 02:34:24,639 [INFO   ] Data loaded from fixed start date: 2020-01-01
2026-01-05 02:34:50,551 [INFO   ] [32m!!! BUY SIGNAL on 2025-12-30 at $10.00 !!!
2026-01-05 02:34:50,552 [INFO   ] [32m!!! SELL: Retracement Stop (Max Up: 5.70%) | Profit: 2.85% !!!
2026-01-05 02:34:50,559 [INFO   ] [32m!!! BUY SIGNAL on 2026-01-02 at $10.47 !!!
2026-01-05 02:34:50,559 [INFO   ] 
============================================================
2026-01-05 02:34:50,559 [INFO   ] Total Trades: 1 | Win Rate: 100.00% | Avg P/L: 2.85%
2026-01-05 02:34:50,559 [INFO   ] [36mSimulated Account ($10k start): $10,285.00 (Total Return: 2.85%)
2026-01-05 02:34:50,564 [INFO   ] 
| entry_date          | exit_date           | match_name          | exit_reason                      |   profit_pct |
|:--------------------|:--------------------|:--------------------|:---------------------------------|-------------:|
| 2025-12-30 00:00:00 | 2025-12-31 00:00:00 | C_NVAX_20200427_m15 | Retracement Stop (Max Up: 5.70%) |         2.85 |
2026-01-05 02:34:50,564 [INFO   ] 
============================================================
2026-01-05 02:34:50,564 [INFO   ] [32m[1m--- [STRATEGY VERDICT: PROFITABLE] ---
2026-01-05 02:34:50,564 [INFO   ] ============================================================
2026-01-05 02:34:50,564 [INFO   ] [1m[32m
--- [LIVE STATUS] ---
2026-01-05 02:34:50,564 [INFO   ] The simulation finished while IN A TRADE.
2026-01-05 02:34:50,564 [INFO   ] Entry Date: 2026-01-02
2026-01-05 02:34:50,565 [INFO   ] Entry Price: $10.47
2026-01-05 02:34:50,565 [INFO   ] This is a potential LIVE BUY SIGNAL.
2026-01-05 02:34:50,565 [INFO   ] Renaming log file to indicate active trade...
