2026-01-05 09:57:56,394 [INFO   ] --- [Quick Strike Scanner v5.1 Started for EYPT] ---
2026-01-05 09:57:56,886 [INFO   ] Data loaded from fixed start date: 2020-01-01
2026-01-05 09:58:31,087 [INFO   ] [32m!!! BUY SIGNAL on 2025-12-30 at $17.89 !!!
2026-01-05 09:58:31,087 [INFO   ] [32m!!! SELL: Retracement Stop (Max Up: 2.52%) | Profit: 1.26% !!!
2026-01-05 09:58:31,138 [INFO   ] [32m!!! BUY SIGNAL on 2026-01-02 at $17.48 !!!
2026-01-05 09:58:31,138 [INFO   ] 
============================================================
2026-01-05 09:58:31,138 [INFO   ] Total Trades: 1 | Win Rate: 100.00% | Avg P/L: 1.26%
2026-01-05 09:58:31,138 [INFO   ] [36mSimulated Account ($10k start): $10,125.77 (Total Return: 1.26%)
2026-01-05 09:58:31,144 [INFO   ] 
| entry_date          | exit_date           | match_name      | exit_reason                      |   profit_pct |
|:--------------------|:--------------------|:----------------|:---------------------------------|-------------:|
| 2025-12-30 00:00:00 | 2025-12-31 00:00:00 | L_IYR_m120_ramp | Retracement Stop (Max Up: 2.52%) |      1.25769 |
2026-01-05 09:58:31,144 [INFO   ] 
============================================================
2026-01-05 09:58:31,145 [INFO   ] [32m[1m--- [STRATEGY VERDICT: PROFITABLE] ---
2026-01-05 09:58:31,145 [INFO   ] ============================================================
2026-01-05 09:58:31,145 [INFO   ] [1m[32m
--- [LIVE STATUS] ---
2026-01-05 09:58:31,145 [INFO   ] The simulation finished while IN A TRADE.
2026-01-05 09:58:31,145 [INFO   ] Entry Date: 2026-01-02
2026-01-05 09:58:31,145 [INFO   ] Entry Price: $17.48
2026-01-05 09:58:31,145 [INFO   ] This is a potential LIVE BUY SIGNAL.
2026-01-05 09:58:31,145 [INFO   ] Renaming log file to indicate active trade...
