2026-01-05 13:47:18,201 [INFO   ] --- [Quick Strike Scanner v5.1 Started for JMIA] ---
2026-01-05 13:47:19,410 [INFO   ] Data loaded from fixed start date: 2020-01-01
2026-01-05 13:47:52,569 [INFO   ] [32m!!! BUY SIGNAL on 2025-12-30 at $12.22 !!!
2026-01-05 13:47:52,569 [INFO   ] [32m!!! SELL: Retracement Stop (Max Up: 4.75%) | Profit: 2.37% !!!
2026-01-05 13:47:52,629 [INFO   ] [32m!!! BUY SIGNAL on 2026-01-02 at $12.83 !!!
2026-01-05 13:47:52,629 [INFO   ] 
============================================================
2026-01-05 13:47:52,629 [INFO   ] Total Trades: 1 | Win Rate: 100.00% | Avg P/L: 2.37%
2026-01-05 13:47:52,629 [INFO   ] [36mSimulated Account ($10k start): $10,237.32 (Total Return: 2.37%)
2026-01-05 13:47:52,641 [INFO   ] 
| entry_date          | exit_date           | match_name      | exit_reason                      |   profit_pct |
|:--------------------|:--------------------|:----------------|:---------------------------------|-------------:|
| 2025-12-30 00:00:00 | 2025-12-31 00:00:00 | L_CSCO_m90_ramp | Retracement Stop (Max Up: 4.75%) |      2.37316 |
2026-01-05 13:47:52,641 [INFO   ] 
============================================================
2026-01-05 13:47:52,641 [INFO   ] [32m[1m--- [STRATEGY VERDICT: PROFITABLE] ---
2026-01-05 13:47:52,641 [INFO   ] ============================================================
2026-01-05 13:47:52,641 [INFO   ] [1m[32m
--- [LIVE STATUS] ---
2026-01-05 13:47:52,641 [INFO   ] The simulation finished while IN A TRADE.
2026-01-05 13:47:52,641 [INFO   ] Entry Date: 2026-01-02
2026-01-05 13:47:52,641 [INFO   ] Entry Price: $12.83
2026-01-05 13:47:52,641 [INFO   ] This is a potential LIVE BUY SIGNAL.
2026-01-05 13:47:52,641 [INFO   ] Renaming log file to indicate active trade...
