2026-01-05 11:03:18,364 [INFO   ] --- [Quick Strike Scanner v5.1 Started for GDS] ---
2026-01-05 11:03:18,931 [INFO   ] Data loaded from fixed start date: 2020-01-01
2026-01-05 11:03:52,287 [INFO   ] [32m!!! BUY SIGNAL on 2025-12-30 at $34.60 !!!
2026-01-05 11:03:52,288 [INFO   ] [32m!!! SELL: Retracement Stop (Max Up: 2.60%) | Profit: 1.30% !!!
2026-01-05 11:03:52,338 [INFO   ] [32m!!! BUY SIGNAL on 2026-01-02 at $38.34 !!!
2026-01-05 11:03:52,338 [INFO   ] 
============================================================
2026-01-05 11:03:52,338 [INFO   ] Total Trades: 1 | Win Rate: 100.00% | Avg P/L: 1.30%
2026-01-05 11:03:52,338 [INFO   ] [36mSimulated Account ($10k start): $10,130.06 (Total Return: 1.30%)
2026-01-05 11:03:52,344 [INFO   ] 
| entry_date          | exit_date           | match_name      | exit_reason                      |   profit_pct |
|:--------------------|:--------------------|:----------------|:---------------------------------|-------------:|
| 2025-12-30 00:00:00 | 2025-12-31 00:00:00 | L_CSCO_m90_ramp | Retracement Stop (Max Up: 2.60%) |      1.30058 |
2026-01-05 11:03:52,344 [INFO   ] 
============================================================
2026-01-05 11:03:52,344 [INFO   ] [32m[1m--- [STRATEGY VERDICT: PROFITABLE] ---
2026-01-05 11:03:52,345 [INFO   ] ============================================================
2026-01-05 11:03:52,345 [INFO   ] [1m[32m
--- [LIVE STATUS] ---
2026-01-05 11:03:52,345 [INFO   ] The simulation finished while IN A TRADE.
2026-01-05 11:03:52,345 [INFO   ] Entry Date: 2026-01-02
2026-01-05 11:03:52,345 [INFO   ] Entry Price: $38.34
2026-01-05 11:03:52,345 [INFO   ] This is a potential LIVE BUY SIGNAL.
2026-01-05 11:03:52,345 [INFO   ] Renaming log file to indicate active trade...
