2026-01-05 20:18:56,178 [INFO   ] --- [Quick Strike Scanner v5.1 Started for RIO] ---
2026-01-05 20:18:56,884 [INFO   ] Data loaded from fixed start date: 2020-01-01
2026-01-05 20:19:23,809 [INFO   ] [32m!!! BUY SIGNAL on 2025-12-31 at $80.03 !!!
2026-01-05 20:19:23,809 [INFO   ] [32m!!! SELL: Retracement Stop (Max Up: 2.01%) | Profit: 1.01% !!!
2026-01-05 20:19:23,860 [INFO   ] [32m!!! BUY SIGNAL on 2026-01-05 at $83.12 !!!
2026-01-05 20:19:23,860 [INFO   ] 
============================================================
2026-01-05 20:19:23,860 [INFO   ] Total Trades: 1 | Win Rate: 100.00% | Avg P/L: 1.01%
2026-01-05 20:19:23,860 [INFO   ] [36mSimulated Account ($10k start): $10,100.59 (Total Return: 1.01%)
2026-01-05 20:19:23,867 [INFO   ] 
| entry_date          | exit_date           | match_name      | exit_reason                      |   profit_pct |
|:--------------------|:--------------------|:----------------|:---------------------------------|-------------:|
| 2025-12-31 00:00:00 | 2026-01-02 00:00:00 | L_IYR_m120_ramp | Retracement Stop (Max Up: 2.01%) |      1.00587 |
2026-01-05 20:19:23,868 [INFO   ] 
============================================================
2026-01-05 20:19:23,868 [INFO   ] [32m[1m--- [STRATEGY VERDICT: PROFITABLE] ---
2026-01-05 20:19:23,868 [INFO   ] ============================================================
2026-01-05 20:19:23,868 [INFO   ] [1m[32m
--- [LIVE STATUS] ---
2026-01-05 20:19:23,868 [INFO   ] The simulation finished while IN A TRADE.
2026-01-05 20:19:23,868 [INFO   ] Entry Date: 2026-01-05
2026-01-05 20:19:23,868 [INFO   ] Entry Price: $83.12
2026-01-05 20:19:23,868 [INFO   ] This is a potential LIVE BUY SIGNAL.
2026-01-05 20:19:23,868 [INFO   ] Renaming log file to indicate active trade...
