2026-01-05 12:50:42,343 [INFO   ] --- [Quick Strike Scanner v5.1 Started for IBIO] ---
2026-01-05 12:50:43,624 [INFO   ] Data loaded from fixed start date: 2020-01-01
2026-01-05 12:51:17,977 [INFO   ] [32m!!! BUY SIGNAL on 2025-12-30 at $1.71 !!!
2026-01-05 12:51:17,977 [INFO   ] [32m!!! SELL: Retracement Stop (Max Up: 14.04%) | Profit: 7.02% !!!
2026-01-05 12:51:18,023 [INFO   ] [32m!!! BUY SIGNAL on 2026-01-02 at $2.02 !!!
2026-01-05 12:51:18,023 [INFO   ] 
============================================================
2026-01-05 12:51:18,024 [INFO   ] Total Trades: 1 | Win Rate: 100.00% | Avg P/L: 7.02%
2026-01-05 12:51:18,024 [INFO   ] [36mSimulated Account ($10k start): $10,701.75 (Total Return: 7.02%)
2026-01-05 12:51:18,030 [INFO   ] 
| entry_date          | exit_date           | match_name      | exit_reason                       |   profit_pct |
|:--------------------|:--------------------|:----------------|:----------------------------------|-------------:|
| 2025-12-30 00:00:00 | 2025-12-31 00:00:00 | L_CSCO_m90_ramp | Retracement Stop (Max Up: 14.04%) |      7.01754 |
2026-01-05 12:51:18,030 [INFO   ] 
============================================================
2026-01-05 12:51:18,030 [INFO   ] [32m[1m--- [STRATEGY VERDICT: PROFITABLE] ---
2026-01-05 12:51:18,030 [INFO   ] ============================================================
2026-01-05 12:51:18,030 [INFO   ] [1m[32m
--- [LIVE STATUS] ---
2026-01-05 12:51:18,030 [INFO   ] The simulation finished while IN A TRADE.
2026-01-05 12:51:18,030 [INFO   ] Entry Date: 2026-01-02
2026-01-05 12:51:18,030 [INFO   ] Entry Price: $2.02
2026-01-05 12:51:18,030 [INFO   ] This is a potential LIVE BUY SIGNAL.
2026-01-05 12:51:18,030 [INFO   ] Renaming log file to indicate active trade...
