2026-01-05 20:20:44,060 [INFO   ] --- [Quick Strike Scanner v5.1 Started for RIVN] ---
2026-01-05 20:20:44,558 [INFO   ] Data loaded from fixed start date: 2020-01-01
2026-01-05 20:21:17,998 [INFO   ] [32m!!! BUY SIGNAL on 2024-07-30 at $16.22 !!!
2026-01-05 20:21:17,998 [INFO   ] [32m!!! SELL: Retracement Stop (Max Up: 5.12%) | Profit: 2.56% !!!
2026-01-05 20:21:18,124 [INFO   ] [32m!!! BUY SIGNAL on 2025-12-31 at $19.71 !!!
2026-01-05 20:21:18,124 [INFO   ] [32m!!! SELL: Retracement Stop (Max Up: 5.07%) | Profit: 2.54% !!!
2026-01-05 20:21:18,239 [INFO   ] [32m!!! BUY SIGNAL on 2026-01-05 at $19.77 !!!
2026-01-05 20:21:18,239 [INFO   ] 
============================================================
2026-01-05 20:21:18,240 [INFO   ] Total Trades: 2 | Win Rate: 100.00% | Avg P/L: 2.55%
2026-01-05 20:21:18,240 [INFO   ] [36mSimulated Account ($10k start): $10,516.03 (Total Return: 5.16%)
2026-01-05 20:21:18,246 [INFO   ] 
| entry_date          | exit_date           | match_name         | exit_reason                      |   profit_pct |
|:--------------------|:--------------------|:-------------------|:---------------------------------|-------------:|
| 2024-07-30 00:00:00 | 2024-07-31 00:00:00 | C_SOL_20210823_m10 | Retracement Stop (Max Up: 5.12%) |      2.55857 |
| 2025-12-31 00:00:00 | 2026-01-02 00:00:00 | L_AMC_m30_ramp     | Retracement Stop (Max Up: 5.07%) |      2.53678 |
2026-01-05 20:21:18,246 [INFO   ] 
============================================================
2026-01-05 20:21:18,246 [INFO   ] [32m[1m--- [STRATEGY VERDICT: PROFITABLE] ---
2026-01-05 20:21:18,246 [INFO   ] ============================================================
2026-01-05 20:21:18,246 [INFO   ] [1m[32m
--- [LIVE STATUS] ---
2026-01-05 20:21:18,246 [INFO   ] The simulation finished while IN A TRADE.
2026-01-05 20:21:18,246 [INFO   ] Entry Date: 2026-01-05
2026-01-05 20:21:18,246 [INFO   ] Entry Price: $19.77
2026-01-05 20:21:18,246 [INFO   ] This is a potential LIVE BUY SIGNAL.
2026-01-05 20:21:18,246 [INFO   ] Renaming log file to indicate active trade...
