2026-01-06 00:15:13,191 [INFO   ] --- [Quick Strike Scanner v5.1 Started for UPWK] ---
2026-01-06 00:15:14,356 [INFO   ] Data loaded from fixed start date: 2020-01-01
2026-01-06 00:15:48,719 [INFO   ] [32m!!! BUY SIGNAL on 2025-12-31 at $19.82 !!!
2026-01-06 00:15:48,719 [INFO   ] [32m!!! SELL: Break Even Stop | Profit: 0.00% !!!
2026-01-06 00:15:48,836 [INFO   ] [32m!!! BUY SIGNAL on 2026-01-05 at $20.62 !!!
2026-01-06 00:15:48,837 [INFO   ] 
============================================================
2026-01-06 00:15:48,837 [INFO   ] Total Trades: 1 | Win Rate: 0.00% | Avg P/L: 0.00%
2026-01-06 00:15:48,837 [INFO   ] [36mSimulated Account ($10k start): $10,000.00 (Total Return: 0.00%)
2026-01-06 00:15:48,843 [INFO   ] 
| entry_date          | exit_date           | match_name         | exit_reason     |   profit_pct |
|:--------------------|:--------------------|:-------------------|:----------------|-------------:|
| 2025-12-31 00:00:00 | 2026-01-02 00:00:00 | C_SOL_20210823_m10 | Break Even Stop |            0 |
2026-01-06 00:15:48,843 [INFO   ] 
============================================================
2026-01-06 00:15:48,843 [INFO   ] [31m[1m--- [STRATEGY VERDICT: BLACK SHEEP] ---
2026-01-06 00:15:48,843 [INFO   ] ============================================================
2026-01-06 00:15:48,843 [INFO   ] [1m[32m
--- [LIVE STATUS] ---
2026-01-06 00:15:48,843 [INFO   ] The simulation finished while IN A TRADE.
2026-01-06 00:15:48,843 [INFO   ] Entry Date: 2026-01-05
2026-01-06 00:15:48,843 [INFO   ] Entry Price: $20.62
2026-01-06 00:15:48,843 [INFO   ] This is a potential LIVE BUY SIGNAL.
2026-01-06 00:15:48,843 [INFO   ] Renaming log file to indicate active trade...
