2026-01-05 03:00:51,019 [INFO   ] --- [Quick Strike Scanner v5.1 Started for ALTO] ---
2026-01-05 03:00:52,218 [INFO   ] Data loaded from fixed start date: 2020-01-01
2026-01-05 03:01:26,162 [INFO   ] [32m!!! BUY SIGNAL on 2025-12-30 at $2.91 !!!
2026-01-05 03:01:26,163 [INFO   ] [32m!!! SELL: Retracement Stop (Max Up: 2.06%) | Profit: 1.03% !!!
2026-01-05 03:01:26,183 [INFO   ] [32m!!! BUY SIGNAL on 2026-01-02 at $2.66 !!!
2026-01-05 03:01:26,183 [INFO   ] 
============================================================
2026-01-05 03:01:26,183 [INFO   ] Total Trades: 1 | Win Rate: 100.00% | Avg P/L: 1.03%
2026-01-05 03:01:26,183 [INFO   ] [36mSimulated Account ($10k start): $10,103.09 (Total Return: 1.03%)
2026-01-05 03:01:26,188 [INFO   ] 
| entry_date          | exit_date           | match_name      | exit_reason                      |   profit_pct |
|:--------------------|:--------------------|:----------------|:---------------------------------|-------------:|
| 2025-12-30 00:00:00 | 2025-12-31 00:00:00 | L_CSCO_m90_ramp | Retracement Stop (Max Up: 2.06%) |      1.03093 |
2026-01-05 03:01:26,188 [INFO   ] 
============================================================
2026-01-05 03:01:26,188 [INFO   ] [32m[1m--- [STRATEGY VERDICT: PROFITABLE] ---
2026-01-05 03:01:26,188 [INFO   ] ============================================================
2026-01-05 03:01:26,188 [INFO   ] [1m[32m
--- [LIVE STATUS] ---
2026-01-05 03:01:26,188 [INFO   ] The simulation finished while IN A TRADE.
2026-01-05 03:01:26,189 [INFO   ] Entry Date: 2026-01-02
2026-01-05 03:01:26,189 [INFO   ] Entry Price: $2.66
2026-01-05 03:01:26,189 [INFO   ] This is a potential LIVE BUY SIGNAL.
2026-01-05 03:01:26,189 [INFO   ] Renaming log file to indicate active trade...
