2026-01-05 13:04:17,044 [INFO   ] --- [Quick Strike Scanner v5.1 Started for IMNM] ---
2026-01-05 13:04:18,120 [INFO   ] Data loaded from fixed start date: 2020-01-01
2026-01-05 13:04:52,213 [INFO   ] [32m!!! BUY SIGNAL on 2025-12-30 at $21.18 !!!
2026-01-05 13:04:52,213 [INFO   ] [32m!!! SELL: Retracement Stop (Max Up: 2.27%) | Profit: 1.13% !!!
2026-01-05 13:04:52,247 [INFO   ] [32m!!! BUY SIGNAL on 2026-01-02 at $20.82 !!!
2026-01-05 13:04:52,247 [INFO   ] 
============================================================
2026-01-05 13:04:52,247 [INFO   ] Total Trades: 1 | Win Rate: 100.00% | Avg P/L: 1.13%
2026-01-05 13:04:52,247 [INFO   ] [36mSimulated Account ($10k start): $10,113.31 (Total Return: 1.13%)
2026-01-05 13:04:52,253 [INFO   ] 
| entry_date          | exit_date           | match_name         | exit_reason                      |   profit_pct |
|:--------------------|:--------------------|:-------------------|:---------------------------------|-------------:|
| 2025-12-30 00:00:00 | 2025-12-31 00:00:00 | C_SOL_20210204_m60 | Retracement Stop (Max Up: 2.27%) |      1.13314 |
2026-01-05 13:04:52,253 [INFO   ] 
============================================================
2026-01-05 13:04:52,253 [INFO   ] [32m[1m--- [STRATEGY VERDICT: PROFITABLE] ---
2026-01-05 13:04:52,253 [INFO   ] ============================================================
2026-01-05 13:04:52,253 [INFO   ] [1m[32m
--- [LIVE STATUS] ---
2026-01-05 13:04:52,253 [INFO   ] The simulation finished while IN A TRADE.
2026-01-05 13:04:52,254 [INFO   ] Entry Date: 2026-01-02
2026-01-05 13:04:52,254 [INFO   ] Entry Price: $20.82
2026-01-05 13:04:52,254 [INFO   ] This is a potential LIVE BUY SIGNAL.
2026-01-05 13:04:52,254 [INFO   ] Renaming log file to indicate active trade...
