2026-01-06 00:14:34,227 [INFO   ] --- [Quick Strike Scanner v5.1 Started for UPST] ---
2026-01-06 00:14:35,244 [INFO   ] Data loaded from fixed start date: 2020-01-01
2026-01-06 00:15:08,405 [INFO   ] [32m!!! BUY SIGNAL on 2025-12-31 at $43.73 !!!
2026-01-06 00:15:08,405 [INFO   ] [32m!!! SELL: Retracement Stop (Max Up: 4.99%) | Profit: 2.49% !!!
2026-01-06 00:15:08,456 [INFO   ] [32m!!! BUY SIGNAL on 2026-01-05 at $50.70 !!!
2026-01-06 00:15:08,456 [INFO   ] 
============================================================
2026-01-06 00:15:08,456 [INFO   ] Total Trades: 1 | Win Rate: 100.00% | Avg P/L: 2.49%
2026-01-06 00:15:08,456 [INFO   ] [36mSimulated Account ($10k start): $10,249.26 (Total Return: 2.49%)
2026-01-06 00:15:08,462 [INFO   ] 
| entry_date          | exit_date           | match_name      | exit_reason                      |   profit_pct |
|:--------------------|:--------------------|:----------------|:---------------------------------|-------------:|
| 2025-12-31 00:00:00 | 2026-01-02 00:00:00 | L_CSCO_m90_ramp | Retracement Stop (Max Up: 4.99%) |      2.49257 |
2026-01-06 00:15:08,462 [INFO   ] 
============================================================
2026-01-06 00:15:08,462 [INFO   ] [32m[1m--- [STRATEGY VERDICT: PROFITABLE] ---
2026-01-06 00:15:08,462 [INFO   ] ============================================================
2026-01-06 00:15:08,462 [INFO   ] [1m[32m
--- [LIVE STATUS] ---
2026-01-06 00:15:08,462 [INFO   ] The simulation finished while IN A TRADE.
2026-01-06 00:15:08,462 [INFO   ] Entry Date: 2026-01-05
2026-01-06 00:15:08,463 [INFO   ] Entry Price: $50.70
2026-01-06 00:15:08,463 [INFO   ] This is a potential LIVE BUY SIGNAL.
2026-01-06 00:15:08,463 [INFO   ] Renaming log file to indicate active trade...
