2026-01-05 19:10:44,736 [INFO   ] --- [Quick Strike Scanner v5.1 Started for PONY] ---
2026-01-05 19:10:49,283 [INFO   ] Data loaded from fixed start date: 2020-01-01
2026-01-05 19:11:21,148 [INFO   ] [32m!!! BUY SIGNAL on 2025-12-31 at $14.50 !!!
2026-01-05 19:11:21,148 [INFO   ] [32m!!! SELL: Retracement Stop (Max Up: 11.38%) | Profit: 5.69% !!!
2026-01-05 19:11:21,153 [INFO   ] [32m!!! BUY SIGNAL on 2026-01-05 at $16.59 !!!
2026-01-05 19:11:21,153 [INFO   ] 
============================================================
2026-01-05 19:11:21,153 [INFO   ] Total Trades: 1 | Win Rate: 100.00% | Avg P/L: 5.69%
2026-01-05 19:11:21,153 [INFO   ] [36mSimulated Account ($10k start): $10,568.97 (Total Return: 5.69%)
2026-01-05 19:11:21,159 [INFO   ] 
| entry_date          | exit_date           | match_name      | exit_reason                       |   profit_pct |
|:--------------------|:--------------------|:----------------|:----------------------------------|-------------:|
| 2025-12-31 00:00:00 | 2026-01-02 00:00:00 | L_CSCO_m90_ramp | Retracement Stop (Max Up: 11.38%) |      5.68965 |
2026-01-05 19:11:21,159 [INFO   ] 
============================================================
2026-01-05 19:11:21,159 [INFO   ] [32m[1m--- [STRATEGY VERDICT: PROFITABLE] ---
2026-01-05 19:11:21,159 [INFO   ] ============================================================
2026-01-05 19:11:21,159 [INFO   ] [1m[32m
--- [LIVE STATUS] ---
2026-01-05 19:11:21,159 [INFO   ] The simulation finished while IN A TRADE.
2026-01-05 19:11:21,159 [INFO   ] Entry Date: 2026-01-05
2026-01-05 19:11:21,159 [INFO   ] Entry Price: $16.59
2026-01-05 19:11:21,159 [INFO   ] This is a potential LIVE BUY SIGNAL.
2026-01-05 19:11:21,159 [INFO   ] Renaming log file to indicate active trade...
