2026-01-05 22:54:03,664 [INFO   ] --- [Quick Strike Scanner v5.1 Started for TECK] ---
2026-01-05 22:54:04,560 [INFO   ] Data loaded from fixed start date: 2020-01-01
2026-01-05 22:54:38,400 [INFO   ] [32m!!! BUY SIGNAL on 2025-12-31 at $47.89 !!!
2026-01-05 22:54:38,400 [INFO   ] [32m!!! SELL: Retracement Stop (Max Up: 2.78%) | Profit: 1.39% !!!
2026-01-05 22:54:38,452 [INFO   ] [32m!!! BUY SIGNAL on 2026-01-05 at $50.00 !!!
2026-01-05 22:54:38,452 [INFO   ] 
============================================================
2026-01-05 22:54:38,453 [INFO   ] Total Trades: 1 | Win Rate: 100.00% | Avg P/L: 1.39%
2026-01-05 22:54:38,453 [INFO   ] [36mSimulated Account ($10k start): $10,138.86 (Total Return: 1.39%)
2026-01-05 22:54:38,459 [INFO   ] 
| entry_date          | exit_date           | match_name      | exit_reason                      |   profit_pct |
|:--------------------|:--------------------|:----------------|:---------------------------------|-------------:|
| 2025-12-31 00:00:00 | 2026-01-02 00:00:00 | L_CSCO_m90_ramp | Retracement Stop (Max Up: 2.78%) |       1.3886 |
2026-01-05 22:54:38,459 [INFO   ] 
============================================================
2026-01-05 22:54:38,459 [INFO   ] [32m[1m--- [STRATEGY VERDICT: PROFITABLE] ---
2026-01-05 22:54:38,459 [INFO   ] ============================================================
2026-01-05 22:54:38,459 [INFO   ] [1m[32m
--- [LIVE STATUS] ---
2026-01-05 22:54:38,459 [INFO   ] The simulation finished while IN A TRADE.
2026-01-05 22:54:38,459 [INFO   ] Entry Date: 2026-01-05
2026-01-05 22:54:38,459 [INFO   ] Entry Price: $50.00
2026-01-05 22:54:38,459 [INFO   ] This is a potential LIVE BUY SIGNAL.
2026-01-05 22:54:38,459 [INFO   ] Renaming log file to indicate active trade...
