2026-01-05 21:28:47,809 [INFO   ] --- [Quick Strike Scanner v5.1 Started for SIDU] ---
2026-01-05 21:28:48,785 [INFO   ] Data loaded from fixed start date: 2020-01-01
2026-01-05 21:29:22,811 [INFO   ] [32m!!! BUY SIGNAL on 2025-12-31 at $3.14 !!!
2026-01-05 21:29:22,811 [INFO   ] [32m!!! SELL: Retracement Stop (Max Up: 41.40%) | Profit: 20.70% !!!
2026-01-05 21:29:22,870 [INFO   ] [32m!!! BUY SIGNAL on 2026-01-05 at $3.96 !!!
2026-01-05 21:29:22,870 [INFO   ] 
============================================================
2026-01-05 21:29:22,870 [INFO   ] Total Trades: 1 | Win Rate: 100.00% | Avg P/L: 20.70%
2026-01-05 21:29:22,870 [INFO   ] [36mSimulated Account ($10k start): $12,070.06 (Total Return: 20.70%)
2026-01-05 21:29:22,879 [INFO   ] 
| entry_date          | exit_date           | match_name      | exit_reason                       |   profit_pct |
|:--------------------|:--------------------|:----------------|:----------------------------------|-------------:|
| 2025-12-31 00:00:00 | 2026-01-02 00:00:00 | L_IYR_m120_ramp | Retracement Stop (Max Up: 41.40%) |      20.7006 |
2026-01-05 21:29:22,879 [INFO   ] 
============================================================
2026-01-05 21:29:22,879 [INFO   ] [32m[1m--- [STRATEGY VERDICT: PROFITABLE] ---
2026-01-05 21:29:22,879 [INFO   ] ============================================================
2026-01-05 21:29:22,879 [INFO   ] [1m[32m
--- [LIVE STATUS] ---
2026-01-05 21:29:22,880 [INFO   ] The simulation finished while IN A TRADE.
2026-01-05 21:29:22,880 [INFO   ] Entry Date: 2026-01-05
2026-01-05 21:29:22,880 [INFO   ] Entry Price: $3.96
2026-01-05 21:29:22,880 [INFO   ] This is a potential LIVE BUY SIGNAL.
2026-01-05 21:29:22,880 [INFO   ] Renaming log file to indicate active trade...
