2026-01-05 16:59:21,355 [INFO   ] --- [Quick Strike Scanner v5.1 Started for NOK] ---
2026-01-05 16:59:22,223 [INFO   ] Data loaded from fixed start date: 2020-01-01
2026-01-05 16:59:53,796 [INFO   ] [32m!!! BUY SIGNAL on 2022-12-06 at $4.43 !!!
2026-01-05 16:59:53,796 [INFO   ] [32m!!! SELL: Break Even Stop | Profit: 0.00% !!!
2026-01-05 16:59:53,902 [INFO   ] [32m!!! BUY SIGNAL on 2026-01-05 at $6.54 !!!
2026-01-05 16:59:53,902 [INFO   ] 
============================================================
2026-01-05 16:59:53,902 [INFO   ] Total Trades: 1 | Win Rate: 0.00% | Avg P/L: 0.00%
2026-01-05 16:59:53,902 [INFO   ] [36mSimulated Account ($10k start): $10,000.00 (Total Return: 0.00%)
2026-01-05 16:59:53,915 [INFO   ] 
| entry_date          | exit_date           | match_name     | exit_reason     |   profit_pct |
|:--------------------|:--------------------|:---------------|:----------------|-------------:|
| 2022-12-06 00:00:00 | 2022-12-12 00:00:00 | L_AMC_m30_ramp | Break Even Stop |            0 |
2026-01-05 16:59:53,915 [INFO   ] 
============================================================
2026-01-05 16:59:53,915 [INFO   ] [31m[1m--- [STRATEGY VERDICT: BLACK SHEEP] ---
2026-01-05 16:59:53,915 [INFO   ] ============================================================
2026-01-05 16:59:53,915 [INFO   ] [1m[32m
--- [LIVE STATUS] ---
2026-01-05 16:59:53,915 [INFO   ] The simulation finished while IN A TRADE.
2026-01-05 16:59:53,915 [INFO   ] Entry Date: 2026-01-05
2026-01-05 16:59:53,915 [INFO   ] Entry Price: $6.54
2026-01-05 16:59:53,915 [INFO   ] This is a potential LIVE BUY SIGNAL.
2026-01-05 16:59:53,915 [INFO   ] Renaming log file to indicate active trade...
