2026-01-05 18:29:01,149 [INFO   ] --- [Quick Strike Scanner v5.1 Started for PCAR] ---
2026-01-05 18:29:01,973 [INFO   ] Data loaded from fixed start date: 2020-01-01
2026-01-05 18:29:35,439 [INFO   ] [32m!!! BUY SIGNAL on 2025-12-31 at $109.51 !!!
2026-01-05 18:29:35,439 [INFO   ] [32m!!! SELL: Retracement Stop (Max Up: 2.44%) | Profit: 1.22% !!!
2026-01-05 18:29:35,490 [INFO   ] [32m!!! BUY SIGNAL on 2026-01-05 at $112.81 !!!
2026-01-05 18:29:35,490 [INFO   ] 
============================================================
2026-01-05 18:29:35,490 [INFO   ] Total Trades: 1 | Win Rate: 100.00% | Avg P/L: 1.22%
2026-01-05 18:29:35,490 [INFO   ] [36mSimulated Account ($10k start): $10,121.91 (Total Return: 1.22%)
2026-01-05 18:29:35,496 [INFO   ] 
| entry_date          | exit_date           | match_name      | exit_reason                      |   profit_pct |
|:--------------------|:--------------------|:----------------|:---------------------------------|-------------:|
| 2025-12-31 00:00:00 | 2026-01-02 00:00:00 | L_CSCO_m90_ramp | Retracement Stop (Max Up: 2.44%) |      1.21907 |
2026-01-05 18:29:35,497 [INFO   ] 
============================================================
2026-01-05 18:29:35,497 [INFO   ] [32m[1m--- [STRATEGY VERDICT: PROFITABLE] ---
2026-01-05 18:29:35,497 [INFO   ] ============================================================
2026-01-05 18:29:35,497 [INFO   ] [1m[32m
--- [LIVE STATUS] ---
2026-01-05 18:29:35,497 [INFO   ] The simulation finished while IN A TRADE.
2026-01-05 18:29:35,497 [INFO   ] Entry Date: 2026-01-05
2026-01-05 18:29:35,497 [INFO   ] Entry Price: $112.81
2026-01-05 18:29:35,497 [INFO   ] This is a potential LIVE BUY SIGNAL.
2026-01-05 18:29:35,497 [INFO   ] Renaming log file to indicate active trade...
