2026-01-06 01:38:42,577 [INFO   ] --- [Quick Strike Scanner v5.1 Started for WSM] ---
2026-01-06 01:38:43,858 [INFO   ] Data loaded from fixed start date: 2020-01-01
2026-01-06 01:39:17,151 [INFO   ] [32m!!! BUY SIGNAL on 2023-01-31 at $64.10 !!!
2026-01-06 01:39:17,152 [INFO   ] [32m!!! SELL: Retracement Stop (Max Up: 3.89%) | Profit: 1.95% !!!
2026-01-06 01:39:17,216 [INFO   ] [32m!!! BUY SIGNAL on 2026-01-05 at $191.76 !!!
2026-01-06 01:39:17,216 [INFO   ] 
============================================================
2026-01-06 01:39:17,216 [INFO   ] Total Trades: 1 | Win Rate: 100.00% | Avg P/L: 1.95%
2026-01-06 01:39:17,216 [INFO   ] [36mSimulated Account ($10k start): $10,194.53 (Total Return: 1.95%)
2026-01-06 01:39:17,229 [INFO   ] 
| entry_date          | exit_date           | match_name      | exit_reason                      |   profit_pct |
|:--------------------|:--------------------|:----------------|:---------------------------------|-------------:|
| 2023-01-31 00:00:00 | 2023-02-01 00:00:00 | L_IYR_m120_ramp | Retracement Stop (Max Up: 3.89%) |      1.94531 |
2026-01-06 01:39:17,229 [INFO   ] 
============================================================
2026-01-06 01:39:17,229 [INFO   ] [32m[1m--- [STRATEGY VERDICT: PROFITABLE] ---
2026-01-06 01:39:17,229 [INFO   ] ============================================================
2026-01-06 01:39:17,230 [INFO   ] [1m[32m
--- [LIVE STATUS] ---
2026-01-06 01:39:17,230 [INFO   ] The simulation finished while IN A TRADE.
2026-01-06 01:39:17,230 [INFO   ] Entry Date: 2026-01-05
2026-01-06 01:39:17,230 [INFO   ] Entry Price: $191.76
2026-01-06 01:39:17,230 [INFO   ] This is a potential LIVE BUY SIGNAL.
2026-01-06 01:39:17,230 [INFO   ] Renaming log file to indicate active trade...
