2026-01-05 16:43:36,693 [INFO   ] --- [Quick Strike Scanner v5.1 Started for NFGC] ---
2026-01-05 16:43:38,156 [INFO   ] Data loaded from fixed start date: 2020-01-01
2026-01-05 16:44:11,032 [INFO   ] [32m!!! BUY SIGNAL on 2025-12-31 at $2.97 !!!
2026-01-05 16:44:11,032 [INFO   ] [32m!!! SELL: Retracement Stop (Max Up: 4.88%) | Profit: 2.44% !!!
2026-01-05 16:44:11,085 [INFO   ] [32m!!! BUY SIGNAL on 2026-01-05 at $3.12 !!!
2026-01-05 16:44:11,085 [INFO   ] 
============================================================
2026-01-05 16:44:11,086 [INFO   ] Total Trades: 1 | Win Rate: 100.00% | Avg P/L: 2.44%
2026-01-05 16:44:11,086 [INFO   ] [36mSimulated Account ($10k start): $10,244.11 (Total Return: 2.44%)
2026-01-05 16:44:11,092 [INFO   ] 
| entry_date          | exit_date           | match_name      | exit_reason                      |   profit_pct |
|:--------------------|:--------------------|:----------------|:---------------------------------|-------------:|
| 2025-12-31 00:00:00 | 2026-01-02 00:00:00 | L_CSCO_m90_ramp | Retracement Stop (Max Up: 4.88%) |      2.44108 |
2026-01-05 16:44:11,092 [INFO   ] 
============================================================
2026-01-05 16:44:11,092 [INFO   ] [32m[1m--- [STRATEGY VERDICT: PROFITABLE] ---
2026-01-05 16:44:11,092 [INFO   ] ============================================================
2026-01-05 16:44:11,092 [INFO   ] [1m[32m
--- [LIVE STATUS] ---
2026-01-05 16:44:11,092 [INFO   ] The simulation finished while IN A TRADE.
2026-01-05 16:44:11,092 [INFO   ] Entry Date: 2026-01-05
2026-01-05 16:44:11,092 [INFO   ] Entry Price: $3.12
2026-01-05 16:44:11,092 [INFO   ] This is a potential LIVE BUY SIGNAL.
2026-01-05 16:44:11,093 [INFO   ] Renaming log file to indicate active trade...
