2026-01-05 21:14:40,458 [INFO   ] --- [Quick Strike Scanner v5.1 Started for SEZL] ---
2026-01-05 21:14:40,853 [INFO   ] Data loaded from fixed start date: 2020-01-01
2026-01-05 21:15:14,520 [INFO   ] [32m!!! BUY SIGNAL on 2025-12-31 at $63.47 !!!
2026-01-05 21:15:14,520 [INFO   ] [32m!!! SELL: Retracement Stop (Max Up: 3.41%) | Profit: 1.71% !!!
2026-01-05 21:15:14,645 [INFO   ] [32m!!! BUY SIGNAL on 2026-01-05 at $69.31 !!!
2026-01-05 21:15:14,645 [INFO   ] 
============================================================
2026-01-05 21:15:14,645 [INFO   ] Total Trades: 1 | Win Rate: 100.00% | Avg P/L: 1.71%
2026-01-05 21:15:14,645 [INFO   ] [36mSimulated Account ($10k start): $10,170.54 (Total Return: 1.71%)
2026-01-05 21:15:14,655 [INFO   ] 
| entry_date          | exit_date           | match_name         | exit_reason                      |   profit_pct |
|:--------------------|:--------------------|:-------------------|:---------------------------------|-------------:|
| 2025-12-31 00:00:00 | 2026-01-02 00:00:00 | C_SOL_20210823_m10 | Retracement Stop (Max Up: 3.41%) |       1.7054 |
2026-01-05 21:15:14,655 [INFO   ] 
============================================================
2026-01-05 21:15:14,655 [INFO   ] [32m[1m--- [STRATEGY VERDICT: PROFITABLE] ---
2026-01-05 21:15:14,655 [INFO   ] ============================================================
2026-01-05 21:15:14,655 [INFO   ] [1m[32m
--- [LIVE STATUS] ---
2026-01-05 21:15:14,655 [INFO   ] The simulation finished while IN A TRADE.
2026-01-05 21:15:14,655 [INFO   ] Entry Date: 2026-01-05
2026-01-05 21:15:14,655 [INFO   ] Entry Price: $69.31
2026-01-05 21:15:14,655 [INFO   ] This is a potential LIVE BUY SIGNAL.
2026-01-05 21:15:14,655 [INFO   ] Renaming log file to indicate active trade...
