2026-01-05 06:04:39,268 [INFO   ] --- [Quick Strike Scanner v5.1 Started for CCO] ---
2026-01-05 06:04:39,665 [INFO   ] Data loaded from fixed start date: 2020-01-01
2026-01-05 06:05:13,489 [INFO   ] [32m!!! BUY SIGNAL on 2025-12-30 at $2.15 !!!
2026-01-05 06:05:13,489 [INFO   ] [32m!!! SELL: Retracement Stop (Max Up: 3.26%) | Profit: 1.63% !!!
2026-01-05 06:05:13,540 [INFO   ] [32m!!! BUY SIGNAL on 2026-01-02 at $2.12 !!!
2026-01-05 06:05:13,540 [INFO   ] 
============================================================
2026-01-05 06:05:13,540 [INFO   ] Total Trades: 1 | Win Rate: 100.00% | Avg P/L: 1.63%
2026-01-05 06:05:13,540 [INFO   ] [36mSimulated Account ($10k start): $10,162.79 (Total Return: 1.63%)
2026-01-05 06:05:13,546 [INFO   ] 
| entry_date          | exit_date           | match_name      | exit_reason                      |   profit_pct |
|:--------------------|:--------------------|:----------------|:---------------------------------|-------------:|
| 2025-12-30 00:00:00 | 2025-12-31 00:00:00 | L_CSCO_m90_ramp | Retracement Stop (Max Up: 3.26%) |      1.62791 |
2026-01-05 06:05:13,547 [INFO   ] 
============================================================
2026-01-05 06:05:13,547 [INFO   ] [32m[1m--- [STRATEGY VERDICT: PROFITABLE] ---
2026-01-05 06:05:13,547 [INFO   ] ============================================================
2026-01-05 06:05:13,547 [INFO   ] [1m[32m
--- [LIVE STATUS] ---
2026-01-05 06:05:13,547 [INFO   ] The simulation finished while IN A TRADE.
2026-01-05 06:05:13,547 [INFO   ] Entry Date: 2026-01-02
2026-01-05 06:05:13,547 [INFO   ] Entry Price: $2.12
2026-01-05 06:05:13,547 [INFO   ] This is a potential LIVE BUY SIGNAL.
2026-01-05 06:05:13,547 [INFO   ] Renaming log file to indicate active trade...
