2026-01-06 01:38:42,731 [INFO   ] --- [Quick Strike Scanner v5.1 Started for WSM] ---
2026-01-06 01:38:43,655 [INFO   ] Data loaded from fixed start date: 2020-01-01
2026-01-06 01:39:16,984 [INFO   ] [32m!!! BUY SIGNAL on 2021-09-17 at $85.21 !!!
2026-01-06 01:39:16,984 [INFO   ] [32m!!! SELL: Retracement Stop (Max Up: 2.84%) | Profit: 1.42% !!!
2026-01-06 01:39:17,111 [INFO   ] [32m!!! BUY SIGNAL on 2026-01-05 at $191.76 !!!
2026-01-06 01:39:17,112 [INFO   ] 
============================================================
2026-01-06 01:39:17,112 [INFO   ] Total Trades: 1 | Win Rate: 100.00% | Avg P/L: 1.42%
2026-01-06 01:39:17,112 [INFO   ] [36mSimulated Account ($10k start): $10,142.16 (Total Return: 1.42%)
2026-01-06 01:39:17,124 [INFO   ] 
| entry_date          | exit_date           | match_name          | exit_reason                      |   profit_pct |
|:--------------------|:--------------------|:--------------------|:---------------------------------|-------------:|
| 2021-09-17 00:00:00 | 2021-09-22 00:00:00 | C_NVAX_20200427_m15 | Retracement Stop (Max Up: 2.84%) |      1.42156 |
2026-01-06 01:39:17,124 [INFO   ] 
============================================================
2026-01-06 01:39:17,124 [INFO   ] [32m[1m--- [STRATEGY VERDICT: PROFITABLE] ---
2026-01-06 01:39:17,124 [INFO   ] ============================================================
2026-01-06 01:39:17,124 [INFO   ] [1m[32m
--- [LIVE STATUS] ---
2026-01-06 01:39:17,124 [INFO   ] The simulation finished while IN A TRADE.
2026-01-06 01:39:17,124 [INFO   ] Entry Date: 2026-01-05
2026-01-06 01:39:17,124 [INFO   ] Entry Price: $191.76
2026-01-06 01:39:17,124 [INFO   ] This is a potential LIVE BUY SIGNAL.
2026-01-06 01:39:17,124 [INFO   ] Renaming log file to indicate active trade...
