2026-01-05 21:34:37,992 [INFO   ] --- [Quick Strike Scanner v5.1 Started for SKYT] ---
2026-01-05 21:34:38,495 [INFO   ] Data loaded from fixed start date: 2020-01-01
2026-01-05 21:35:12,033 [INFO   ] [32m!!! BUY SIGNAL on 2025-12-31 at $18.16 !!!
2026-01-05 21:35:12,034 [INFO   ] [32m!!! SELL: Retracement Stop (Max Up: 24.17%) | Profit: 12.09% !!!
2026-01-05 21:35:12,084 [INFO   ] [32m!!! BUY SIGNAL on 2026-01-05 at $25.16 !!!
2026-01-05 21:35:12,084 [INFO   ] 
============================================================
2026-01-05 21:35:12,084 [INFO   ] Total Trades: 1 | Win Rate: 100.00% | Avg P/L: 12.09%
2026-01-05 21:35:12,084 [INFO   ] [36mSimulated Account ($10k start): $11,208.70 (Total Return: 12.09%)
2026-01-05 21:35:12,091 [INFO   ] 
| entry_date          | exit_date           | match_name         | exit_reason                       |   profit_pct |
|:--------------------|:--------------------|:-------------------|:----------------------------------|-------------:|
| 2025-12-31 00:00:00 | 2026-01-02 00:00:00 | C_GME_20201109_m90 | Retracement Stop (Max Up: 24.17%) |       12.087 |
2026-01-05 21:35:12,091 [INFO   ] 
============================================================
2026-01-05 21:35:12,091 [INFO   ] [32m[1m--- [STRATEGY VERDICT: PROFITABLE] ---
2026-01-05 21:35:12,091 [INFO   ] ============================================================
2026-01-05 21:35:12,091 [INFO   ] [1m[32m
--- [LIVE STATUS] ---
2026-01-05 21:35:12,091 [INFO   ] The simulation finished while IN A TRADE.
2026-01-05 21:35:12,091 [INFO   ] Entry Date: 2026-01-05
2026-01-05 21:35:12,091 [INFO   ] Entry Price: $25.16
2026-01-05 21:35:12,091 [INFO   ] This is a potential LIVE BUY SIGNAL.
2026-01-05 21:35:12,091 [INFO   ] Renaming log file to indicate active trade...
