2026-01-05 17:38:29,180 [INFO   ] --- [Quick Strike Scanner v5.1 Started for ODFL] ---
2026-01-05 17:38:30,689 [INFO   ] Data loaded from fixed start date: 2020-01-01
2026-01-05 17:39:04,540 [INFO   ] [32m!!! BUY SIGNAL on 2025-12-31 at $156.80 !!!
2026-01-05 17:39:04,541 [INFO   ] [32m!!! SELL: Retracement Stop (Max Up: 2.14%) | Profit: 1.07% !!!
2026-01-05 17:39:04,590 [INFO   ] [32m!!! BUY SIGNAL on 2026-01-05 at $164.57 !!!
2026-01-05 17:39:04,591 [INFO   ] 
============================================================
2026-01-05 17:39:04,591 [INFO   ] Total Trades: 1 | Win Rate: 100.00% | Avg P/L: 1.07%
2026-01-05 17:39:04,591 [INFO   ] [36mSimulated Account ($10k start): $10,106.82 (Total Return: 1.07%)
2026-01-05 17:39:04,597 [INFO   ] 
| entry_date          | exit_date           | match_name      | exit_reason                      |   profit_pct |
|:--------------------|:--------------------|:----------------|:---------------------------------|-------------:|
| 2025-12-31 00:00:00 | 2026-01-02 00:00:00 | L_CSCO_m90_ramp | Retracement Stop (Max Up: 2.14%) |      1.06824 |
2026-01-05 17:39:04,597 [INFO   ] 
============================================================
2026-01-05 17:39:04,597 [INFO   ] [32m[1m--- [STRATEGY VERDICT: PROFITABLE] ---
2026-01-05 17:39:04,597 [INFO   ] ============================================================
2026-01-05 17:39:04,597 [INFO   ] [1m[32m
--- [LIVE STATUS] ---
2026-01-05 17:39:04,597 [INFO   ] The simulation finished while IN A TRADE.
2026-01-05 17:39:04,598 [INFO   ] Entry Date: 2026-01-05
2026-01-05 17:39:04,598 [INFO   ] Entry Price: $164.57
2026-01-05 17:39:04,598 [INFO   ] This is a potential LIVE BUY SIGNAL.
2026-01-05 17:39:04,598 [INFO   ] Renaming log file to indicate active trade...
