2026-01-05 09:52:45,550 [INFO   ] --- [Quick Strike Scanner v5.1 Started for EXLS] ---
2026-01-05 09:52:46,950 [INFO   ] Data loaded from fixed start date: 2020-01-01
2026-01-05 09:53:20,402 [INFO   ] [32m!!! BUY SIGNAL on 2022-08-17 at $35.68 !!!
2026-01-05 09:53:20,402 [INFO   ] [31m!!! SELL: Time Stop (7 days) | Profit: -4.42% !!!
2026-01-05 09:53:20,474 [INFO   ] [32m!!! BUY SIGNAL on 2025-12-30 at $42.75 !!!
2026-01-05 09:53:20,474 [INFO   ] 
============================================================
2026-01-05 09:53:20,474 [INFO   ] Total Trades: 1 | Win Rate: 0.00% | Avg P/L: -4.42%
2026-01-05 09:53:20,474 [INFO   ] [36mSimulated Account ($10k start): $9,557.69 (Total Return: -4.42%)
2026-01-05 09:53:20,486 [INFO   ] 
| entry_date          | exit_date           | match_name      | exit_reason        |   profit_pct |
|:--------------------|:--------------------|:----------------|:-------------------|-------------:|
| 2022-08-17 00:00:00 | 2022-08-26 00:00:00 | L_IYR_m120_ramp | Time Stop (7 days) |     -4.42314 |
2026-01-05 09:53:20,487 [INFO   ] 
============================================================
2026-01-05 09:53:20,487 [INFO   ] [31m[1m--- [STRATEGY VERDICT: BLACK SHEEP] ---
2026-01-05 09:53:20,487 [INFO   ] ============================================================
2026-01-05 09:53:20,487 [INFO   ] [1m[32m
--- [LIVE STATUS] ---
2026-01-05 09:53:20,487 [INFO   ] The simulation finished while IN A TRADE.
2026-01-05 09:53:20,487 [INFO   ] Entry Date: 2025-12-30
2026-01-05 09:53:20,487 [INFO   ] Entry Price: $42.75
2026-01-05 09:53:20,487 [INFO   ] This is a potential LIVE BUY SIGNAL.
2026-01-05 09:53:20,487 [INFO   ] Renaming log file to indicate active trade...
