2026-01-05 22:44:22,091 [INFO   ] --- [Quick Strike Scanner v5.1 Started for TBBB] ---
2026-01-05 22:44:23,111 [INFO   ] Data loaded from fixed start date: 2020-01-01
2026-01-05 22:44:56,608 [INFO   ] [32m!!! BUY SIGNAL on 2025-12-31 at $33.39 !!!
2026-01-05 22:44:56,608 [INFO   ] [32m!!! SELL: Retracement Stop (Max Up: 5.63%) | Profit: 2.82% !!!
2026-01-05 22:44:56,672 [INFO   ] [32m!!! BUY SIGNAL on 2026-01-05 at $35.16 !!!
2026-01-05 22:44:56,672 [INFO   ] 
============================================================
2026-01-05 22:44:56,672 [INFO   ] Total Trades: 1 | Win Rate: 100.00% | Avg P/L: 2.82%
2026-01-05 22:44:56,672 [INFO   ] [36mSimulated Account ($10k start): $10,281.52 (Total Return: 2.82%)
2026-01-05 22:44:56,683 [INFO   ] 
| entry_date          | exit_date           | match_name      | exit_reason                      |   profit_pct |
|:--------------------|:--------------------|:----------------|:---------------------------------|-------------:|
| 2025-12-31 00:00:00 | 2026-01-02 00:00:00 | L_CSCO_m90_ramp | Retracement Stop (Max Up: 5.63%) |      2.81522 |
2026-01-05 22:44:56,684 [INFO   ] 
============================================================
2026-01-05 22:44:56,684 [INFO   ] [32m[1m--- [STRATEGY VERDICT: PROFITABLE] ---
2026-01-05 22:44:56,684 [INFO   ] ============================================================
2026-01-05 22:44:56,684 [INFO   ] [1m[32m
--- [LIVE STATUS] ---
2026-01-05 22:44:56,684 [INFO   ] The simulation finished while IN A TRADE.
2026-01-05 22:44:56,684 [INFO   ] Entry Date: 2026-01-05
2026-01-05 22:44:56,684 [INFO   ] Entry Price: $35.16
2026-01-05 22:44:56,684 [INFO   ] This is a potential LIVE BUY SIGNAL.
2026-01-05 22:44:56,684 [INFO   ] Renaming log file to indicate active trade...
