2026-01-05 21:54:10,937 [INFO   ] --- [Quick Strike Scanner v5.1 Started for SNPS] ---
2026-01-05 21:54:11,460 [INFO   ] Data loaded from fixed start date: 2020-01-01
2026-01-05 21:54:45,014 [INFO   ] [32m!!! BUY SIGNAL on 2025-12-31 at $469.72 !!!
2026-01-05 21:54:45,014 [INFO   ] [32m!!! SELL: Retracement Stop (Max Up: 3.44%) | Profit: 1.72% !!!
2026-01-05 21:54:45,065 [INFO   ] [32m!!! BUY SIGNAL on 2026-01-05 at $494.19 !!!
2026-01-05 21:54:45,065 [INFO   ] 
============================================================
2026-01-05 21:54:45,065 [INFO   ] Total Trades: 1 | Win Rate: 100.00% | Avg P/L: 1.72%
2026-01-05 21:54:45,065 [INFO   ] [36mSimulated Account ($10k start): $10,172.12 (Total Return: 1.72%)
2026-01-05 21:54:45,072 [INFO   ] 
| entry_date          | exit_date           | match_name      | exit_reason                      |   profit_pct |
|:--------------------|:--------------------|:----------------|:---------------------------------|-------------:|
| 2025-12-31 00:00:00 | 2026-01-02 00:00:00 | L_CSCO_m90_ramp | Retracement Stop (Max Up: 3.44%) |      1.72124 |
2026-01-05 21:54:45,072 [INFO   ] 
============================================================
2026-01-05 21:54:45,072 [INFO   ] [32m[1m--- [STRATEGY VERDICT: PROFITABLE] ---
2026-01-05 21:54:45,072 [INFO   ] ============================================================
2026-01-05 21:54:45,072 [INFO   ] [1m[32m
--- [LIVE STATUS] ---
2026-01-05 21:54:45,072 [INFO   ] The simulation finished while IN A TRADE.
2026-01-05 21:54:45,072 [INFO   ] Entry Date: 2026-01-05
2026-01-05 21:54:45,072 [INFO   ] Entry Price: $494.19
2026-01-05 21:54:45,072 [INFO   ] This is a potential LIVE BUY SIGNAL.
2026-01-05 21:54:45,072 [INFO   ] Renaming log file to indicate active trade...
