2026-01-05 17:28:42,401 [INFO   ] --- [Quick Strike Scanner v5.1 Started for NX] ---
2026-01-05 17:28:43,117 [INFO   ] Data loaded from fixed start date: 2020-01-01
2026-01-05 17:29:16,821 [INFO   ] [32m!!! BUY SIGNAL on 2025-12-31 at $15.38 !!!
2026-01-05 17:29:16,821 [INFO   ] [32m!!! SELL: Retracement Stop (Max Up: 2.80%) | Profit: 1.40% !!!
2026-01-05 17:29:16,871 [INFO   ] [32m!!! BUY SIGNAL on 2026-01-05 at $15.88 !!!
2026-01-05 17:29:16,871 [INFO   ] 
============================================================
2026-01-05 17:29:16,872 [INFO   ] Total Trades: 1 | Win Rate: 100.00% | Avg P/L: 1.40%
2026-01-05 17:29:16,872 [INFO   ] [36mSimulated Account ($10k start): $10,139.79 (Total Return: 1.40%)
2026-01-05 17:29:16,878 [INFO   ] 
| entry_date          | exit_date           | match_name         | exit_reason                      |   profit_pct |
|:--------------------|:--------------------|:-------------------|:---------------------------------|-------------:|
| 2025-12-31 00:00:00 | 2026-01-02 00:00:00 | C_SOL_20210204_m60 | Retracement Stop (Max Up: 2.80%) |      1.39792 |
2026-01-05 17:29:16,878 [INFO   ] 
============================================================
2026-01-05 17:29:16,878 [INFO   ] [32m[1m--- [STRATEGY VERDICT: PROFITABLE] ---
2026-01-05 17:29:16,878 [INFO   ] ============================================================
2026-01-05 17:29:16,878 [INFO   ] [1m[32m
--- [LIVE STATUS] ---
2026-01-05 17:29:16,878 [INFO   ] The simulation finished while IN A TRADE.
2026-01-05 17:29:16,878 [INFO   ] Entry Date: 2026-01-05
2026-01-05 17:29:16,879 [INFO   ] Entry Price: $15.88
2026-01-05 17:29:16,879 [INFO   ] This is a potential LIVE BUY SIGNAL.
2026-01-05 17:29:16,879 [INFO   ] Renaming log file to indicate active trade...
