2026-01-05 20:42:38,126 [INFO   ] --- [Quick Strike Scanner v5.1 Started for RVLV] ---
2026-01-05 20:42:38,662 [INFO   ] Data loaded from fixed start date: 2020-01-01
2026-01-05 20:43:12,217 [INFO   ] [32m!!! BUY SIGNAL on 2025-12-31 at $30.19 !!!
2026-01-05 20:43:12,218 [INFO   ] [32m!!! SELL: Retracement Stop (Max Up: 3.21%) | Profit: 1.61% !!!
2026-01-05 20:43:12,272 [INFO   ] [32m!!! BUY SIGNAL on 2026-01-05 at $30.55 !!!
2026-01-05 20:43:12,272 [INFO   ] 
============================================================
2026-01-05 20:43:12,272 [INFO   ] Total Trades: 1 | Win Rate: 100.00% | Avg P/L: 1.61%
2026-01-05 20:43:12,272 [INFO   ] [36mSimulated Account ($10k start): $10,160.65 (Total Return: 1.61%)
2026-01-05 20:43:12,284 [INFO   ] 
| entry_date          | exit_date           | match_name      | exit_reason                      |   profit_pct |
|:--------------------|:--------------------|:----------------|:---------------------------------|-------------:|
| 2025-12-31 00:00:00 | 2026-01-02 00:00:00 | L_CSCO_m90_ramp | Retracement Stop (Max Up: 3.21%) |      1.60649 |
2026-01-05 20:43:12,284 [INFO   ] 
============================================================
2026-01-05 20:43:12,284 [INFO   ] [32m[1m--- [STRATEGY VERDICT: PROFITABLE] ---
2026-01-05 20:43:12,285 [INFO   ] ============================================================
2026-01-05 20:43:12,285 [INFO   ] [1m[32m
--- [LIVE STATUS] ---
2026-01-05 20:43:12,285 [INFO   ] The simulation finished while IN A TRADE.
2026-01-05 20:43:12,285 [INFO   ] Entry Date: 2026-01-05
2026-01-05 20:43:12,285 [INFO   ] Entry Price: $30.55
2026-01-05 20:43:12,285 [INFO   ] This is a potential LIVE BUY SIGNAL.
2026-01-05 20:43:12,285 [INFO   ] Renaming log file to indicate active trade...
