2026-01-05 21:26:50,562 [INFO   ] --- [Quick Strike Scanner v5.1 Started for SHOO] ---
2026-01-05 21:26:51,201 [INFO   ] Data loaded from fixed start date: 2020-01-01
2026-01-05 21:27:24,814 [INFO   ] [32m!!! BUY SIGNAL on 2025-12-31 at $41.64 !!!
2026-01-05 21:27:24,814 [INFO   ] [32m!!! SELL: Break Even Stop | Profit: 0.00% !!!
2026-01-05 21:27:24,941 [INFO   ] [32m!!! BUY SIGNAL on 2026-01-05 at $43.66 !!!
2026-01-05 21:27:24,941 [INFO   ] 
============================================================
2026-01-05 21:27:24,941 [INFO   ] Total Trades: 1 | Win Rate: 0.00% | Avg P/L: 0.00%
2026-01-05 21:27:24,941 [INFO   ] [36mSimulated Account ($10k start): $10,000.00 (Total Return: 0.00%)
2026-01-05 21:27:24,947 [INFO   ] 
| entry_date          | exit_date           | match_name         | exit_reason     |   profit_pct |
|:--------------------|:--------------------|:-------------------|:----------------|-------------:|
| 2025-12-31 00:00:00 | 2026-01-02 00:00:00 | C_SOL_20210823_m10 | Break Even Stop |            0 |
2026-01-05 21:27:24,947 [INFO   ] 
============================================================
2026-01-05 21:27:24,947 [INFO   ] [31m[1m--- [STRATEGY VERDICT: BLACK SHEEP] ---
2026-01-05 21:27:24,947 [INFO   ] ============================================================
2026-01-05 21:27:24,947 [INFO   ] [1m[32m
--- [LIVE STATUS] ---
2026-01-05 21:27:24,947 [INFO   ] The simulation finished while IN A TRADE.
2026-01-05 21:27:24,948 [INFO   ] Entry Date: 2026-01-05
2026-01-05 21:27:24,948 [INFO   ] Entry Price: $43.66
2026-01-05 21:27:24,948 [INFO   ] This is a potential LIVE BUY SIGNAL.
2026-01-05 21:27:24,948 [INFO   ] Renaming log file to indicate active trade...
