2026-01-05 08:46:08,331 [INFO   ] --- [Quick Strike Scanner v5.1 Started for DSGN] ---
2026-01-05 08:46:09,204 [INFO   ] Data loaded from fixed start date: 2020-01-01
2026-01-05 08:46:42,947 [INFO   ] [32m!!! BUY SIGNAL on 2025-12-30 at $9.79 !!!
2026-01-05 08:46:42,948 [INFO   ] [31m!!! SELL: Stop Loss (-5.0%) | Profit: -5.00% !!!
2026-01-05 08:46:42,992 [INFO   ] [32m!!! BUY SIGNAL on 2026-01-02 at $9.10 !!!
2026-01-05 08:46:42,992 [INFO   ] 
============================================================
2026-01-05 08:46:42,992 [INFO   ] Total Trades: 1 | Win Rate: 0.00% | Avg P/L: -5.00%
2026-01-05 08:46:42,992 [INFO   ] [36mSimulated Account ($10k start): $9,500.00 (Total Return: -5.00%)
2026-01-05 08:46:42,997 [INFO   ] 
| entry_date          | exit_date           | match_name      | exit_reason       |   profit_pct |
|:--------------------|:--------------------|:----------------|:------------------|-------------:|
| 2025-12-30 00:00:00 | 2025-12-31 00:00:00 | L_CSCO_m90_ramp | Stop Loss (-5.0%) |           -5 |
2026-01-05 08:46:42,998 [INFO   ] 
============================================================
2026-01-05 08:46:42,998 [INFO   ] [31m[1m--- [STRATEGY VERDICT: BLACK SHEEP] ---
2026-01-05 08:46:42,998 [INFO   ] ============================================================
2026-01-05 08:46:42,998 [INFO   ] [1m[32m
--- [LIVE STATUS] ---
2026-01-05 08:46:42,998 [INFO   ] The simulation finished while IN A TRADE.
2026-01-05 08:46:42,998 [INFO   ] Entry Date: 2026-01-02
2026-01-05 08:46:42,998 [INFO   ] Entry Price: $9.10
2026-01-05 08:46:42,998 [INFO   ] This is a potential LIVE BUY SIGNAL.
2026-01-05 08:46:42,998 [INFO   ] Renaming log file to indicate active trade...
