2026-01-05 17:31:22,579 [INFO   ] --- [Quick Strike Scanner v5.1 Started for NXPI] ---
2026-01-05 17:31:23,285 [INFO   ] Data loaded from fixed start date: 2020-01-01
2026-01-05 17:31:56,752 [INFO   ] [32m!!! BUY SIGNAL on 2025-12-31 at $217.06 !!!
2026-01-05 17:31:56,752 [INFO   ] [32m!!! SELL: Retracement Stop (Max Up: 3.02%) | Profit: 1.51% !!!
2026-01-05 17:31:56,809 [INFO   ] [32m!!! BUY SIGNAL on 2026-01-05 at $227.72 !!!
2026-01-05 17:31:56,810 [INFO   ] 
============================================================
2026-01-05 17:31:56,810 [INFO   ] Total Trades: 1 | Win Rate: 100.00% | Avg P/L: 1.51%
2026-01-05 17:31:56,810 [INFO   ] [36mSimulated Account ($10k start): $10,150.88 (Total Return: 1.51%)
2026-01-05 17:31:56,816 [INFO   ] 
| entry_date          | exit_date           | match_name         | exit_reason                      |   profit_pct |
|:--------------------|:--------------------|:-------------------|:---------------------------------|-------------:|
| 2025-12-31 00:00:00 | 2026-01-02 00:00:00 | C_GME_20201109_m90 | Retracement Stop (Max Up: 3.02%) |       1.5088 |
2026-01-05 17:31:56,816 [INFO   ] 
============================================================
2026-01-05 17:31:56,816 [INFO   ] [32m[1m--- [STRATEGY VERDICT: PROFITABLE] ---
2026-01-05 17:31:56,816 [INFO   ] ============================================================
2026-01-05 17:31:56,816 [INFO   ] [1m[32m
--- [LIVE STATUS] ---
2026-01-05 17:31:56,816 [INFO   ] The simulation finished while IN A TRADE.
2026-01-05 17:31:56,817 [INFO   ] Entry Date: 2026-01-05
2026-01-05 17:31:56,817 [INFO   ] Entry Price: $227.72
2026-01-05 17:31:56,817 [INFO   ] This is a potential LIVE BUY SIGNAL.
2026-01-05 17:31:56,817 [INFO   ] Renaming log file to indicate active trade...
