2026-01-05 16:14:48,691 [INFO   ] --- [Quick Strike Scanner v5.1 Started for MTA] ---
2026-01-05 16:14:49,229 [INFO   ] Data loaded from fixed start date: 2020-01-01
2026-01-05 16:15:23,124 [INFO   ] [32m!!! BUY SIGNAL on 2025-12-31 at $7.78 !!!
2026-01-05 16:15:23,124 [INFO   ] [32m!!! SELL: Retracement Stop (Max Up: 2.83%) | Profit: 1.41% !!!
2026-01-05 16:15:23,149 [INFO   ] [32m!!! BUY SIGNAL on 2026-01-05 at $8.12 !!!
2026-01-05 16:15:23,149 [INFO   ] 
============================================================
2026-01-05 16:15:23,149 [INFO   ] Total Trades: 1 | Win Rate: 100.00% | Avg P/L: 1.41%
2026-01-05 16:15:23,149 [INFO   ] [36mSimulated Account ($10k start): $10,141.39 (Total Return: 1.41%)
2026-01-05 16:15:23,155 [INFO   ] 
| entry_date          | exit_date           | match_name      | exit_reason                      |   profit_pct |
|:--------------------|:--------------------|:----------------|:---------------------------------|-------------:|
| 2025-12-31 00:00:00 | 2026-01-02 00:00:00 | L_CSCO_m90_ramp | Retracement Stop (Max Up: 2.83%) |      1.41388 |
2026-01-05 16:15:23,155 [INFO   ] 
============================================================
2026-01-05 16:15:23,155 [INFO   ] [32m[1m--- [STRATEGY VERDICT: PROFITABLE] ---
2026-01-05 16:15:23,155 [INFO   ] ============================================================
2026-01-05 16:15:23,155 [INFO   ] [1m[32m
--- [LIVE STATUS] ---
2026-01-05 16:15:23,155 [INFO   ] The simulation finished while IN A TRADE.
2026-01-05 16:15:23,155 [INFO   ] Entry Date: 2026-01-05
2026-01-05 16:15:23,156 [INFO   ] Entry Price: $8.12
2026-01-05 16:15:23,156 [INFO   ] This is a potential LIVE BUY SIGNAL.
2026-01-05 16:15:23,156 [INFO   ] Renaming log file to indicate active trade...
