2026-01-05 21:27:28,962 [INFO   ] --- [Quick Strike Scanner v5.1 Started for SHOP] ---
2026-01-05 21:27:30,969 [INFO   ] Data loaded from fixed start date: 2020-01-01
2026-01-05 21:28:04,898 [INFO   ] [32m!!! BUY SIGNAL on 2025-12-31 at $160.97 !!!
2026-01-05 21:28:04,898 [INFO   ] [32m!!! SELL: Retracement Stop (Max Up: 2.07%) | Profit: 1.03% !!!
2026-01-05 21:28:04,949 [INFO   ] [32m!!! BUY SIGNAL on 2026-01-05 at $166.21 !!!
2026-01-05 21:28:04,949 [INFO   ] 
============================================================
2026-01-05 21:28:04,949 [INFO   ] Total Trades: 1 | Win Rate: 100.00% | Avg P/L: 1.03%
2026-01-05 21:28:04,949 [INFO   ] [36mSimulated Account ($10k start): $10,103.44 (Total Return: 1.03%)
2026-01-05 21:28:04,956 [INFO   ] 
| entry_date          | exit_date           | match_name      | exit_reason                      |   profit_pct |
|:--------------------|:--------------------|:----------------|:---------------------------------|-------------:|
| 2025-12-31 00:00:00 | 2026-01-02 00:00:00 | L_CSCO_m90_ramp | Retracement Stop (Max Up: 2.07%) |      1.03435 |
2026-01-05 21:28:04,956 [INFO   ] 
============================================================
2026-01-05 21:28:04,956 [INFO   ] [32m[1m--- [STRATEGY VERDICT: PROFITABLE] ---
2026-01-05 21:28:04,956 [INFO   ] ============================================================
2026-01-05 21:28:04,956 [INFO   ] [1m[32m
--- [LIVE STATUS] ---
2026-01-05 21:28:04,956 [INFO   ] The simulation finished while IN A TRADE.
2026-01-05 21:28:04,956 [INFO   ] Entry Date: 2026-01-05
2026-01-05 21:28:04,956 [INFO   ] Entry Price: $166.21
2026-01-05 21:28:04,956 [INFO   ] This is a potential LIVE BUY SIGNAL.
2026-01-05 21:28:04,956 [INFO   ] Renaming log file to indicate active trade...
