2026-01-05 17:15:18,692 [INFO   ] --- [Quick Strike Scanner v5.1 Started for NUE] ---
2026-01-05 17:15:19,389 [INFO   ] Data loaded from fixed start date: 2020-01-01
2026-01-05 17:15:53,427 [INFO   ] [32m!!! BUY SIGNAL on 2025-12-31 at $163.11 !!!
2026-01-05 17:15:53,427 [INFO   ] [32m!!! SELL: Retracement Stop (Max Up: 4.01%) | Profit: 2.00% !!!
2026-01-05 17:15:53,539 [INFO   ] [32m!!! BUY SIGNAL on 2026-01-05 at $168.22 !!!
2026-01-05 17:15:53,539 [INFO   ] 
============================================================
2026-01-05 17:15:53,539 [INFO   ] Total Trades: 1 | Win Rate: 100.00% | Avg P/L: 2.00%
2026-01-05 17:15:53,539 [INFO   ] [36mSimulated Account ($10k start): $10,200.48 (Total Return: 2.00%)
2026-01-05 17:15:53,545 [INFO   ] 
| entry_date          | exit_date           | match_name      | exit_reason                      |   profit_pct |
|:--------------------|:--------------------|:----------------|:---------------------------------|-------------:|
| 2025-12-31 00:00:00 | 2026-01-02 00:00:00 | L_CSCO_m90_ramp | Retracement Stop (Max Up: 4.01%) |      2.00478 |
2026-01-05 17:15:53,545 [INFO   ] 
============================================================
2026-01-05 17:15:53,545 [INFO   ] [32m[1m--- [STRATEGY VERDICT: PROFITABLE] ---
2026-01-05 17:15:53,545 [INFO   ] ============================================================
2026-01-05 17:15:53,545 [INFO   ] [1m[32m
--- [LIVE STATUS] ---
2026-01-05 17:15:53,545 [INFO   ] The simulation finished while IN A TRADE.
2026-01-05 17:15:53,545 [INFO   ] Entry Date: 2026-01-05
2026-01-05 17:15:53,546 [INFO   ] Entry Price: $168.22
2026-01-05 17:15:53,546 [INFO   ] This is a potential LIVE BUY SIGNAL.
2026-01-05 17:15:53,546 [INFO   ] Renaming log file to indicate active trade...
