2026-01-05 04:42:26,519 [INFO   ] --- [Quick Strike Scanner v5.1 Started for BCS] ---
2026-01-05 04:42:27,082 [INFO   ] Data loaded from fixed start date: 2020-01-01
2026-01-05 04:43:00,529 [INFO   ] [32m!!! BUY SIGNAL on 2022-05-31 at $7.61 !!!
2026-01-05 04:43:00,529 [INFO   ] [31m!!! SELL: Time Stop (7 days) | Profit: -4.61% !!!
2026-01-05 04:43:00,590 [INFO   ] [32m!!! BUY SIGNAL on 2025-12-31 at $25.45 !!!
2026-01-05 04:43:00,590 [INFO   ] 
============================================================
2026-01-05 04:43:00,590 [INFO   ] Total Trades: 1 | Win Rate: 0.00% | Avg P/L: -4.61%
2026-01-05 04:43:00,590 [INFO   ] [36mSimulated Account ($10k start): $9,539.17 (Total Return: -4.61%)
2026-01-05 04:43:00,602 [INFO   ] 
| entry_date          | exit_date           | match_name      | exit_reason        |   profit_pct |
|:--------------------|:--------------------|:----------------|:-------------------|-------------:|
| 2022-05-31 00:00:00 | 2022-06-09 00:00:00 | L_IYR_m120_ramp | Time Stop (7 days) |     -4.60831 |
2026-01-05 04:43:00,603 [INFO   ] 
============================================================
2026-01-05 04:43:00,603 [INFO   ] [31m[1m--- [STRATEGY VERDICT: BLACK SHEEP] ---
2026-01-05 04:43:00,603 [INFO   ] ============================================================
2026-01-05 04:43:00,603 [INFO   ] [1m[32m
--- [LIVE STATUS] ---
2026-01-05 04:43:00,603 [INFO   ] The simulation finished while IN A TRADE.
2026-01-05 04:43:00,603 [INFO   ] Entry Date: 2025-12-31
2026-01-05 04:43:00,603 [INFO   ] Entry Price: $25.45
2026-01-05 04:43:00,603 [INFO   ] This is a potential LIVE BUY SIGNAL.
2026-01-05 04:43:00,603 [INFO   ] Renaming log file to indicate active trade...
