2026-01-05 02:52:31,044 [INFO   ] --- [Quick Strike Scanner v5.1 Started for ALHC] ---
2026-01-05 02:52:32,334 [INFO   ] Data loaded from fixed start date: 2020-01-01
2026-01-05 02:53:05,901 [INFO   ] [32m!!! BUY SIGNAL on 2025-12-30 at $19.24 !!!
2026-01-05 02:53:05,902 [INFO   ] [32m!!! SELL: Retracement Stop (Max Up: 3.87%) | Profit: 1.94% !!!
2026-01-05 02:53:05,937 [INFO   ] [32m!!! BUY SIGNAL on 2026-01-02 at $20.22 !!!
2026-01-05 02:53:05,937 [INFO   ] 
============================================================
2026-01-05 02:53:05,937 [INFO   ] Total Trades: 1 | Win Rate: 100.00% | Avg P/L: 1.94%
2026-01-05 02:53:05,937 [INFO   ] [36mSimulated Account ($10k start): $10,193.61 (Total Return: 1.94%)
2026-01-05 02:53:05,943 [INFO   ] 
| entry_date          | exit_date           | match_name      | exit_reason                      |   profit_pct |
|:--------------------|:--------------------|:----------------|:---------------------------------|-------------:|
| 2025-12-30 00:00:00 | 2025-12-31 00:00:00 | L_CSCO_m90_ramp | Retracement Stop (Max Up: 3.87%) |      1.93607 |
2026-01-05 02:53:05,943 [INFO   ] 
============================================================
2026-01-05 02:53:05,943 [INFO   ] [32m[1m--- [STRATEGY VERDICT: PROFITABLE] ---
2026-01-05 02:53:05,943 [INFO   ] ============================================================
2026-01-05 02:53:05,943 [INFO   ] [1m[32m
--- [LIVE STATUS] ---
2026-01-05 02:53:05,943 [INFO   ] The simulation finished while IN A TRADE.
2026-01-05 02:53:05,943 [INFO   ] Entry Date: 2026-01-02
2026-01-05 02:53:05,943 [INFO   ] Entry Price: $20.22
2026-01-05 02:53:05,943 [INFO   ] This is a potential LIVE BUY SIGNAL.
2026-01-05 02:53:05,943 [INFO   ] Renaming log file to indicate active trade...
