2026-01-05 04:50:37,366 [INFO   ] --- [Quick Strike Scanner v5.1 Started for BFLY] ---
2026-01-05 04:50:38,071 [INFO   ] Data loaded from fixed start date: 2020-01-01
2026-01-05 04:51:10,354 [INFO   ] [32m!!! BUY SIGNAL on 2025-12-30 at $3.82 !!!
2026-01-05 04:51:10,354 [INFO   ] [32m!!! SELL: Retracement Stop (Max Up: 4.06%) | Profit: 2.03% !!!
2026-01-05 04:51:10,405 [INFO   ] [32m!!! BUY SIGNAL on 2026-01-02 at $3.75 !!!
2026-01-05 04:51:10,405 [INFO   ] 
============================================================
2026-01-05 04:51:10,405 [INFO   ] Total Trades: 1 | Win Rate: 100.00% | Avg P/L: 2.03%
2026-01-05 04:51:10,405 [INFO   ] [36mSimulated Account ($10k start): $10,202.88 (Total Return: 2.03%)
2026-01-05 04:51:10,415 [INFO   ] 
| entry_date          | exit_date           | match_name      | exit_reason                      |   profit_pct |
|:--------------------|:--------------------|:----------------|:---------------------------------|-------------:|
| 2025-12-30 00:00:00 | 2025-12-31 00:00:00 | L_CSCO_m90_ramp | Retracement Stop (Max Up: 4.06%) |       2.0288 |
2026-01-05 04:51:10,415 [INFO   ] 
============================================================
2026-01-05 04:51:10,415 [INFO   ] [32m[1m--- [STRATEGY VERDICT: PROFITABLE] ---
2026-01-05 04:51:10,416 [INFO   ] ============================================================
2026-01-05 04:51:10,416 [INFO   ] [1m[32m
--- [LIVE STATUS] ---
2026-01-05 04:51:10,416 [INFO   ] The simulation finished while IN A TRADE.
2026-01-05 04:51:10,416 [INFO   ] Entry Date: 2026-01-02
2026-01-05 04:51:10,416 [INFO   ] Entry Price: $3.75
2026-01-05 04:51:10,416 [INFO   ] This is a potential LIVE BUY SIGNAL.
2026-01-05 04:51:10,416 [INFO   ] Renaming log file to indicate active trade...
