2026-01-05 05:47:54,765 [INFO   ] --- [Quick Strike Scanner v5.1 Started for CAKE] ---
2026-01-05 05:47:55,414 [INFO   ] Data loaded from fixed start date: 2020-01-01
2026-01-05 05:48:28,999 [INFO   ] [32m!!! BUY SIGNAL on 2020-12-15 at $33.66 !!!
2026-01-05 05:48:28,999 [INFO   ] [32m!!! SELL: Break Even Stop | Profit: 0.00% !!!
2026-01-05 05:48:29,081 [INFO   ] [32m!!! BUY SIGNAL on 2021-01-26 at $41.35 !!!
2026-01-05 05:48:29,081 [INFO   ] [32m!!! SELL: Retracement Stop (Max Up: 24.59%) | Profit: 12.30% !!!
2026-01-05 05:48:29,189 [INFO   ] [32m!!! BUY SIGNAL on 2025-12-30 at $50.01 !!!
2026-01-05 05:48:29,189 [INFO   ] [32m!!! SELL: Break Even Stop | Profit: 0.00% !!!
2026-01-05 05:48:29,272 [INFO   ] [32m!!! BUY SIGNAL on 2026-01-02 at $52.81 !!!
2026-01-05 05:48:29,272 [INFO   ] 
============================================================
2026-01-05 05:48:29,272 [INFO   ] Total Trades: 3 | Win Rate: 33.33% | Avg P/L: 4.10%
2026-01-05 05:48:29,272 [INFO   ] [36mSimulated Account ($10k start): $11,229.58 (Total Return: 12.30%)
2026-01-05 05:48:29,278 [INFO   ] 
| entry_date          | exit_date           | match_name         | exit_reason                       |   profit_pct |
|:--------------------|:--------------------|:-------------------|:----------------------------------|-------------:|
| 2020-12-15 00:00:00 | 2020-12-16 00:00:00 | C_SOL_20210204_m60 | Break Even Stop                   |       0      |
| 2021-01-26 00:00:00 | 2021-01-27 00:00:00 | C_ETH_20201209_m10 | Retracement Stop (Max Up: 24.59%) |      12.2958 |
| 2025-12-30 00:00:00 | 2025-12-31 00:00:00 | L_AMC_m30_ramp     | Break Even Stop                   |       0      |
2026-01-05 05:48:29,278 [INFO   ] 
============================================================
2026-01-05 05:48:29,278 [INFO   ] [31m[1m--- [STRATEGY VERDICT: BLACK SHEEP] ---
2026-01-05 05:48:29,278 [INFO   ] ============================================================
2026-01-05 05:48:29,278 [INFO   ] [1m[32m
--- [LIVE STATUS] ---
2026-01-05 05:48:29,278 [INFO   ] The simulation finished while IN A TRADE.
2026-01-05 05:48:29,278 [INFO   ] Entry Date: 2026-01-02
2026-01-05 05:48:29,279 [INFO   ] Entry Price: $52.81
2026-01-05 05:48:29,279 [INFO   ] This is a potential LIVE BUY SIGNAL.
2026-01-05 05:48:29,279 [INFO   ] Renaming log file to indicate active trade...
