2026-01-05 20:03:30,894 [INFO   ] --- [Quick Strike Scanner v5.1 Started for RDW] ---
2026-01-05 20:03:31,404 [INFO   ] Data loaded from fixed start date: 2020-01-01
2026-01-05 20:04:05,583 [INFO   ] [32m!!! BUY SIGNAL on 2025-12-31 at $7.60 !!!
2026-01-05 20:04:05,583 [INFO   ] [32m!!! SELL: Retracement Stop (Max Up: 20.46%) | Profit: 10.23% !!!
2026-01-05 20:04:05,634 [INFO   ] [32m!!! BUY SIGNAL on 2026-01-05 at $10.50 !!!
2026-01-05 20:04:05,634 [INFO   ] 
============================================================
2026-01-05 20:04:05,634 [INFO   ] Total Trades: 1 | Win Rate: 100.00% | Avg P/L: 10.23%
2026-01-05 20:04:05,634 [INFO   ] [36mSimulated Account ($10k start): $11,023.03 (Total Return: 10.23%)
2026-01-05 20:04:05,640 [INFO   ] 
| entry_date          | exit_date           | match_name      | exit_reason                       |   profit_pct |
|:--------------------|:--------------------|:----------------|:----------------------------------|-------------:|
| 2025-12-31 00:00:00 | 2026-01-02 00:00:00 | L_IYR_m120_ramp | Retracement Stop (Max Up: 20.46%) |      10.2303 |
2026-01-05 20:04:05,640 [INFO   ] 
============================================================
2026-01-05 20:04:05,640 [INFO   ] [32m[1m--- [STRATEGY VERDICT: PROFITABLE] ---
2026-01-05 20:04:05,640 [INFO   ] ============================================================
2026-01-05 20:04:05,640 [INFO   ] [1m[32m
--- [LIVE STATUS] ---
2026-01-05 20:04:05,640 [INFO   ] The simulation finished while IN A TRADE.
2026-01-05 20:04:05,640 [INFO   ] Entry Date: 2026-01-05
2026-01-05 20:04:05,641 [INFO   ] Entry Price: $10.50
2026-01-05 20:04:05,641 [INFO   ] This is a potential LIVE BUY SIGNAL.
2026-01-05 20:04:05,641 [INFO   ] Renaming log file to indicate active trade...
