2026-01-05 20:09:19,842 [INFO   ] --- [Quick Strike Scanner v5.1 Started for RERE] ---
2026-01-05 20:09:20,403 [INFO   ] Data loaded from fixed start date: 2020-01-01
2026-01-05 20:09:54,177 [INFO   ] [32m!!! BUY SIGNAL on 2025-12-31 at $5.30 !!!
2026-01-05 20:09:54,177 [INFO   ] [32m!!! SELL: Retracement Stop (Max Up: 4.34%) | Profit: 2.17% !!!
2026-01-05 20:09:54,233 [INFO   ] [32m!!! BUY SIGNAL on 2026-01-05 at $5.84 !!!
2026-01-05 20:09:54,233 [INFO   ] 
============================================================
2026-01-05 20:09:54,233 [INFO   ] Total Trades: 1 | Win Rate: 100.00% | Avg P/L: 2.17%
2026-01-05 20:09:54,233 [INFO   ] [36mSimulated Account ($10k start): $10,216.98 (Total Return: 2.17%)
2026-01-05 20:09:54,245 [INFO   ] 
| entry_date          | exit_date           | match_name      | exit_reason                      |   profit_pct |
|:--------------------|:--------------------|:----------------|:---------------------------------|-------------:|
| 2025-12-31 00:00:00 | 2026-01-02 00:00:00 | L_CSCO_m90_ramp | Retracement Stop (Max Up: 4.34%) |      2.16981 |
2026-01-05 20:09:54,246 [INFO   ] 
============================================================
2026-01-05 20:09:54,246 [INFO   ] [32m[1m--- [STRATEGY VERDICT: PROFITABLE] ---
2026-01-05 20:09:54,246 [INFO   ] ============================================================
2026-01-05 20:09:54,246 [INFO   ] [1m[32m
--- [LIVE STATUS] ---
2026-01-05 20:09:54,246 [INFO   ] The simulation finished while IN A TRADE.
2026-01-05 20:09:54,246 [INFO   ] Entry Date: 2026-01-05
2026-01-05 20:09:54,246 [INFO   ] Entry Price: $5.84
2026-01-05 20:09:54,246 [INFO   ] This is a potential LIVE BUY SIGNAL.
2026-01-05 20:09:54,246 [INFO   ] Renaming log file to indicate active trade...
