2026-01-05 20:01:34,092 [INFO   ] --- [Quick Strike Scanner v5.1 Started for RDDT] ---
2026-01-05 20:01:34,916 [INFO   ] Data loaded from fixed start date: 2020-01-01
2026-01-05 20:02:08,616 [INFO   ] [32m!!! BUY SIGNAL on 2025-12-31 at $229.87 !!!
2026-01-05 20:02:08,616 [INFO   ] [32m!!! SELL: Retracement Stop (Max Up: 5.66%) | Profit: 2.83% !!!
2026-01-05 20:02:08,665 [INFO   ] [32m!!! BUY SIGNAL on 2026-01-05 at $244.68 !!!
2026-01-05 20:02:08,665 [INFO   ] 
============================================================
2026-01-05 20:02:08,665 [INFO   ] Total Trades: 1 | Win Rate: 100.00% | Avg P/L: 2.83%
2026-01-05 20:02:08,665 [INFO   ] [36mSimulated Account ($10k start): $10,282.77 (Total Return: 2.83%)
2026-01-05 20:02:08,670 [INFO   ] 
| entry_date          | exit_date           | match_name      | exit_reason                      |   profit_pct |
|:--------------------|:--------------------|:----------------|:---------------------------------|-------------:|
| 2025-12-31 00:00:00 | 2026-01-02 00:00:00 | L_CSCO_m90_ramp | Retracement Stop (Max Up: 5.66%) |      2.82769 |
2026-01-05 20:02:08,671 [INFO   ] 
============================================================
2026-01-05 20:02:08,671 [INFO   ] [32m[1m--- [STRATEGY VERDICT: PROFITABLE] ---
2026-01-05 20:02:08,671 [INFO   ] ============================================================
2026-01-05 20:02:08,671 [INFO   ] [1m[32m
--- [LIVE STATUS] ---
2026-01-05 20:02:08,671 [INFO   ] The simulation finished while IN A TRADE.
2026-01-05 20:02:08,671 [INFO   ] Entry Date: 2026-01-05
2026-01-05 20:02:08,671 [INFO   ] Entry Price: $244.68
2026-01-05 20:02:08,671 [INFO   ] This is a potential LIVE BUY SIGNAL.
2026-01-05 20:02:08,671 [INFO   ] Renaming log file to indicate active trade...
