2026-01-05 22:38:31,747 [INFO   ] --- [Quick Strike Scanner v5.1 Started for SYRE] ---
2026-01-05 22:38:32,496 [INFO   ] Data loaded from fixed start date: 2020-01-01
2026-01-05 22:39:06,278 [INFO   ] [32m!!! BUY SIGNAL on 2025-12-31 at $32.76 !!!
2026-01-05 22:39:06,278 [INFO   ] [32m!!! SELL: Break Even Stop | Profit: 0.00% !!!
2026-01-05 22:39:06,328 [INFO   ] [32m!!! BUY SIGNAL on 2026-01-05 at $29.96 !!!
2026-01-05 22:39:06,328 [INFO   ] 
============================================================
2026-01-05 22:39:06,328 [INFO   ] Total Trades: 1 | Win Rate: 0.00% | Avg P/L: 0.00%
2026-01-05 22:39:06,328 [INFO   ] [36mSimulated Account ($10k start): $10,000.00 (Total Return: 0.00%)
2026-01-05 22:39:06,334 [INFO   ] 
| entry_date          | exit_date           | match_name      | exit_reason     |   profit_pct |
|:--------------------|:--------------------|:----------------|:----------------|-------------:|
| 2025-12-31 00:00:00 | 2026-01-02 00:00:00 | L_CSCO_m90_ramp | Break Even Stop |            0 |
2026-01-05 22:39:06,334 [INFO   ] 
============================================================
2026-01-05 22:39:06,335 [INFO   ] [31m[1m--- [STRATEGY VERDICT: BLACK SHEEP] ---
2026-01-05 22:39:06,335 [INFO   ] ============================================================
2026-01-05 22:39:06,335 [INFO   ] [1m[32m
--- [LIVE STATUS] ---
2026-01-05 22:39:06,335 [INFO   ] The simulation finished while IN A TRADE.
2026-01-05 22:39:06,335 [INFO   ] Entry Date: 2026-01-05
2026-01-05 22:39:06,335 [INFO   ] Entry Price: $29.96
2026-01-05 22:39:06,335 [INFO   ] This is a potential LIVE BUY SIGNAL.
2026-01-05 22:39:06,335 [INFO   ] Renaming log file to indicate active trade...
