2026-01-06 00:14:34,023 [INFO   ] --- [Quick Strike Scanner v5.1 Started for UPST] ---
2026-01-06 00:14:35,470 [INFO   ] Data loaded from fixed start date: 2020-01-01
2026-01-06 00:15:08,876 [INFO   ] [32m!!! BUY SIGNAL on 2021-08-11 at $171.20 !!!
2026-01-06 00:15:08,876 [INFO   ] [32m!!! SELL: Retracement Stop (Max Up: 8.73%) | Profit: 4.36% !!!
2026-01-06 00:15:08,959 [INFO   ] [32m!!! BUY SIGNAL on 2024-08-15 at $36.59 !!!
2026-01-06 00:15:08,959 [INFO   ] [32m!!! SELL: Retracement Stop (Max Up: 5.25%) | Profit: 2.62% !!!
2026-01-06 00:15:09,041 [INFO   ] [32m!!! BUY SIGNAL on 2025-12-31 at $43.73 !!!
2026-01-06 00:15:09,041 [INFO   ] [32m!!! SELL: Retracement Stop (Max Up: 4.99%) | Profit: 2.49% !!!
2026-01-06 00:15:09,126 [INFO   ] [32m!!! BUY SIGNAL on 2026-01-05 at $50.70 !!!
2026-01-06 00:15:09,126 [INFO   ] 
============================================================
2026-01-06 00:15:09,127 [INFO   ] Total Trades: 3 | Win Rate: 100.00% | Avg P/L: 3.16%
2026-01-06 00:15:09,127 [INFO   ] [36mSimulated Account ($10k start): $10,977.10 (Total Return: 9.77%)
2026-01-06 00:15:09,134 [INFO   ] 
| entry_date          | exit_date           | match_name         | exit_reason                      |   profit_pct |
|:--------------------|:--------------------|:-------------------|:---------------------------------|-------------:|
| 2021-08-11 00:00:00 | 2021-08-12 00:00:00 | C_ETH_20201209_m10 | Retracement Stop (Max Up: 8.73%) |      4.36332 |
| 2024-08-15 00:00:00 | 2024-08-16 00:00:00 | C_ETH_20201209_m10 | Retracement Stop (Max Up: 5.25%) |      2.62367 |
| 2025-12-31 00:00:00 | 2026-01-02 00:00:00 | C_SOL_20210823_m10 | Retracement Stop (Max Up: 4.99%) |      2.49257 |
2026-01-06 00:15:09,134 [INFO   ] 
============================================================
2026-01-06 00:15:09,134 [INFO   ] [32m[1m--- [STRATEGY VERDICT: PROFITABLE] ---
2026-01-06 00:15:09,134 [INFO   ] ============================================================
2026-01-06 00:15:09,134 [INFO   ] [1m[32m
--- [LIVE STATUS] ---
2026-01-06 00:15:09,134 [INFO   ] The simulation finished while IN A TRADE.
2026-01-06 00:15:09,135 [INFO   ] Entry Date: 2026-01-05
2026-01-06 00:15:09,135 [INFO   ] Entry Price: $50.70
2026-01-06 00:15:09,135 [INFO   ] This is a potential LIVE BUY SIGNAL.
2026-01-06 00:15:09,135 [INFO   ] Renaming log file to indicate active trade...
