2026-01-05 23:21:42,905 [INFO   ] --- [Quick Strike Scanner v5.1 Started for TNL] ---
2026-01-05 23:21:44,395 [INFO   ] Data loaded from fixed start date: 2020-01-01
2026-01-05 23:22:18,406 [INFO   ] [32m!!! BUY SIGNAL on 2025-12-31 at $70.53 !!!
2026-01-05 23:22:18,406 [INFO   ] [32m!!! SELL: Retracement Stop (Max Up: 2.84%) | Profit: 1.42% !!!
2026-01-05 23:22:18,512 [INFO   ] [32m!!! BUY SIGNAL on 2026-01-05 at $73.22 !!!
2026-01-05 23:22:18,512 [INFO   ] 
============================================================
2026-01-05 23:22:18,513 [INFO   ] Total Trades: 1 | Win Rate: 100.00% | Avg P/L: 1.42%
2026-01-05 23:22:18,513 [INFO   ] [36mSimulated Account ($10k start): $10,141.78 (Total Return: 1.42%)
2026-01-05 23:22:18,519 [INFO   ] 
| entry_date          | exit_date           | match_name         | exit_reason                      |   profit_pct |
|:--------------------|:--------------------|:-------------------|:---------------------------------|-------------:|
| 2025-12-31 00:00:00 | 2026-01-02 00:00:00 | C_SOL_20210204_m60 | Retracement Stop (Max Up: 2.84%) |      1.41784 |
2026-01-05 23:22:18,519 [INFO   ] 
============================================================
2026-01-05 23:22:18,519 [INFO   ] [32m[1m--- [STRATEGY VERDICT: PROFITABLE] ---
2026-01-05 23:22:18,519 [INFO   ] ============================================================
2026-01-05 23:22:18,519 [INFO   ] [1m[32m
--- [LIVE STATUS] ---
2026-01-05 23:22:18,519 [INFO   ] The simulation finished while IN A TRADE.
2026-01-05 23:22:18,519 [INFO   ] Entry Date: 2026-01-05
2026-01-05 23:22:18,519 [INFO   ] Entry Price: $73.22
2026-01-05 23:22:18,519 [INFO   ] This is a potential LIVE BUY SIGNAL.
2026-01-05 23:22:18,519 [INFO   ] Renaming log file to indicate active trade...
