2026-01-05 13:06:49,838 [INFO   ] --- [Quick Strike Scanner v5.1 Started for IMVT] ---
2026-01-05 13:06:50,694 [INFO   ] Data loaded from fixed start date: 2020-01-01
2026-01-05 13:07:24,692 [INFO   ] [32m!!! BUY SIGNAL on 2023-05-12 at $17.95 !!!
2026-01-05 13:07:24,693 [INFO   ] [32m!!! SELL: Retracement Stop (Max Up: 4.07%) | Profit: 2.03% !!!
2026-01-05 13:07:24,812 [INFO   ] [32m!!! BUY SIGNAL on 2023-12-07 at $40.27 !!!
2026-01-05 13:07:24,812 [INFO   ] [31m!!! SELL: Stop Loss (-5.0%) | Profit: -5.00% !!!
2026-01-05 13:07:24,932 [INFO   ] [32m!!! BUY SIGNAL on 2026-01-02 at $25.91 !!!
2026-01-05 13:07:24,933 [INFO   ] 
============================================================
2026-01-05 13:07:24,933 [INFO   ] Total Trades: 2 | Win Rate: 50.00% | Avg P/L: -1.48%
2026-01-05 13:07:24,933 [INFO   ] [36mSimulated Account ($10k start): $9,693.18 (Total Return: -3.07%)
2026-01-05 13:07:24,938 [INFO   ] 
| entry_date          | exit_date           | match_name         | exit_reason                      |   profit_pct |
|:--------------------|:--------------------|:-------------------|:---------------------------------|-------------:|
| 2023-05-12 00:00:00 | 2023-05-15 00:00:00 | L_AMC_m30_ramp     | Retracement Stop (Max Up: 4.07%) |      2.03342 |
| 2023-12-07 00:00:00 | 2023-12-11 00:00:00 | C_ETH_20201209_m10 | Stop Loss (-5.0%)                |     -5       |
2026-01-05 13:07:24,939 [INFO   ] 
============================================================
2026-01-05 13:07:24,939 [INFO   ] [31m[1m--- [STRATEGY VERDICT: BLACK SHEEP] ---
2026-01-05 13:07:24,939 [INFO   ] ============================================================
2026-01-05 13:07:24,939 [INFO   ] [1m[32m
--- [LIVE STATUS] ---
2026-01-05 13:07:24,939 [INFO   ] The simulation finished while IN A TRADE.
2026-01-05 13:07:24,939 [INFO   ] Entry Date: 2026-01-02
2026-01-05 13:07:24,939 [INFO   ] Entry Price: $25.91
2026-01-05 13:07:24,939 [INFO   ] This is a potential LIVE BUY SIGNAL.
2026-01-05 13:07:24,939 [INFO   ] Renaming log file to indicate active trade...
