2026-01-05 17:35:53,554 [INFO   ] --- [Quick Strike Scanner v5.1 Started for OC] ---
2026-01-05 17:35:54,801 [INFO   ] Data loaded from fixed start date: 2020-01-01
2026-01-05 17:36:28,320 [INFO   ] [32m!!! BUY SIGNAL on 2025-12-31 at $111.91 !!!
2026-01-05 17:36:28,320 [INFO   ] [32m!!! SELL: Retracement Stop (Max Up: 2.46%) | Profit: 1.23% !!!
2026-01-05 17:36:28,371 [INFO   ] [32m!!! BUY SIGNAL on 2026-01-05 at $115.75 !!!
2026-01-05 17:36:28,371 [INFO   ] 
============================================================
2026-01-05 17:36:28,371 [INFO   ] Total Trades: 1 | Win Rate: 100.00% | Avg P/L: 1.23%
2026-01-05 17:36:28,371 [INFO   ] [36mSimulated Account ($10k start): $10,122.87 (Total Return: 1.23%)
2026-01-05 17:36:28,377 [INFO   ] 
| entry_date          | exit_date           | match_name      | exit_reason                      |   profit_pct |
|:--------------------|:--------------------|:----------------|:---------------------------------|-------------:|
| 2025-12-31 00:00:00 | 2026-01-02 00:00:00 | L_CSCO_m90_ramp | Retracement Stop (Max Up: 2.46%) |      1.22867 |
2026-01-05 17:36:28,377 [INFO   ] 
============================================================
2026-01-05 17:36:28,377 [INFO   ] [32m[1m--- [STRATEGY VERDICT: PROFITABLE] ---
2026-01-05 17:36:28,377 [INFO   ] ============================================================
2026-01-05 17:36:28,378 [INFO   ] [1m[32m
--- [LIVE STATUS] ---
2026-01-05 17:36:28,378 [INFO   ] The simulation finished while IN A TRADE.
2026-01-05 17:36:28,378 [INFO   ] Entry Date: 2026-01-05
2026-01-05 17:36:28,378 [INFO   ] Entry Price: $115.75
2026-01-05 17:36:28,378 [INFO   ] This is a potential LIVE BUY SIGNAL.
2026-01-05 17:36:28,378 [INFO   ] Renaming log file to indicate active trade...
