2026-01-05 08:07:04,151 [INFO   ] --- [Quick Strike Scanner v5.1 Started for DBI] ---
2026-01-05 08:07:04,780 [INFO   ] Data loaded from fixed start date: 2020-01-01
2026-01-05 08:07:38,492 [INFO   ] [32m!!! BUY SIGNAL on 2025-12-30 at $7.98 !!!
2026-01-05 08:07:38,492 [INFO   ] [32m!!! SELL: Break Even Stop | Profit: 0.00% !!!
2026-01-05 08:07:38,543 [INFO   ] [32m!!! BUY SIGNAL on 2026-01-02 at $7.14 !!!
2026-01-05 08:07:38,543 [INFO   ] 
============================================================
2026-01-05 08:07:38,543 [INFO   ] Total Trades: 1 | Win Rate: 0.00% | Avg P/L: 0.00%
2026-01-05 08:07:38,543 [INFO   ] [36mSimulated Account ($10k start): $10,000.00 (Total Return: 0.00%)
2026-01-05 08:07:38,550 [INFO   ] 
| entry_date          | exit_date           | match_name         | exit_reason     |   profit_pct |
|:--------------------|:--------------------|:-------------------|:----------------|-------------:|
| 2025-12-30 00:00:00 | 2025-12-31 00:00:00 | C_SOL_20210204_m60 | Break Even Stop |            0 |
2026-01-05 08:07:38,550 [INFO   ] 
============================================================
2026-01-05 08:07:38,550 [INFO   ] [31m[1m--- [STRATEGY VERDICT: BLACK SHEEP] ---
2026-01-05 08:07:38,550 [INFO   ] ============================================================
2026-01-05 08:07:38,550 [INFO   ] [1m[32m
--- [LIVE STATUS] ---
2026-01-05 08:07:38,550 [INFO   ] The simulation finished while IN A TRADE.
2026-01-05 08:07:38,550 [INFO   ] Entry Date: 2026-01-02
2026-01-05 08:07:38,550 [INFO   ] Entry Price: $7.14
2026-01-05 08:07:38,550 [INFO   ] This is a potential LIVE BUY SIGNAL.
2026-01-05 08:07:38,550 [INFO   ] Renaming log file to indicate active trade...
