2026-01-06 00:47:57,738 [INFO   ] --- [Quick Strike Scanner v5.1 Started for VNCE] ---
2026-01-06 00:47:59,153 [INFO   ] Data loaded from fixed start date: 2020-01-01
2026-01-06 00:48:32,608 [INFO   ] [32m!!! BUY SIGNAL on 2025-12-31 at $4.08 !!!
2026-01-06 00:48:32,608 [INFO   ] [32m!!! SELL: Retracement Stop (Max Up: 7.84%) | Profit: 3.92% !!!
2026-01-06 00:48:32,658 [INFO   ] [32m!!! BUY SIGNAL on 2026-01-05 at $4.40 !!!
2026-01-06 00:48:32,658 [INFO   ] 
============================================================
2026-01-06 00:48:32,658 [INFO   ] Total Trades: 1 | Win Rate: 100.00% | Avg P/L: 3.92%
2026-01-06 00:48:32,658 [INFO   ] [36mSimulated Account ($10k start): $10,392.16 (Total Return: 3.92%)
2026-01-06 00:48:32,665 [INFO   ] 
| entry_date          | exit_date           | match_name      | exit_reason                      |   profit_pct |
|:--------------------|:--------------------|:----------------|:---------------------------------|-------------:|
| 2025-12-31 00:00:00 | 2026-01-02 00:00:00 | L_IYR_m120_ramp | Retracement Stop (Max Up: 7.84%) |      3.92157 |
2026-01-06 00:48:32,665 [INFO   ] 
============================================================
2026-01-06 00:48:32,665 [INFO   ] [32m[1m--- [STRATEGY VERDICT: PROFITABLE] ---
2026-01-06 00:48:32,665 [INFO   ] ============================================================
2026-01-06 00:48:32,665 [INFO   ] [1m[32m
--- [LIVE STATUS] ---
2026-01-06 00:48:32,665 [INFO   ] The simulation finished while IN A TRADE.
2026-01-06 00:48:32,665 [INFO   ] Entry Date: 2026-01-05
2026-01-06 00:48:32,665 [INFO   ] Entry Price: $4.40
2026-01-06 00:48:32,665 [INFO   ] This is a potential LIVE BUY SIGNAL.
2026-01-06 00:48:32,665 [INFO   ] Renaming log file to indicate active trade...
