2026-01-05 23:46:55,080 [INFO   ] --- [Quick Strike Scanner v5.1 Started for TTC] ---
2026-01-05 23:46:55,794 [INFO   ] Data loaded from fixed start date: 2020-01-01
2026-01-05 23:47:29,666 [INFO   ] [32m!!! BUY SIGNAL on 2025-12-31 at $78.72 !!!
2026-01-05 23:47:29,666 [INFO   ] [32m!!! SELL: Retracement Stop (Max Up: 2.40%) | Profit: 1.20% !!!
2026-01-05 23:47:29,723 [INFO   ] [32m!!! BUY SIGNAL on 2026-01-05 at $81.67 !!!
2026-01-05 23:47:29,724 [INFO   ] 
============================================================
2026-01-05 23:47:29,724 [INFO   ] Total Trades: 1 | Win Rate: 100.00% | Avg P/L: 1.20%
2026-01-05 23:47:29,724 [INFO   ] [36mSimulated Account ($10k start): $10,120.05 (Total Return: 1.20%)
2026-01-05 23:47:29,730 [INFO   ] 
| entry_date          | exit_date           | match_name      | exit_reason                      |   profit_pct |
|:--------------------|:--------------------|:----------------|:---------------------------------|-------------:|
| 2025-12-31 00:00:00 | 2026-01-02 00:00:00 | L_IYR_m120_ramp | Retracement Stop (Max Up: 2.40%) |      1.20046 |
2026-01-05 23:47:29,730 [INFO   ] 
============================================================
2026-01-05 23:47:29,730 [INFO   ] [32m[1m--- [STRATEGY VERDICT: PROFITABLE] ---
2026-01-05 23:47:29,730 [INFO   ] ============================================================
2026-01-05 23:47:29,730 [INFO   ] [1m[32m
--- [LIVE STATUS] ---
2026-01-05 23:47:29,730 [INFO   ] The simulation finished while IN A TRADE.
2026-01-05 23:47:29,730 [INFO   ] Entry Date: 2026-01-05
2026-01-05 23:47:29,730 [INFO   ] Entry Price: $81.67
2026-01-05 23:47:29,730 [INFO   ] This is a potential LIVE BUY SIGNAL.
2026-01-05 23:47:29,730 [INFO   ] Renaming log file to indicate active trade...
