2026-01-05 23:21:42,852 [INFO   ] --- [Quick Strike Scanner v5.1 Started for TNL] ---
2026-01-05 23:21:44,257 [INFO   ] Data loaded from fixed start date: 2020-01-01
2026-01-05 23:22:18,360 [INFO   ] [32m!!! BUY SIGNAL on 2025-12-31 at $70.53 !!!
2026-01-05 23:22:18,360 [INFO   ] [32m!!! SELL: Retracement Stop (Max Up: 2.84%) | Profit: 1.42% !!!
2026-01-05 23:22:18,485 [INFO   ] [32m!!! BUY SIGNAL on 2026-01-05 at $73.22 !!!
2026-01-05 23:22:18,485 [INFO   ] 
============================================================
2026-01-05 23:22:18,485 [INFO   ] Total Trades: 1 | Win Rate: 100.00% | Avg P/L: 1.42%
2026-01-05 23:22:18,485 [INFO   ] [36mSimulated Account ($10k start): $10,141.78 (Total Return: 1.42%)
2026-01-05 23:22:18,490 [INFO   ] 
| entry_date          | exit_date           | match_name      | exit_reason                      |   profit_pct |
|:--------------------|:--------------------|:----------------|:---------------------------------|-------------:|
| 2025-12-31 00:00:00 | 2026-01-02 00:00:00 | L_CSCO_m90_ramp | Retracement Stop (Max Up: 2.84%) |      1.41784 |
2026-01-05 23:22:18,491 [INFO   ] 
============================================================
2026-01-05 23:22:18,491 [INFO   ] [32m[1m--- [STRATEGY VERDICT: PROFITABLE] ---
2026-01-05 23:22:18,491 [INFO   ] ============================================================
2026-01-05 23:22:18,491 [INFO   ] [1m[32m
--- [LIVE STATUS] ---
2026-01-05 23:22:18,491 [INFO   ] The simulation finished while IN A TRADE.
2026-01-05 23:22:18,491 [INFO   ] Entry Date: 2026-01-05
2026-01-05 23:22:18,491 [INFO   ] Entry Price: $73.22
2026-01-05 23:22:18,491 [INFO   ] This is a potential LIVE BUY SIGNAL.
2026-01-05 23:22:18,491 [INFO   ] Renaming log file to indicate active trade...
