2026-01-05 23:55:54,370 [INFO   ] --- [Quick Strike Scanner v5.1 Started for TWLO] ---
2026-01-05 23:55:55,022 [INFO   ] Data loaded from fixed start date: 2020-01-01
2026-01-05 23:56:27,455 [INFO   ] [32m!!! BUY SIGNAL on 2021-06-25 at $383.69 !!!
2026-01-05 23:56:27,456 [INFO   ] [32m!!! SELL: Retracement Stop (Max Up: 3.67%) | Profit: 1.83% !!!
2026-01-05 23:56:27,588 [INFO   ] [32m!!! BUY SIGNAL on 2025-12-31 at $142.24 !!!
2026-01-05 23:56:27,589 [INFO   ] [32m!!! SELL: Break Even Stop | Profit: 0.00% !!!
2026-01-05 23:56:27,709 [INFO   ] [32m!!! BUY SIGNAL on 2026-01-05 at $136.24 !!!
2026-01-05 23:56:27,709 [INFO   ] 
============================================================
2026-01-05 23:56:27,709 [INFO   ] Total Trades: 2 | Win Rate: 50.00% | Avg P/L: 0.92%
2026-01-05 23:56:27,709 [INFO   ] [36mSimulated Account ($10k start): $10,183.32 (Total Return: 1.83%)
2026-01-05 23:56:27,715 [INFO   ] 
| entry_date          | exit_date           | match_name         | exit_reason                      |   profit_pct |
|:--------------------|:--------------------|:-------------------|:---------------------------------|-------------:|
| 2021-06-25 00:00:00 | 2021-06-28 00:00:00 | C_ETH_20201209_m10 | Retracement Stop (Max Up: 3.67%) |      1.83325 |
| 2025-12-31 00:00:00 | 2026-01-02 00:00:00 | L_CSCO_m90_ramp    | Break Even Stop                  |      0       |
2026-01-05 23:56:27,715 [INFO   ] 
============================================================
2026-01-05 23:56:27,715 [INFO   ] [32m[1m--- [STRATEGY VERDICT: PROFITABLE] ---
2026-01-05 23:56:27,715 [INFO   ] ============================================================
2026-01-05 23:56:27,715 [INFO   ] [1m[32m
--- [LIVE STATUS] ---
2026-01-05 23:56:27,715 [INFO   ] The simulation finished while IN A TRADE.
2026-01-05 23:56:27,716 [INFO   ] Entry Date: 2026-01-05
2026-01-05 23:56:27,716 [INFO   ] Entry Price: $136.24
2026-01-05 23:56:27,716 [INFO   ] This is a potential LIVE BUY SIGNAL.
2026-01-05 23:56:27,716 [INFO   ] Renaming log file to indicate active trade...
