2026-01-06 01:35:32,397 [INFO   ] --- [Quick Strike Scanner v5.1 Started for WRBY] ---
2026-01-06 01:35:32,890 [INFO   ] Data loaded from fixed start date: 2020-01-01
2026-01-06 01:36:06,308 [INFO   ] [32m!!! BUY SIGNAL on 2025-12-31 at $21.79 !!!
2026-01-06 01:36:06,308 [INFO   ] [32m!!! SELL: Retracement Stop (Max Up: 4.86%) | Profit: 2.43% !!!
2026-01-06 01:36:06,367 [INFO   ] [32m!!! BUY SIGNAL on 2026-01-05 at $23.25 !!!
2026-01-06 01:36:06,367 [INFO   ] 
============================================================
2026-01-06 01:36:06,367 [INFO   ] Total Trades: 1 | Win Rate: 100.00% | Avg P/L: 2.43%
2026-01-06 01:36:06,367 [INFO   ] [36mSimulated Account ($10k start): $10,243.23 (Total Return: 2.43%)
2026-01-06 01:36:06,379 [INFO   ] 
| entry_date          | exit_date           | match_name         | exit_reason                      |   profit_pct |
|:--------------------|:--------------------|:-------------------|:---------------------------------|-------------:|
| 2025-12-31 00:00:00 | 2026-01-02 00:00:00 | C_SOL_20210204_m60 | Retracement Stop (Max Up: 4.86%) |      2.43231 |
2026-01-06 01:36:06,379 [INFO   ] 
============================================================
2026-01-06 01:36:06,379 [INFO   ] [32m[1m--- [STRATEGY VERDICT: PROFITABLE] ---
2026-01-06 01:36:06,379 [INFO   ] ============================================================
2026-01-06 01:36:06,379 [INFO   ] [1m[32m
--- [LIVE STATUS] ---
2026-01-06 01:36:06,379 [INFO   ] The simulation finished while IN A TRADE.
2026-01-06 01:36:06,380 [INFO   ] Entry Date: 2026-01-05
2026-01-06 01:36:06,380 [INFO   ] Entry Price: $23.25
2026-01-06 01:36:06,380 [INFO   ] This is a potential LIVE BUY SIGNAL.
2026-01-06 01:36:06,380 [INFO   ] Renaming log file to indicate active trade...
