2026-01-05 21:15:18,592 [INFO   ] --- [Quick Strike Scanner v5.1 Started for SF] ---
2026-01-05 21:15:19,426 [INFO   ] Data loaded from fixed start date: 2020-01-01
2026-01-05 21:15:53,136 [INFO   ] [32m!!! BUY SIGNAL on 2022-02-08 at $75.34 !!!
2026-01-05 21:15:53,136 [INFO   ] [32m!!! SELL: Retracement Stop (Max Up: 2.27%) | Profit: 1.14% !!!
2026-01-05 21:15:53,260 [INFO   ] [32m!!! BUY SIGNAL on 2026-01-05 at $132.88 !!!
2026-01-05 21:15:53,260 [INFO   ] 
============================================================
2026-01-05 21:15:53,261 [INFO   ] Total Trades: 1 | Win Rate: 100.00% | Avg P/L: 1.14%
2026-01-05 21:15:53,261 [INFO   ] [36mSimulated Account ($10k start): $10,113.59 (Total Return: 1.14%)
2026-01-05 21:15:53,267 [INFO   ] 
| entry_date          | exit_date           | match_name         | exit_reason                      |   profit_pct |
|:--------------------|:--------------------|:-------------------|:---------------------------------|-------------:|
| 2022-02-08 00:00:00 | 2022-02-09 00:00:00 | C_ETH_20201209_m10 | Retracement Stop (Max Up: 2.27%) |      1.13594 |
2026-01-05 21:15:53,267 [INFO   ] 
============================================================
2026-01-05 21:15:53,267 [INFO   ] [32m[1m--- [STRATEGY VERDICT: PROFITABLE] ---
2026-01-05 21:15:53,267 [INFO   ] ============================================================
2026-01-05 21:15:53,267 [INFO   ] [1m[32m
--- [LIVE STATUS] ---
2026-01-05 21:15:53,267 [INFO   ] The simulation finished while IN A TRADE.
2026-01-05 21:15:53,267 [INFO   ] Entry Date: 2026-01-05
2026-01-05 21:15:53,268 [INFO   ] Entry Price: $132.88
2026-01-05 21:15:53,268 [INFO   ] This is a potential LIVE BUY SIGNAL.
2026-01-05 21:15:53,268 [INFO   ] Renaming log file to indicate active trade...
