2026-01-05 21:49:07,975 [INFO   ] --- [Quick Strike Scanner v5.1 Started for SN] ---
2026-01-05 21:49:09,629 [INFO   ] Data loaded from fixed start date: 2020-01-01
2026-01-05 21:49:43,031 [INFO   ] [32m!!! BUY SIGNAL on 2024-08-26 at $89.30 !!!
2026-01-05 21:49:43,032 [INFO   ] [32m!!! SELL: Retracement Stop (Max Up: 2.99%) | Profit: 1.49% !!!
2026-01-05 21:49:43,107 [INFO   ] [32m!!! BUY SIGNAL on 2024-09-19 at $106.86 !!!
2026-01-05 21:49:43,107 [INFO   ] [32m!!! SELL: Time Stop (7 days) | Profit: 1.73% !!!
2026-01-05 21:49:43,197 [INFO   ] [32m!!! BUY SIGNAL on 2024-10-10 at $108.20 !!!
2026-01-05 21:49:43,197 [INFO   ] [32m!!! SELL: Time Stop (7 days) | Profit: 1.53% !!!
2026-01-05 21:49:43,288 [INFO   ] [32m!!! BUY SIGNAL on 2025-12-31 at $111.90 !!!
2026-01-05 21:49:43,289 [INFO   ] [32m!!! SELL: Retracement Stop (Max Up: 2.12%) | Profit: 1.06% !!!
2026-01-05 21:49:43,375 [INFO   ] [32m!!! BUY SIGNAL on 2026-01-05 at $110.96 !!!
2026-01-05 21:49:43,375 [INFO   ] 
============================================================
2026-01-05 21:49:43,376 [INFO   ] Total Trades: 4 | Win Rate: 100.00% | Avg P/L: 1.45%
2026-01-05 21:49:43,376 [INFO   ] [36mSimulated Account ($10k start): $10,594.64 (Total Return: 5.95%)
2026-01-05 21:49:43,388 [INFO   ] 
| entry_date          | exit_date           | match_name          | exit_reason                      |   profit_pct |
|:--------------------|:--------------------|:--------------------|:---------------------------------|-------------:|
| 2024-08-26 00:00:00 | 2024-08-27 00:00:00 | L_SHIB-USD_m30_ramp | Retracement Stop (Max Up: 2.99%) |      1.49496 |
| 2024-09-19 00:00:00 | 2024-09-30 00:00:00 | C_PTON_20200529_m15 | Time Stop (7 days)               |      1.73124 |
| 2024-10-10 00:00:00 | 2024-10-21 00:00:00 | L_AMC_m30_ramp      | Time Stop (7 days)               |      1.5342  |
| 2025-12-31 00:00:00 | 2026-01-02 00:00:00 | C_SOL_20210823_m10  | Retracement Stop (Max Up: 2.12%) |      1.05898 |
2026-01-05 21:49:43,388 [INFO   ] 
============================================================
2026-01-05 21:49:43,388 [INFO   ] [32m[1m--- [STRATEGY VERDICT: PROFITABLE] ---
2026-01-05 21:49:43,388 [INFO   ] ============================================================
2026-01-05 21:49:43,388 [INFO   ] [1m[32m
--- [LIVE STATUS] ---
2026-01-05 21:49:43,388 [INFO   ] The simulation finished while IN A TRADE.
2026-01-05 21:49:43,388 [INFO   ] Entry Date: 2026-01-05
2026-01-05 21:49:43,388 [INFO   ] Entry Price: $110.96
2026-01-05 21:49:43,388 [INFO   ] This is a potential LIVE BUY SIGNAL.
2026-01-05 21:49:43,388 [INFO   ] Renaming log file to indicate active trade...
