2026-01-05 16:54:50,515 [INFO   ] --- [Quick Strike Scanner v5.1 Started for NMRK] ---
2026-01-05 16:54:51,929 [INFO   ] Data loaded from fixed start date: 2020-01-01
2026-01-05 16:55:26,483 [INFO   ] [32m!!! BUY SIGNAL on 2021-10-14 at $14.33 !!!
2026-01-05 16:55:26,483 [INFO   ] [32m!!! SELL: Time Stop (7 days) | Profit: 0.27% !!!
2026-01-05 16:55:26,507 [INFO   ] [32m!!! BUY SIGNAL on 2025-12-31 at $17.34 !!!
2026-01-05 16:55:26,507 [INFO   ] 
============================================================
2026-01-05 16:55:26,507 [INFO   ] Total Trades: 1 | Win Rate: 100.00% | Avg P/L: 0.27%
2026-01-05 16:55:26,507 [INFO   ] [36mSimulated Account ($10k start): $10,026.67 (Total Return: 0.27%)
2026-01-05 16:55:26,513 [INFO   ] 
| entry_date          | exit_date           | match_name      | exit_reason        |   profit_pct |
|:--------------------|:--------------------|:----------------|:-------------------|-------------:|
| 2021-10-14 00:00:00 | 2021-10-25 00:00:00 | L_IYR_m120_ramp | Time Stop (7 days) |      0.26666 |
2026-01-05 16:55:26,513 [INFO   ] 
============================================================
2026-01-05 16:55:26,513 [INFO   ] [32m[1m--- [STRATEGY VERDICT: PROFITABLE] ---
2026-01-05 16:55:26,513 [INFO   ] ============================================================
2026-01-05 16:55:26,513 [INFO   ] [1m[32m
--- [LIVE STATUS] ---
2026-01-05 16:55:26,513 [INFO   ] The simulation finished while IN A TRADE.
2026-01-05 16:55:26,513 [INFO   ] Entry Date: 2025-12-31
2026-01-05 16:55:26,513 [INFO   ] Entry Price: $17.34
2026-01-05 16:55:26,513 [INFO   ] This is a potential LIVE BUY SIGNAL.
2026-01-05 16:55:26,513 [INFO   ] Renaming log file to indicate active trade...
