2026-01-06 00:14:34,191 [INFO   ] --- [Quick Strike Scanner v5.1 Started for UPST] ---
2026-01-06 00:14:35,252 [INFO   ] Data loaded from fixed start date: 2020-01-01
2026-01-06 00:15:09,126 [INFO   ] [32m!!! BUY SIGNAL on 2025-12-31 at $43.73 !!!
2026-01-06 00:15:09,126 [INFO   ] [32m!!! SELL: Retracement Stop (Max Up: 4.99%) | Profit: 2.49% !!!
2026-01-06 00:15:09,234 [INFO   ] [32m!!! BUY SIGNAL on 2026-01-05 at $50.70 !!!
2026-01-06 00:15:09,235 [INFO   ] 
============================================================
2026-01-06 00:15:09,235 [INFO   ] Total Trades: 1 | Win Rate: 100.00% | Avg P/L: 2.49%
2026-01-06 00:15:09,235 [INFO   ] [36mSimulated Account ($10k start): $10,249.26 (Total Return: 2.49%)
2026-01-06 00:15:09,241 [INFO   ] 
| entry_date          | exit_date           | match_name         | exit_reason                      |   profit_pct |
|:--------------------|:--------------------|:-------------------|:---------------------------------|-------------:|
| 2025-12-31 00:00:00 | 2026-01-02 00:00:00 | C_SOL_20210823_m10 | Retracement Stop (Max Up: 4.99%) |      2.49257 |
2026-01-06 00:15:09,241 [INFO   ] 
============================================================
2026-01-06 00:15:09,241 [INFO   ] [32m[1m--- [STRATEGY VERDICT: PROFITABLE] ---
2026-01-06 00:15:09,241 [INFO   ] ============================================================
2026-01-06 00:15:09,241 [INFO   ] [1m[32m
--- [LIVE STATUS] ---
2026-01-06 00:15:09,241 [INFO   ] The simulation finished while IN A TRADE.
2026-01-06 00:15:09,241 [INFO   ] Entry Date: 2026-01-05
2026-01-06 00:15:09,241 [INFO   ] Entry Price: $50.70
2026-01-06 00:15:09,241 [INFO   ] This is a potential LIVE BUY SIGNAL.
2026-01-06 00:15:09,241 [INFO   ] Renaming log file to indicate active trade...
