2026-01-05 04:50:37,326 [INFO   ] --- [Quick Strike Scanner v5.1 Started for BFLY] ---
2026-01-05 04:50:38,046 [INFO   ] Data loaded from fixed start date: 2020-01-01
2026-01-05 04:51:12,161 [INFO   ] [32m!!! BUY SIGNAL on 2023-02-08 at $2.80 !!!
2026-01-05 04:51:12,161 [INFO   ] [32m!!! SELL: Retracement Stop (Max Up: 3.39%) | Profit: 1.70% !!!
2026-01-05 04:51:12,219 [INFO   ] [32m!!! BUY SIGNAL on 2025-12-30 at $3.82 !!!
2026-01-05 04:51:12,219 [INFO   ] [32m!!! SELL: Retracement Stop (Max Up: 4.06%) | Profit: 2.03% !!!
2026-01-05 04:51:12,270 [INFO   ] [32m!!! BUY SIGNAL on 2026-01-02 at $3.75 !!!
2026-01-05 04:51:12,270 [INFO   ] 
============================================================
2026-01-05 04:51:12,270 [INFO   ] Total Trades: 2 | Win Rate: 100.00% | Avg P/L: 1.86%
2026-01-05 04:51:12,270 [INFO   ] [36mSimulated Account ($10k start): $10,375.96 (Total Return: 3.76%)
2026-01-05 04:51:12,276 [INFO   ] 
| entry_date          | exit_date           | match_name      | exit_reason                      |   profit_pct |
|:--------------------|:--------------------|:----------------|:---------------------------------|-------------:|
| 2023-02-08 00:00:00 | 2023-02-09 00:00:00 | L_IYR_m120_ramp | Retracement Stop (Max Up: 3.39%) |      1.69643 |
| 2025-12-30 00:00:00 | 2025-12-31 00:00:00 | L_CSCO_m90_ramp | Retracement Stop (Max Up: 4.06%) |      2.0288  |
2026-01-05 04:51:12,276 [INFO   ] 
============================================================
2026-01-05 04:51:12,276 [INFO   ] [32m[1m--- [STRATEGY VERDICT: PROFITABLE] ---
2026-01-05 04:51:12,276 [INFO   ] ============================================================
2026-01-05 04:51:12,276 [INFO   ] [1m[32m
--- [LIVE STATUS] ---
2026-01-05 04:51:12,276 [INFO   ] The simulation finished while IN A TRADE.
2026-01-05 04:51:12,276 [INFO   ] Entry Date: 2026-01-02
2026-01-05 04:51:12,277 [INFO   ] Entry Price: $3.75
2026-01-05 04:51:12,277 [INFO   ] This is a potential LIVE BUY SIGNAL.
2026-01-05 04:51:12,277 [INFO   ] Renaming log file to indicate active trade...
