2026-01-05 15:18:04,374 [INFO   ] --- [Quick Strike Scanner v5.1 Started for MAR] ---
2026-01-05 15:18:05,770 [INFO   ] Data loaded from fixed start date: 2020-01-01
2026-01-05 15:18:39,475 [INFO   ] [32m!!! BUY SIGNAL on 2025-06-05 at $258.54 !!!
2026-01-05 15:18:39,476 [INFO   ] [32m!!! SELL: Retracement Stop (Max Up: 2.40%) | Profit: 1.20% !!!
2026-01-05 15:18:39,558 [INFO   ] [32m!!! BUY SIGNAL on 2025-12-30 at $313.94 !!!
2026-01-05 15:18:39,558 [INFO   ] 
============================================================
2026-01-05 15:18:39,558 [INFO   ] Total Trades: 1 | Win Rate: 100.00% | Avg P/L: 1.20%
2026-01-05 15:18:39,558 [INFO   ] [36mSimulated Account ($10k start): $10,120.09 (Total Return: 1.20%)
2026-01-05 15:18:39,565 [INFO   ] 
| entry_date          | exit_date           | match_name         | exit_reason                      |   profit_pct |
|:--------------------|:--------------------|:-------------------|:---------------------------------|-------------:|
| 2025-06-05 00:00:00 | 2025-06-06 00:00:00 | C_SOL_20210823_m10 | Retracement Stop (Max Up: 2.40%) |      1.20087 |
2026-01-05 15:18:39,565 [INFO   ] 
============================================================
2026-01-05 15:18:39,565 [INFO   ] [32m[1m--- [STRATEGY VERDICT: PROFITABLE] ---
2026-01-05 15:18:39,565 [INFO   ] ============================================================
2026-01-05 15:18:39,565 [INFO   ] [1m[32m
--- [LIVE STATUS] ---
2026-01-05 15:18:39,565 [INFO   ] The simulation finished while IN A TRADE.
2026-01-05 15:18:39,565 [INFO   ] Entry Date: 2025-12-30
2026-01-05 15:18:39,565 [INFO   ] Entry Price: $313.94
2026-01-05 15:18:39,565 [INFO   ] This is a potential LIVE BUY SIGNAL.
2026-01-05 15:18:39,565 [INFO   ] Renaming log file to indicate active trade...
