2026-01-06 00:00:24,444 [INFO   ] --- [Quick Strike Scanner v5.1 Started for TXT] ---
2026-01-06 00:00:26,052 [INFO   ] Data loaded from fixed start date: 2020-01-01
2026-01-06 00:01:00,617 [INFO   ] [32m!!! BUY SIGNAL on 2022-12-06 at $73.33 !!!
2026-01-06 00:01:00,617 [INFO   ] [31m!!! SELL: Stop Loss (-5.0%) | Profit: -5.00% !!!
2026-01-06 00:01:00,650 [INFO   ] [32m!!! BUY SIGNAL on 2026-01-05 at $89.00 !!!
2026-01-06 00:01:00,650 [INFO   ] 
============================================================
2026-01-06 00:01:00,650 [INFO   ] Total Trades: 1 | Win Rate: 0.00% | Avg P/L: -5.00%
2026-01-06 00:01:00,650 [INFO   ] [36mSimulated Account ($10k start): $9,500.00 (Total Return: -5.00%)
2026-01-06 00:01:00,656 [INFO   ] 
| entry_date          | exit_date           | match_name      | exit_reason       |   profit_pct |
|:--------------------|:--------------------|:----------------|:------------------|-------------:|
| 2022-12-06 00:00:00 | 2022-12-15 00:00:00 | L_CSCO_m90_ramp | Stop Loss (-5.0%) |           -5 |
2026-01-06 00:01:00,656 [INFO   ] 
============================================================
2026-01-06 00:01:00,656 [INFO   ] [31m[1m--- [STRATEGY VERDICT: BLACK SHEEP] ---
2026-01-06 00:01:00,656 [INFO   ] ============================================================
2026-01-06 00:01:00,656 [INFO   ] [1m[32m
--- [LIVE STATUS] ---
2026-01-06 00:01:00,657 [INFO   ] The simulation finished while IN A TRADE.
2026-01-06 00:01:00,657 [INFO   ] Entry Date: 2026-01-05
2026-01-06 00:01:00,657 [INFO   ] Entry Price: $89.00
2026-01-06 00:01:00,657 [INFO   ] This is a potential LIVE BUY SIGNAL.
2026-01-06 00:01:00,657 [INFO   ] Renaming log file to indicate active trade...
