2026-01-05 15:46:09,822 [INFO   ] --- [Quick Strike Scanner v5.1 Started for MKSI] ---
2026-01-05 15:46:11,352 [INFO   ] Data loaded from fixed start date: 2020-01-01
2026-01-05 15:46:44,631 [INFO   ] [32m!!! BUY SIGNAL on 2025-12-31 at $159.80 !!!
2026-01-05 15:46:44,631 [INFO   ] [32m!!! SELL: Retracement Stop (Max Up: 6.10%) | Profit: 3.05% !!!
2026-01-05 15:46:44,681 [INFO   ] [32m!!! BUY SIGNAL on 2026-01-05 at $175.07 !!!
2026-01-05 15:46:44,681 [INFO   ] 
============================================================
2026-01-05 15:46:44,681 [INFO   ] Total Trades: 1 | Win Rate: 100.00% | Avg P/L: 3.05%
2026-01-05 15:46:44,681 [INFO   ] [36mSimulated Account ($10k start): $10,304.76 (Total Return: 3.05%)
2026-01-05 15:46:44,688 [INFO   ] 
| entry_date          | exit_date           | match_name      | exit_reason                      |   profit_pct |
|:--------------------|:--------------------|:----------------|:---------------------------------|-------------:|
| 2025-12-31 00:00:00 | 2026-01-02 00:00:00 | L_CSCO_m90_ramp | Retracement Stop (Max Up: 6.10%) |      3.04756 |
2026-01-05 15:46:44,688 [INFO   ] 
============================================================
2026-01-05 15:46:44,688 [INFO   ] [32m[1m--- [STRATEGY VERDICT: PROFITABLE] ---
2026-01-05 15:46:44,688 [INFO   ] ============================================================
2026-01-05 15:46:44,688 [INFO   ] [1m[32m
--- [LIVE STATUS] ---
2026-01-05 15:46:44,688 [INFO   ] The simulation finished while IN A TRADE.
2026-01-05 15:46:44,688 [INFO   ] Entry Date: 2026-01-05
2026-01-05 15:46:44,688 [INFO   ] Entry Price: $175.07
2026-01-05 15:46:44,688 [INFO   ] This is a potential LIVE BUY SIGNAL.
2026-01-05 15:46:44,688 [INFO   ] Renaming log file to indicate active trade...
