2026-01-05 19:10:05,916 [INFO   ] --- [Quick Strike Scanner v5.1 Started for POET] ---
2026-01-05 19:10:06,575 [INFO   ] Data loaded from fixed start date: 2020-01-01
2026-01-05 19:10:40,172 [INFO   ] [32m!!! BUY SIGNAL on 2025-12-31 at $6.33 !!!
2026-01-05 19:10:40,173 [INFO   ] [32m!!! SELL: Retracement Stop (Max Up: 13.59%) | Profit: 6.79% !!!
2026-01-05 19:10:40,255 [INFO   ] [32m!!! BUY SIGNAL on 2026-01-05 at $7.45 !!!
2026-01-05 19:10:40,255 [INFO   ] 
============================================================
2026-01-05 19:10:40,255 [INFO   ] Total Trades: 1 | Win Rate: 100.00% | Avg P/L: 6.79%
2026-01-05 19:10:40,255 [INFO   ] [36mSimulated Account ($10k start): $10,679.31 (Total Return: 6.79%)
2026-01-05 19:10:40,261 [INFO   ] 
| entry_date          | exit_date           | match_name          | exit_reason                       |   profit_pct |
|:--------------------|:--------------------|:--------------------|:----------------------------------|-------------:|
| 2025-12-31 00:00:00 | 2026-01-02 00:00:00 | C_NVAX_20200427_m15 | Retracement Stop (Max Up: 13.59%) |      6.79305 |
2026-01-05 19:10:40,261 [INFO   ] 
============================================================
2026-01-05 19:10:40,261 [INFO   ] [32m[1m--- [STRATEGY VERDICT: PROFITABLE] ---
2026-01-05 19:10:40,262 [INFO   ] ============================================================
2026-01-05 19:10:40,262 [INFO   ] [1m[32m
--- [LIVE STATUS] ---
2026-01-05 19:10:40,262 [INFO   ] The simulation finished while IN A TRADE.
2026-01-05 19:10:40,262 [INFO   ] Entry Date: 2026-01-05
2026-01-05 19:10:40,262 [INFO   ] Entry Price: $7.45
2026-01-05 19:10:40,262 [INFO   ] This is a potential LIVE BUY SIGNAL.
2026-01-05 19:10:40,262 [INFO   ] Renaming log file to indicate active trade...
