2026-01-05 22:15:51,242 [INFO   ] --- [Quick Strike Scanner v5.1 Started for SSP] ---
2026-01-05 22:15:53,209 [INFO   ] Data loaded from fixed start date: 2020-01-01
2026-01-05 22:16:27,388 [INFO   ] [32m!!! BUY SIGNAL on 2025-12-31 at $3.99 !!!
2026-01-05 22:16:27,389 [INFO   ] [32m!!! SELL: Break Even Stop | Profit: 0.00% !!!
2026-01-05 22:16:27,393 [INFO   ] [32m!!! BUY SIGNAL on 2026-01-05 at $4.05 !!!
2026-01-05 22:16:27,393 [INFO   ] 
============================================================
2026-01-05 22:16:27,393 [INFO   ] Total Trades: 1 | Win Rate: 0.00% | Avg P/L: 0.00%
2026-01-05 22:16:27,393 [INFO   ] [36mSimulated Account ($10k start): $10,000.00 (Total Return: 0.00%)
2026-01-05 22:16:27,398 [INFO   ] 
| entry_date          | exit_date           | match_name         | exit_reason     |   profit_pct |
|:--------------------|:--------------------|:-------------------|:----------------|-------------:|
| 2025-12-31 00:00:00 | 2026-01-02 00:00:00 | C_GME_20201109_m90 | Break Even Stop |            0 |
2026-01-05 22:16:27,398 [INFO   ] 
============================================================
2026-01-05 22:16:27,398 [INFO   ] [31m[1m--- [STRATEGY VERDICT: BLACK SHEEP] ---
2026-01-05 22:16:27,398 [INFO   ] ============================================================
2026-01-05 22:16:27,398 [INFO   ] [1m[32m
--- [LIVE STATUS] ---
2026-01-05 22:16:27,398 [INFO   ] The simulation finished while IN A TRADE.
2026-01-05 22:16:27,398 [INFO   ] Entry Date: 2026-01-05
2026-01-05 22:16:27,399 [INFO   ] Entry Price: $4.05
2026-01-05 22:16:27,399 [INFO   ] This is a potential LIVE BUY SIGNAL.
2026-01-05 22:16:27,399 [INFO   ] Renaming log file to indicate active trade...
