2026-01-05 22:52:07,114 [INFO   ] --- [Quick Strike Scanner v5.1 Started for TE] ---
2026-01-05 22:52:08,351 [INFO   ] Data loaded from fixed start date: 2020-01-01
2026-01-05 22:52:41,987 [INFO   ] [32m!!! BUY SIGNAL on 2025-12-31 at $6.68 !!!
2026-01-05 22:52:41,987 [INFO   ] [32m!!! SELL: Retracement Stop (Max Up: 21.56%) | Profit: 10.78% !!!
2026-01-05 22:52:42,034 [INFO   ] [32m!!! BUY SIGNAL on 2026-01-05 at $8.20 !!!
2026-01-05 22:52:42,034 [INFO   ] 
============================================================
2026-01-05 22:52:42,034 [INFO   ] Total Trades: 1 | Win Rate: 100.00% | Avg P/L: 10.78%
2026-01-05 22:52:42,034 [INFO   ] [36mSimulated Account ($10k start): $11,077.84 (Total Return: 10.78%)
2026-01-05 22:52:42,041 [INFO   ] 
| entry_date          | exit_date           | match_name      | exit_reason                       |   profit_pct |
|:--------------------|:--------------------|:----------------|:----------------------------------|-------------:|
| 2025-12-31 00:00:00 | 2026-01-02 00:00:00 | L_CSCO_m90_ramp | Retracement Stop (Max Up: 21.56%) |      10.7784 |
2026-01-05 22:52:42,041 [INFO   ] 
============================================================
2026-01-05 22:52:42,041 [INFO   ] [32m[1m--- [STRATEGY VERDICT: PROFITABLE] ---
2026-01-05 22:52:42,041 [INFO   ] ============================================================
2026-01-05 22:52:42,041 [INFO   ] [1m[32m
--- [LIVE STATUS] ---
2026-01-05 22:52:42,041 [INFO   ] The simulation finished while IN A TRADE.
2026-01-05 22:52:42,041 [INFO   ] Entry Date: 2026-01-05
2026-01-05 22:52:42,041 [INFO   ] Entry Price: $8.20
2026-01-05 22:52:42,041 [INFO   ] This is a potential LIVE BUY SIGNAL.
2026-01-05 22:52:42,041 [INFO   ] Renaming log file to indicate active trade...
