2026-01-05 15:12:52,539 [INFO   ] --- [Quick Strike Scanner v5.1 Started for LYG] ---
2026-01-05 15:12:54,018 [INFO   ] Data loaded from fixed start date: 2020-01-01
2026-01-05 15:13:28,298 [INFO   ] [32m!!! BUY SIGNAL on 2025-12-31 at $5.30 !!!
2026-01-05 15:13:28,298 [INFO   ] [32m!!! SELL: Retracement Stop (Max Up: 2.45%) | Profit: 1.23% !!!
2026-01-05 15:13:28,358 [INFO   ] [32m!!! BUY SIGNAL on 2026-01-05 at $5.40 !!!
2026-01-05 15:13:28,358 [INFO   ] 
============================================================
2026-01-05 15:13:28,358 [INFO   ] Total Trades: 1 | Win Rate: 100.00% | Avg P/L: 1.23%
2026-01-05 15:13:28,358 [INFO   ] [36mSimulated Account ($10k start): $10,122.64 (Total Return: 1.23%)
2026-01-05 15:13:28,366 [INFO   ] 
| entry_date          | exit_date           | match_name      | exit_reason                      |   profit_pct |
|:--------------------|:--------------------|:----------------|:---------------------------------|-------------:|
| 2025-12-31 00:00:00 | 2026-01-02 00:00:00 | L_CSCO_m90_ramp | Retracement Stop (Max Up: 2.45%) |      1.22641 |
2026-01-05 15:13:28,366 [INFO   ] 
============================================================
2026-01-05 15:13:28,366 [INFO   ] [32m[1m--- [STRATEGY VERDICT: PROFITABLE] ---
2026-01-05 15:13:28,366 [INFO   ] ============================================================
2026-01-05 15:13:28,367 [INFO   ] [1m[32m
--- [LIVE STATUS] ---
2026-01-05 15:13:28,367 [INFO   ] The simulation finished while IN A TRADE.
2026-01-05 15:13:28,367 [INFO   ] Entry Date: 2026-01-05
2026-01-05 15:13:28,367 [INFO   ] Entry Price: $5.40
2026-01-05 15:13:28,367 [INFO   ] This is a potential LIVE BUY SIGNAL.
2026-01-05 15:13:28,367 [INFO   ] Renaming log file to indicate active trade...
