2026-01-05 13:03:01,121 [INFO   ] --- [Quick Strike Scanner v5.1 Started for IMMP] ---
2026-01-05 13:03:01,648 [INFO   ] Data loaded from fixed start date: 2020-01-01
2026-01-05 13:03:36,058 [INFO   ] [32m!!! BUY SIGNAL on 2025-12-30 at $2.93 !!!
2026-01-05 13:03:36,059 [INFO   ] [32m!!! SELL: Retracement Stop (Max Up: 2.39%) | Profit: 1.19% !!!
2026-01-05 13:03:36,084 [INFO   ] [32m!!! BUY SIGNAL on 2026-01-02 at $2.95 !!!
2026-01-05 13:03:36,084 [INFO   ] 
============================================================
2026-01-05 13:03:36,084 [INFO   ] Total Trades: 1 | Win Rate: 100.00% | Avg P/L: 1.19%
2026-01-05 13:03:36,084 [INFO   ] [36mSimulated Account ($10k start): $10,119.45 (Total Return: 1.19%)
2026-01-05 13:03:36,089 [INFO   ] 
| entry_date          | exit_date           | match_name      | exit_reason                      |   profit_pct |
|:--------------------|:--------------------|:----------------|:---------------------------------|-------------:|
| 2025-12-30 00:00:00 | 2025-12-31 00:00:00 | L_IYR_m120_ramp | Retracement Stop (Max Up: 2.39%) |      1.19454 |
2026-01-05 13:03:36,090 [INFO   ] 
============================================================
2026-01-05 13:03:36,090 [INFO   ] [32m[1m--- [STRATEGY VERDICT: PROFITABLE] ---
2026-01-05 13:03:36,090 [INFO   ] ============================================================
2026-01-05 13:03:36,090 [INFO   ] [1m[32m
--- [LIVE STATUS] ---
2026-01-05 13:03:36,090 [INFO   ] The simulation finished while IN A TRADE.
2026-01-05 13:03:36,090 [INFO   ] Entry Date: 2026-01-02
2026-01-05 13:03:36,090 [INFO   ] Entry Price: $2.95
2026-01-05 13:03:36,090 [INFO   ] This is a potential LIVE BUY SIGNAL.
2026-01-05 13:03:36,090 [INFO   ] Renaming log file to indicate active trade...
