2026-01-05 20:11:52,854 [INFO   ] --- [Quick Strike Scanner v5.1 Started for REZI] ---
2026-01-05 20:11:53,461 [INFO   ] Data loaded from fixed start date: 2020-01-01
2026-01-05 20:12:27,401 [INFO   ] [32m!!! BUY SIGNAL on 2025-12-31 at $35.12 !!!
2026-01-05 20:12:27,402 [INFO   ] [32m!!! SELL: Break Even Stop | Profit: 0.00% !!!
2026-01-05 20:12:27,452 [INFO   ] [32m!!! BUY SIGNAL on 2026-01-05 at $36.43 !!!
2026-01-05 20:12:27,452 [INFO   ] 
============================================================
2026-01-05 20:12:27,452 [INFO   ] Total Trades: 1 | Win Rate: 0.00% | Avg P/L: 0.00%
2026-01-05 20:12:27,452 [INFO   ] [36mSimulated Account ($10k start): $10,000.00 (Total Return: 0.00%)
2026-01-05 20:12:27,458 [INFO   ] 
| entry_date          | exit_date           | match_name      | exit_reason     |   profit_pct |
|:--------------------|:--------------------|:----------------|:----------------|-------------:|
| 2025-12-31 00:00:00 | 2026-01-02 00:00:00 | L_CSCO_m90_ramp | Break Even Stop |            0 |
2026-01-05 20:12:27,458 [INFO   ] 
============================================================
2026-01-05 20:12:27,458 [INFO   ] [31m[1m--- [STRATEGY VERDICT: BLACK SHEEP] ---
2026-01-05 20:12:27,458 [INFO   ] ============================================================
2026-01-05 20:12:27,459 [INFO   ] [1m[32m
--- [LIVE STATUS] ---
2026-01-05 20:12:27,459 [INFO   ] The simulation finished while IN A TRADE.
2026-01-05 20:12:27,459 [INFO   ] Entry Date: 2026-01-05
2026-01-05 20:12:27,459 [INFO   ] Entry Price: $36.43
2026-01-05 20:12:27,459 [INFO   ] This is a potential LIVE BUY SIGNAL.
2026-01-05 20:12:27,459 [INFO   ] Renaming log file to indicate active trade...
