2026-01-06 02:16:27,110 [INFO   ] --- [Quick Strike Scanner v5.1 Started for ZURA] ---
2026-01-06 02:16:27,581 [INFO   ] Data loaded from fixed start date: 2020-01-01
2026-01-06 02:17:01,404 [INFO   ] [32m!!! BUY SIGNAL on 2024-06-04 at $4.46 !!!
2026-01-06 02:17:01,404 [INFO   ] [32m!!! SELL: Retracement Stop (Max Up: 8.30%) | Profit: 4.15% !!!
2026-01-06 02:17:01,530 [INFO   ] [32m!!! BUY SIGNAL on 2025-12-31 at $5.24 !!!
2026-01-06 02:17:01,531 [INFO   ] [32m!!! SELL: Retracement Stop (Max Up: 9.73%) | Profit: 4.87% !!!
2026-01-06 02:17:01,654 [INFO   ] [32m!!! BUY SIGNAL on 2026-01-05 at $4.80 !!!
2026-01-06 02:17:01,654 [INFO   ] 
============================================================
2026-01-06 02:17:01,654 [INFO   ] Total Trades: 2 | Win Rate: 100.00% | Avg P/L: 4.51%
2026-01-06 02:17:01,654 [INFO   ] [36mSimulated Account ($10k start): $10,921.63 (Total Return: 9.22%)
2026-01-06 02:17:01,660 [INFO   ] 
| entry_date          | exit_date           | match_name         | exit_reason                      |   profit_pct |
|:--------------------|:--------------------|:-------------------|:---------------------------------|-------------:|
| 2024-06-04 00:00:00 | 2024-06-05 00:00:00 | C_SOL_20210823_m10 | Retracement Stop (Max Up: 8.30%) |      4.14798 |
| 2025-12-31 00:00:00 | 2026-01-02 00:00:00 | C_ETH_20201209_m10 | Retracement Stop (Max Up: 9.73%) |      4.86641 |
2026-01-06 02:17:01,661 [INFO   ] 
============================================================
2026-01-06 02:17:01,661 [INFO   ] [32m[1m--- [STRATEGY VERDICT: PROFITABLE] ---
2026-01-06 02:17:01,661 [INFO   ] ============================================================
2026-01-06 02:17:01,661 [INFO   ] [1m[32m
--- [LIVE STATUS] ---
2026-01-06 02:17:01,661 [INFO   ] The simulation finished while IN A TRADE.
2026-01-06 02:17:01,661 [INFO   ] Entry Date: 2026-01-05
2026-01-06 02:17:01,661 [INFO   ] Entry Price: $4.80
2026-01-06 02:17:01,661 [INFO   ] This is a potential LIVE BUY SIGNAL.
2026-01-06 02:17:01,661 [INFO   ] Renaming log file to indicate active trade...
