2026-01-06 01:20:50,026 [INFO   ] --- [Quick Strike Scanner v5.1 Started for WFC] ---
2026-01-06 01:20:51,150 [INFO   ] Data loaded from fixed start date: 2020-01-01
2026-01-06 01:21:25,360 [INFO   ] [32m!!! BUY SIGNAL on 2025-12-31 at $93.20 !!!
2026-01-06 01:21:25,360 [INFO   ] [32m!!! SELL: Retracement Stop (Max Up: 2.31%) | Profit: 1.15% !!!
2026-01-06 01:21:25,410 [INFO   ] [32m!!! BUY SIGNAL on 2026-01-05 at $96.38 !!!
2026-01-06 01:21:25,410 [INFO   ] 
============================================================
2026-01-06 01:21:25,410 [INFO   ] Total Trades: 1 | Win Rate: 100.00% | Avg P/L: 1.15%
2026-01-06 01:21:25,410 [INFO   ] [36mSimulated Account ($10k start): $10,115.34 (Total Return: 1.15%)
2026-01-06 01:21:25,417 [INFO   ] 
| entry_date          | exit_date           | match_name      | exit_reason                      |   profit_pct |
|:--------------------|:--------------------|:----------------|:---------------------------------|-------------:|
| 2025-12-31 00:00:00 | 2026-01-02 00:00:00 | L_CSCO_m90_ramp | Retracement Stop (Max Up: 2.31%) |      1.15343 |
2026-01-06 01:21:25,417 [INFO   ] 
============================================================
2026-01-06 01:21:25,417 [INFO   ] [32m[1m--- [STRATEGY VERDICT: PROFITABLE] ---
2026-01-06 01:21:25,417 [INFO   ] ============================================================
2026-01-06 01:21:25,417 [INFO   ] [1m[32m
--- [LIVE STATUS] ---
2026-01-06 01:21:25,417 [INFO   ] The simulation finished while IN A TRADE.
2026-01-06 01:21:25,417 [INFO   ] Entry Date: 2026-01-05
2026-01-06 01:21:25,417 [INFO   ] Entry Price: $96.38
2026-01-06 01:21:25,417 [INFO   ] This is a potential LIVE BUY SIGNAL.
2026-01-06 01:21:25,417 [INFO   ] Renaming log file to indicate active trade...
