2026-01-05 14:53:30,341 [INFO   ] --- [Quick Strike Scanner v5.1 Started for LODE] ---
2026-01-05 14:53:31,061 [INFO   ] Data loaded from fixed start date: 2020-01-01
2026-01-05 14:54:03,864 [INFO   ] [32m!!! BUY SIGNAL on 2025-12-31 at $3.76 !!!
2026-01-05 14:54:03,864 [INFO   ] [32m!!! SELL: Retracement Stop (Max Up: 4.52%) | Profit: 2.26% !!!
2026-01-05 14:54:03,915 [INFO   ] [32m!!! BUY SIGNAL on 2026-01-05 at $4.03 !!!
2026-01-05 14:54:03,915 [INFO   ] 
============================================================
2026-01-05 14:54:03,915 [INFO   ] Total Trades: 1 | Win Rate: 100.00% | Avg P/L: 2.26%
2026-01-05 14:54:03,915 [INFO   ] [36mSimulated Account ($10k start): $10,226.06 (Total Return: 2.26%)
2026-01-05 14:54:03,921 [INFO   ] 
| entry_date          | exit_date           | match_name      | exit_reason                      |   profit_pct |
|:--------------------|:--------------------|:----------------|:---------------------------------|-------------:|
| 2025-12-31 00:00:00 | 2026-01-02 00:00:00 | L_IYR_m120_ramp | Retracement Stop (Max Up: 4.52%) |      2.26064 |
2026-01-05 14:54:03,921 [INFO   ] 
============================================================
2026-01-05 14:54:03,921 [INFO   ] [32m[1m--- [STRATEGY VERDICT: PROFITABLE] ---
2026-01-05 14:54:03,921 [INFO   ] ============================================================
2026-01-05 14:54:03,921 [INFO   ] [1m[32m
--- [LIVE STATUS] ---
2026-01-05 14:54:03,921 [INFO   ] The simulation finished while IN A TRADE.
2026-01-05 14:54:03,921 [INFO   ] Entry Date: 2026-01-05
2026-01-05 14:54:03,921 [INFO   ] Entry Price: $4.03
2026-01-05 14:54:03,921 [INFO   ] This is a potential LIVE BUY SIGNAL.
2026-01-05 14:54:03,921 [INFO   ] Renaming log file to indicate active trade...
