2026-01-05 04:50:37,491 [INFO   ] --- [Quick Strike Scanner v5.1 Started for BFLY] ---
2026-01-05 04:50:38,049 [INFO   ] Data loaded from fixed start date: 2020-01-01
2026-01-05 04:51:12,754 [INFO   ] [32m!!! BUY SIGNAL on 2023-08-03 at $2.45 !!!
2026-01-05 04:51:12,754 [INFO   ] [31m!!! SELL: Stop Loss (-5.0%) | Profit: -5.00% !!!
2026-01-05 04:51:12,791 [INFO   ] [32m!!! BUY SIGNAL on 2024-10-08 at $1.82 !!!
2026-01-05 04:51:12,791 [INFO   ] [32m!!! SELL: Retracement Stop (Max Up: 6.04%) | Profit: 3.02% !!!
2026-01-05 04:51:12,825 [INFO   ] [32m!!! BUY SIGNAL on 2024-11-26 at $3.16 !!!
2026-01-05 04:51:12,825 [INFO   ] [32m!!! SELL: Retracement Stop (Max Up: 6.33%) | Profit: 3.16% !!!
2026-01-05 04:51:12,861 [INFO   ] [32m!!! BUY SIGNAL on 2025-12-30 at $3.82 !!!
2026-01-05 04:51:12,861 [INFO   ] [32m!!! SELL: Retracement Stop (Max Up: 4.06%) | Profit: 2.03% !!!
2026-01-05 04:51:12,895 [INFO   ] [32m!!! BUY SIGNAL on 2026-01-02 at $3.75 !!!
2026-01-05 04:51:12,895 [INFO   ] 
============================================================
2026-01-05 04:51:12,895 [INFO   ] Total Trades: 4 | Win Rate: 75.00% | Avg P/L: 0.80%
2026-01-05 04:51:12,895 [INFO   ] [36mSimulated Account ($10k start): $10,301.65 (Total Return: 3.02%)
2026-01-05 04:51:12,901 [INFO   ] 
| entry_date          | exit_date           | match_name          | exit_reason                      |   profit_pct |
|:--------------------|:--------------------|:--------------------|:---------------------------------|-------------:|
| 2023-08-03 00:00:00 | 2023-08-04 00:00:00 | C_SOL_20210204_m60  | Stop Loss (-5.0%)                |     -5       |
| 2024-10-08 00:00:00 | 2024-10-09 00:00:00 | C_SOL_20210823_m10  | Retracement Stop (Max Up: 6.04%) |      3.02198 |
| 2024-11-26 00:00:00 | 2024-11-27 00:00:00 | C_PTON_20200529_m15 | Retracement Stop (Max Up: 6.33%) |      3.16455 |
| 2025-12-30 00:00:00 | 2025-12-31 00:00:00 | L_AMC_m30_ramp      | Retracement Stop (Max Up: 4.06%) |      2.0288  |
2026-01-05 04:51:12,901 [INFO   ] 
============================================================
2026-01-05 04:51:12,901 [INFO   ] [32m[1m--- [STRATEGY VERDICT: PROFITABLE] ---
2026-01-05 04:51:12,901 [INFO   ] ============================================================
2026-01-05 04:51:12,901 [INFO   ] [1m[32m
--- [LIVE STATUS] ---
2026-01-05 04:51:12,901 [INFO   ] The simulation finished while IN A TRADE.
2026-01-05 04:51:12,901 [INFO   ] Entry Date: 2026-01-02
2026-01-05 04:51:12,901 [INFO   ] Entry Price: $3.75
2026-01-05 04:51:12,901 [INFO   ] This is a potential LIVE BUY SIGNAL.
2026-01-05 04:51:12,901 [INFO   ] Renaming log file to indicate active trade...
