2026-01-05 19:00:30,235 [INFO   ] --- [Quick Strike Scanner v5.1 Started for PLG] ---
2026-01-05 19:00:31,790 [INFO   ] Data loaded from fixed start date: 2020-01-01
2026-01-05 19:01:04,428 [INFO   ] [32m!!! BUY SIGNAL on 2025-12-31 at $2.36 !!!
2026-01-05 19:01:04,428 [INFO   ] [32m!!! SELL: Retracement Stop (Max Up: 5.08%) | Profit: 2.54% !!!
2026-01-05 19:01:04,584 [INFO   ] [32m!!! BUY SIGNAL on 2026-01-05 at $2.54 !!!
2026-01-05 19:01:04,584 [INFO   ] 
============================================================
2026-01-05 19:01:04,585 [INFO   ] Total Trades: 1 | Win Rate: 100.00% | Avg P/L: 2.54%
2026-01-05 19:01:04,585 [INFO   ] [36mSimulated Account ($10k start): $10,254.24 (Total Return: 2.54%)
2026-01-05 19:01:04,597 [INFO   ] 
| entry_date          | exit_date           | match_name         | exit_reason                      |   profit_pct |
|:--------------------|:--------------------|:-------------------|:---------------------------------|-------------:|
| 2025-12-31 00:00:00 | 2026-01-02 00:00:00 | C_SOL_20210823_m10 | Retracement Stop (Max Up: 5.08%) |      2.54238 |
2026-01-05 19:01:04,597 [INFO   ] 
============================================================
2026-01-05 19:01:04,597 [INFO   ] [32m[1m--- [STRATEGY VERDICT: PROFITABLE] ---
2026-01-05 19:01:04,597 [INFO   ] ============================================================
2026-01-05 19:01:04,597 [INFO   ] [1m[32m
--- [LIVE STATUS] ---
2026-01-05 19:01:04,597 [INFO   ] The simulation finished while IN A TRADE.
2026-01-05 19:01:04,597 [INFO   ] Entry Date: 2026-01-05
2026-01-05 19:01:04,597 [INFO   ] Entry Price: $2.54
2026-01-05 19:01:04,597 [INFO   ] This is a potential LIVE BUY SIGNAL.
2026-01-05 19:01:04,597 [INFO   ] Renaming log file to indicate active trade...
