2026-01-06 00:10:43,785 [INFO   ] --- [Quick Strike Scanner v5.1 Started for UMAC] ---
2026-01-06 00:10:44,787 [INFO   ] Data loaded from fixed start date: 2020-01-01
2026-01-06 00:11:18,839 [INFO   ] [32m!!! BUY SIGNAL on 2025-12-31 at $12.74 !!!
2026-01-06 00:11:18,839 [INFO   ] [32m!!! SELL: Retracement Stop (Max Up: 7.26%) | Profit: 3.63% !!!
2026-01-06 00:11:18,903 [INFO   ] [32m!!! BUY SIGNAL on 2026-01-05 at $15.50 !!!
2026-01-06 00:11:18,904 [INFO   ] 
============================================================
2026-01-06 00:11:18,904 [INFO   ] Total Trades: 1 | Win Rate: 100.00% | Avg P/L: 3.63%
2026-01-06 00:11:18,904 [INFO   ] [36mSimulated Account ($10k start): $10,363.03 (Total Return: 3.63%)
2026-01-06 00:11:18,915 [INFO   ] 
| entry_date          | exit_date           | match_name      | exit_reason                      |   profit_pct |
|:--------------------|:--------------------|:----------------|:---------------------------------|-------------:|
| 2025-12-31 00:00:00 | 2026-01-02 00:00:00 | L_IYR_m120_ramp | Retracement Stop (Max Up: 7.26%) |       3.6303 |
2026-01-06 00:11:18,916 [INFO   ] 
============================================================
2026-01-06 00:11:18,916 [INFO   ] [32m[1m--- [STRATEGY VERDICT: PROFITABLE] ---
2026-01-06 00:11:18,916 [INFO   ] ============================================================
2026-01-06 00:11:18,916 [INFO   ] [1m[32m
--- [LIVE STATUS] ---
2026-01-06 00:11:18,916 [INFO   ] The simulation finished while IN A TRADE.
2026-01-06 00:11:18,916 [INFO   ] Entry Date: 2026-01-05
2026-01-06 00:11:18,916 [INFO   ] Entry Price: $15.50
2026-01-06 00:11:18,916 [INFO   ] This is a potential LIVE BUY SIGNAL.
2026-01-06 00:11:18,916 [INFO   ] Renaming log file to indicate active trade...
