2026-01-05 04:35:30,541 [INFO   ] --- [Quick Strike Scanner v5.1 Started for BBIO] ---
2026-01-05 04:35:31,209 [INFO   ] Data loaded from fixed start date: 2020-01-01
2026-01-05 04:36:05,589 [INFO   ] [32m!!! BUY SIGNAL on 2025-12-30 at $75.48 !!!
2026-01-05 04:36:05,589 [INFO   ] [32m!!! SELL: Retracement Stop (Max Up: 2.38%) | Profit: 1.19% !!!
2026-01-05 04:36:05,639 [INFO   ] [32m!!! BUY SIGNAL on 2026-01-02 at $78.24 !!!
2026-01-05 04:36:05,639 [INFO   ] 
============================================================
2026-01-05 04:36:05,639 [INFO   ] Total Trades: 1 | Win Rate: 100.00% | Avg P/L: 1.19%
2026-01-05 04:36:05,639 [INFO   ] [36mSimulated Account ($10k start): $10,119.24 (Total Return: 1.19%)
2026-01-05 04:36:05,645 [INFO   ] 
| entry_date          | exit_date           | match_name      | exit_reason                      |   profit_pct |
|:--------------------|:--------------------|:----------------|:---------------------------------|-------------:|
| 2025-12-30 00:00:00 | 2025-12-31 00:00:00 | L_CSCO_m90_ramp | Retracement Stop (Max Up: 2.38%) |      1.19237 |
2026-01-05 04:36:05,645 [INFO   ] 
============================================================
2026-01-05 04:36:05,646 [INFO   ] [32m[1m--- [STRATEGY VERDICT: PROFITABLE] ---
2026-01-05 04:36:05,646 [INFO   ] ============================================================
2026-01-05 04:36:05,646 [INFO   ] [1m[32m
--- [LIVE STATUS] ---
2026-01-05 04:36:05,646 [INFO   ] The simulation finished while IN A TRADE.
2026-01-05 04:36:05,646 [INFO   ] Entry Date: 2026-01-02
2026-01-05 04:36:05,646 [INFO   ] Entry Price: $78.24
2026-01-05 04:36:05,646 [INFO   ] This is a potential LIVE BUY SIGNAL.
2026-01-05 04:36:05,646 [INFO   ] Renaming log file to indicate active trade...
