2026-01-05 17:56:24,128 [INFO   ] --- [Quick Strike Scanner v5.1 Started for ONTO] ---
2026-01-05 17:56:24,650 [INFO   ] Data loaded from fixed start date: 2020-01-01
2026-01-05 17:56:58,542 [INFO   ] [32m!!! BUY SIGNAL on 2025-12-31 at $157.86 !!!
2026-01-05 17:56:58,543 [INFO   ] [32m!!! SELL: Retracement Stop (Max Up: 6.92%) | Profit: 3.46% !!!
2026-01-05 17:56:58,592 [INFO   ] [32m!!! BUY SIGNAL on 2026-01-05 at $177.38 !!!
2026-01-05 17:56:58,592 [INFO   ] 
============================================================
2026-01-05 17:56:58,592 [INFO   ] Total Trades: 1 | Win Rate: 100.00% | Avg P/L: 3.46%
2026-01-05 17:56:58,592 [INFO   ] [36mSimulated Account ($10k start): $10,346.19 (Total Return: 3.46%)
2026-01-05 17:56:58,598 [INFO   ] 
| entry_date          | exit_date           | match_name      | exit_reason                      |   profit_pct |
|:--------------------|:--------------------|:----------------|:---------------------------------|-------------:|
| 2025-12-31 00:00:00 | 2026-01-02 00:00:00 | L_CSCO_m90_ramp | Retracement Stop (Max Up: 6.92%) |      3.46193 |
2026-01-05 17:56:58,598 [INFO   ] 
============================================================
2026-01-05 17:56:58,598 [INFO   ] [32m[1m--- [STRATEGY VERDICT: PROFITABLE] ---
2026-01-05 17:56:58,598 [INFO   ] ============================================================
2026-01-05 17:56:58,598 [INFO   ] [1m[32m
--- [LIVE STATUS] ---
2026-01-05 17:56:58,598 [INFO   ] The simulation finished while IN A TRADE.
2026-01-05 17:56:58,598 [INFO   ] Entry Date: 2026-01-05
2026-01-05 17:56:58,598 [INFO   ] Entry Price: $177.38
2026-01-05 17:56:58,598 [INFO   ] This is a potential LIVE BUY SIGNAL.
2026-01-05 17:56:58,599 [INFO   ] Renaming log file to indicate active trade...
